{"numFailedTestSuites":4,"numFailedTests":11,"numPassedTestSuites":174,"numPassedTests":1651,"numPendingTestSuites":0,"numPendingTests":0,"numRuntimeErrorTestSuites":1,"numTodoTests":0,"numTotalTestSuites":178,"numTotalTests":1662,"openHandles":[],"snapshot":{"added":0,"didUpdate":false,"failure":false,"filesAdded":0,"filesRemoved":0,"filesRemovedList":[],"filesUnmatched":0,"filesUpdated":0,"matched":0,"total":0,"unchecked":0,"uncheckedKeysByFile":[],"unmatched":0,"updated":0},"startTime":1766327940923,"success":false,"testResults":[{"assertionResults":[{"ancestorTitles":["RecommendationsTabs"],"duration":82,"failureDetails":[],"failureMessages":[],"fullName":"RecommendationsTabs renders default tab (highlights) content","invocations":1,"location":{"column":3,"line":87},"numPassingAsserts":1,"retryReasons":[],"status":"passed","title":"renders default tab (highlights) content"},{"ancestorTitles":["RecommendationsTabs"],"duration":13,"failureDetails":[],"failureMessages":[],"fullName":"RecommendationsTabs shows auth gate for favorites when user is not authenticated and navigates to login","invocations":1,"location":{"column":3,"line":93},"numPassingAsserts":2,"retryReasons":[],"status":"passed","title":"shows auth gate for favorites when user is not authenticated and navigates to login"},{"ancestorTitles":["RecommendationsTabs"],"duration":15,"failureDetails":[],"failureMessages":[],"fullName":"RecommendationsTabs shows empty favorites state when authenticated but favorites are empty","invocations":1,"location":{"column":3,"line":108},"numPassingAsserts":1,"retryReasons":[],"status":"passed","title":"shows empty favorites state when authenticated but favorites are empty"},{"ancestorTitles":["RecommendationsTabs"],"duration":29,"failureDetails":[],"failureMessages":[],"fullName":"RecommendationsTabs renders favorites list and clears favorites after confirmation","invocations":1,"location":{"column":3,"line":124},"numPassingAsserts":5,"retryReasons":[],"status":"passed","title":"renders favorites list and clears favorites after confirmation"},{"ancestorTitles":["RecommendationsTabs"],"duration":21,"failureDetails":[],"failureMessages":[],"fullName":"RecommendationsTabs collapses and expands and calls onVisibilityChange","invocations":1,"location":{"column":3,"line":162},"numPassingAsserts":3,"retryReasons":[],"status":"passed","title":"collapses and expands and calls onVisibilityChange"}],"endTime":1766327943808,"message":"","name":"/Users/juliasavran/Sites/metravel2/metravel2/__tests__/components/listTravel/RecommendationsTabs.test.tsx","startTime":1766327941404,"status":"passed","summary":""},{"assertionResults":[{"ancestorTitles":["ListTravel Integration Tests"],"duration":141,"failureDetails":[],"failureMessages":[],"fullName":"ListTravel Integration Tests renders export mode UI and allows selecting all items","invocations":1,"location":{"column":3,"line":306},"numPassingAsserts":1,"retryReasons":[],"status":"passed","title":"renders export mode UI and allows selecting all items"},{"ancestorTitles":["ListTravel Integration Tests"],"duration":271,"failureDetails":[],"failureMessages":[],"fullName":"ListTravel Integration Tests handles web delete confirm flow (confirm true calls DELETE, confirm false cancels)","invocations":1,"location":{"column":3,"line":335},"numPassingAsserts":5,"retryReasons":[],"status":"passed","title":"handles web delete confirm flow (confirm true calls DELETE, confirm false cancels)"},{"ancestorTitles":["ListTravel Integration Tests"],"duration":40,"failureDetails":[],"failureMessages":[],"fullName":"ListTravel Integration Tests displays search bar, filters, and travel cards correctly","invocations":1,"location":{"column":3,"line":380},"numPassingAsserts":3,"retryReasons":[],"status":"passed","title":"displays search bar, filters, and travel cards correctly"},{"ancestorTitles":["ListTravel Integration Tests"],"duration":97,"failureDetails":[],"failureMessages":[],"fullName":"ListTravel Integration Tests shows filters in sidebar on desktop","invocations":1,"location":{"column":3,"line":392},"numPassingAsserts":3,"retryReasons":[],"status":"passed","title":"shows filters in sidebar on desktop"},{"ancestorTitles":["ListTravel Integration Tests"],"duration":20,"failureDetails":[],"failureMessages":[],"fullName":"ListTravel Integration Tests hides sidebar filters on mobile","invocations":1,"location":{"column":3,"line":409},"numPassingAsserts":1,"retryReasons":[],"status":"passed","title":"hides sidebar filters on mobile"},{"ancestorTitles":["ListTravel Integration Tests"],"duration":16,"failureDetails":[],"failureMessages":[],"fullName":"ListTravel Integration Tests updates results count when filters change","invocations":1,"location":{"column":3,"line":435},"numPassingAsserts":3,"retryReasons":[],"status":"passed","title":"updates results count when filters change"},{"ancestorTitles":["ListTravel Integration Tests"],"duration":34,"failureDetails":[],"failureMessages":[],"fullName":"ListTravel Integration Tests handles search input correctly","invocations":1,"location":{"column":3,"line":473},"numPassingAsserts":2,"retryReasons":[],"status":"passed","title":"handles search input correctly"},{"ancestorTitles":["ListTravel Integration Tests"],"duration":26,"failureDetails":[],"failureMessages":[],"fullName":"ListTravel Integration Tests handles filter clearing correctly","invocations":1,"location":{"column":3,"line":499},"numPassingAsserts":1,"retryReasons":[],"status":"passed","title":"handles filter clearing correctly"},{"ancestorTitles":["ListTravel Integration Tests"],"duration":36,"failureDetails":[],"failureMessages":[],"fullName":"ListTravel Integration Tests handles responsive layout changes","invocations":1,"location":{"column":3,"line":520},"numPassingAsserts":2,"retryReasons":[],"status":"passed","title":"handles responsive layout changes"},{"ancestorTitles":["ListTravel Integration Tests"],"duration":18,"failureDetails":[],"failureMessages":[],"fullName":"ListTravel Integration Tests handles loading states correctly","invocations":1,"location":{"column":3,"line":558},"numPassingAsserts":1,"retryReasons":[],"status":"passed","title":"handles loading states correctly"},{"ancestorTitles":["ListTravel Integration Tests"],"duration":14,"failureDetails":[],"failureMessages":[],"fullName":"ListTravel Integration Tests handles error states correctly","invocations":1,"location":{"column":3,"line":591},"numPassingAsserts":2,"retryReasons":[],"status":"passed","title":"handles error states correctly"},{"ancestorTitles":["ListTravel Integration Tests"],"duration":15,"failureDetails":[],"failureMessages":[],"fullName":"ListTravel Integration Tests handles empty state correctly","invocations":1,"location":{"column":3,"line":616},"numPassingAsserts":2,"retryReasons":[],"status":"passed","title":"handles empty state correctly"}],"endTime":1766327945463,"message":"","name":"/Users/juliasavran/Sites/metravel2/metravel2/__tests__/components/listTravel/ListTravel.integration.test.tsx","startTime":1766327943862,"status":"passed","summary":""},{"assertionResults":[{"ancestorTitles":["Login Component","Email Validation"],"duration":129,"failureDetails":[],"failureMessages":[],"fullName":"Login Component Email Validation should show error for invalid email format","invocations":1,"location":{"column":5,"line":108},"numPassingAsserts":2,"retryReasons":[],"status":"passed","title":"should show error for invalid email format"},{"ancestorTitles":["Login Component","Email Validation"],"duration":76,"failureDetails":[],"failureMessages":[],"fullName":"Login Component Email Validation should accept valid email format","invocations":1,"location":{"column":5,"line":126},"numPassingAsserts":1,"retryReasons":[],"status":"passed","title":"should accept valid email format"},{"ancestorTitles":["Login Component","Email Validation"],"duration":68,"failureDetails":[],"failureMessages":[],"fullName":"Login Component Email Validation should trim email whitespace","invocations":1,"location":{"column":5,"line":142},"numPassingAsserts":1,"retryReasons":[],"status":"passed","title":"should trim email whitespace"},{"ancestorTitles":["Login Component","Password Validation"],"duration":59,"failureDetails":[],"failureMessages":[],"fullName":"Login Component Password Validation should show error for empty password","invocations":1,"location":{"column":5,"line":160},"numPassingAsserts":2,"retryReasons":[],"status":"passed","title":"should show error for empty password"},{"ancestorTitles":["Login Component","Password Validation"],"duration":61,"failureDetails":[],"failureMessages":[],"fullName":"Login Component Password Validation should accept non-empty password","invocations":1,"location":{"column":5,"line":178},"numPassingAsserts":1,"retryReasons":[],"status":"passed","title":"should accept non-empty password"},{"ancestorTitles":["Login Component","Login Flow"],"duration":64,"failureDetails":[],"failureMessages":[],"fullName":"Login Component Login Flow should call login with correct credentials","invocations":1,"location":{"column":5,"line":196},"numPassingAsserts":1,"retryReasons":[],"status":"passed","title":"should call login with correct credentials"},{"ancestorTitles":["Login Component","Login Flow"],"duration":58,"failureDetails":[],"failureMessages":[],"fullName":"Login Component Login Flow should show error message on failed login","invocations":1,"location":{"column":5,"line":212},"numPassingAsserts":1,"retryReasons":[],"status":"passed","title":"should show error message on failed login"},{"ancestorTitles":["Login Component","Login Flow"],"duration":60,"failureDetails":[],"failureMessages":[],"fullName":"Login Component Login Flow should show error message on login exception","invocations":1,"location":{"column":5,"line":228},"numPassingAsserts":1,"retryReasons":[],"status":"passed","title":"should show error message on login exception"},{"ancestorTitles":["Login Component","Login Flow"],"duration":60,"failureDetails":[],"failureMessages":[],"fullName":"Login Component Login Flow should show generic error message when exception has no message","invocations":1,"location":{"column":5,"line":244},"numPassingAsserts":1,"retryReasons":[],"status":"passed","title":"should show generic error message when exception has no message"},{"ancestorTitles":["Login Component","Login Flow"],"duration":7,"failureDetails":[],"failureMessages":[],"fullName":"Login Component Login Flow should disable button while loading","invocations":1,"location":{"column":5,"line":260},"numPassingAsserts":1,"retryReasons":[],"status":"passed","title":"should disable button while loading"},{"ancestorTitles":["Login Component","Password Reset Flow"],"duration":6,"failureDetails":[],"failureMessages":[],"fullName":"Login Component Password Reset Flow should show error for invalid email when resetting password","invocations":1,"location":{"column":5,"line":280},"numPassingAsserts":2,"retryReasons":[],"status":"passed","title":"should show error for invalid email when resetting password"},{"ancestorTitles":["Login Component","Password Reset Flow"],"duration":6,"failureDetails":[],"failureMessages":[],"fullName":"Login Component Password Reset Flow should call sendPassword with trimmed email","invocations":1,"location":{"column":5,"line":295},"numPassingAsserts":1,"retryReasons":[],"status":"passed","title":"should call sendPassword with trimmed email"},{"ancestorTitles":["Login Component","Password Reset Flow"],"duration":56,"failureDetails":[],"failureMessages":[],"fullName":"Login Component Password Reset Flow should show success message on successful password reset","invocations":1,"location":{"column":5,"line":308},"numPassingAsserts":1,"retryReasons":[],"status":"passed","title":"should show success message on successful password reset"},{"ancestorTitles":["Login Component","Password Reset Flow"],"duration":56,"failureDetails":[],"failureMessages":[],"fullName":"Login Component Password Reset Flow should show error message when password reset fails","invocations":1,"location":{"column":5,"line":321},"numPassingAsserts":1,"retryReasons":[],"status":"passed","title":"should show error message when password reset fails"},{"ancestorTitles":["Login Component","Password Reset Flow"],"duration":56,"failureDetails":[],"failureMessages":[],"fullName":"Login Component Password Reset Flow should show error message on password reset exception","invocations":1,"location":{"column":5,"line":334},"numPassingAsserts":1,"retryReasons":[],"status":"passed","title":"should show error message on password reset exception"},{"ancestorTitles":["Login Component","Password Reset Flow"],"duration":56,"failureDetails":[],"failureMessages":[],"fullName":"Login Component Password Reset Flow should show generic error when password reset exception has no message","invocations":1,"location":{"column":5,"line":347},"numPassingAsserts":1,"retryReasons":[],"status":"passed","title":"should show generic error when password reset exception has no message"},{"ancestorTitles":["Login Component","Password Reset Flow"],"duration":9,"failureDetails":[],"failureMessages":[],"fullName":"Login Component Password Reset Flow should disable reset button while loading","invocations":1,"location":{"column":5,"line":360},"numPassingAsserts":1,"retryReasons":[],"status":"passed","title":"should disable reset button while loading"},{"ancestorTitles":["Login Component","Input Handling"],"duration":4,"failureDetails":[],"failureMessages":[],"fullName":"Login Component Input Handling should update email input value","invocations":1,"location":{"column":5,"line":378},"numPassingAsserts":1,"retryReasons":[],"status":"passed","title":"should update email input value"},{"ancestorTitles":["Login Component","Input Handling"],"duration":7,"failureDetails":[],"failureMessages":[],"fullName":"Login Component Input Handling should update password input value","invocations":1,"location":{"column":5,"line":386},"numPassingAsserts":1,"retryReasons":[],"status":"passed","title":"should update password input value"},{"ancestorTitles":["Login Component","Input Handling"],"duration":3,"failureDetails":[],"failureMessages":[],"fullName":"Login Component Input Handling should focus password input when email input is submitted","invocations":1,"location":{"column":5,"line":394},"numPassingAsserts":1,"retryReasons":[],"status":"passed","title":"should focus password input when email input is submitted"},{"ancestorTitles":["Login Component","Input Handling"],"duration":59,"failureDetails":[],"failureMessages":[],"fullName":"Login Component Input Handling should submit login when password input is submitted","invocations":1,"location":{"column":5,"line":404},"numPassingAsserts":1,"retryReasons":[],"status":"passed","title":"should submit login when password input is submitted"},{"ancestorTitles":["Login Component","Edge Cases"],"duration":60,"failureDetails":[],"failureMessages":[],"fullName":"Login Component Edge Cases should handle email with multiple @ symbols","invocations":1,"location":{"column":5,"line":422},"numPassingAsserts":2,"retryReasons":[],"status":"passed","title":"should handle email with multiple @ symbols"},{"ancestorTitles":["Login Component","Edge Cases"],"duration":102,"failureDetails":[],"failureMessages":[],"fullName":"Login Component Edge Cases should handle email without domain","invocations":1,"location":{"column":5,"line":440},"numPassingAsserts":2,"retryReasons":[],"status":"passed","title":"should handle email without domain"},{"ancestorTitles":["Login Component","Edge Cases"],"duration":116,"failureDetails":[],"failureMessages":[],"fullName":"Login Component Edge Cases should handle email without @ symbol","invocations":1,"location":{"column":5,"line":458},"numPassingAsserts":2,"retryReasons":[],"status":"passed","title":"should handle email without @ symbol"},{"ancestorTitles":["Login Component","Edge Cases"],"duration":131,"failureDetails":[],"failureMessages":[],"fullName":"Login Component Edge Cases should handle very long email","invocations":1,"location":{"column":5,"line":476},"numPassingAsserts":1,"retryReasons":[],"status":"passed","title":"should handle very long email"},{"ancestorTitles":["Login Component","Edge Cases"],"duration":70,"failureDetails":[],"failureMessages":[],"fullName":"Login Component Edge Cases should handle special characters in email","invocations":1,"location":{"column":5,"line":493},"numPassingAsserts":1,"retryReasons":[],"status":"passed","title":"should handle special characters in email"}],"endTime":1766327947988,"message":"","name":"/Users/juliasavran/Sites/metravel2/metravel2/__tests__/components/login.test.tsx","startTime":1766327945590,"status":"passed","summary":""},{"assertionResults":[{"ancestorTitles":["CustomHeader","Desktop navigation"],"duration":9,"failureDetails":[],"failureMessages":[],"fullName":"CustomHeader Desktop navigation renders desktop navigation by default","invocations":1,"location":{"column":9,"line":126},"numPassingAsserts":1,"retryReasons":[],"status":"passed","title":"renders desktop navigation by default"},{"ancestorTitles":["CustomHeader","Desktop navigation"],"duration":5,"failureDetails":[],"failureMessages":[],"fullName":"CustomHeader Desktop navigation shows navigation items on desktop","invocations":1,"location":{"column":9,"line":132},"numPassingAsserts":6,"retryReasons":[],"status":"passed","title":"shows navigation items on desktop"},{"ancestorTitles":["CustomHeader","Desktop navigation"],"duration":4,"failureDetails":[],"failureMessages":[],"fullName":"CustomHeader Desktop navigation highlights active navigation item","invocations":1,"location":{"column":9,"line":144},"numPassingAsserts":1,"retryReasons":[],"status":"passed","title":"highlights active navigation item"},{"ancestorTitles":["CustomHeader","Desktop navigation"],"duration":4,"failureDetails":[],"failureMessages":[],"fullName":"CustomHeader Desktop navigation navigates when navigation item is pressed","invocations":1,"location":{"column":9,"line":152},"numPassingAsserts":1,"retryReasons":[],"status":"passed","title":"navigates when navigation item is pressed"},{"ancestorTitles":["CustomHeader","Desktop navigation"],"duration":4,"failureDetails":[],"failureMessages":[],"fullName":"CustomHeader Desktop navigation redirects guest to login when create is pressed","invocations":1,"location":{"column":9,"line":162},"numPassingAsserts":1,"retryReasons":[],"status":"passed","title":"redirects guest to login when create is pressed"},{"ancestorTitles":["CustomHeader","Desktop navigation"],"duration":39,"failureDetails":[],"failureMessages":[],"fullName":"CustomHeader Desktop navigation correctly identifies active path for nested routes","invocations":1,"location":{"column":9,"line":173},"numPassingAsserts":1,"retryReasons":[],"status":"passed","title":"correctly identifies active path for nested routes"},{"ancestorTitles":["CustomHeader","Desktop navigation"],"duration":3,"failureDetails":[],"failureMessages":[],"fullName":"CustomHeader Desktop navigation correctly identifies active path for quest routes","invocations":1,"location":{"column":9,"line":181},"numPassingAsserts":1,"retryReasons":[],"status":"passed","title":"correctly identifies active path for quest routes"},{"ancestorTitles":["CustomHeader","Desktop navigation"],"duration":2,"failureDetails":[],"failureMessages":[],"fullName":"CustomHeader Desktop navigation does not render mobile burger button on desktop","invocations":1,"location":{"column":9,"line":189},"numPassingAsserts":1,"retryReasons":[],"status":"passed","title":"does not render mobile burger button on desktop"},{"ancestorTitles":["CustomHeader","Mobile menu modal"],"duration":6,"failureDetails":[],"failureMessages":[],"fullName":"CustomHeader Mobile menu modal opens and closes mobile menu modal","invocations":1,"location":{"column":9,"line":219},"numPassingAsserts":2,"retryReasons":[],"status":"passed","title":"opens and closes mobile menu modal"},{"ancestorTitles":["CustomHeader","Mobile menu modal"],"duration":7,"failureDetails":[],"failureMessages":[],"fullName":"CustomHeader Mobile menu modal closes when overlay is pressed","invocations":1,"location":{"column":9,"line":232},"numPassingAsserts":2,"retryReasons":[],"status":"passed","title":"closes when overlay is pressed"},{"ancestorTitles":["CustomHeader","Mobile menu modal"],"duration":6,"failureDetails":[],"failureMessages":[],"fullName":"CustomHeader Mobile menu modal shows navigation and documents sections in mobile modal","invocations":1,"location":{"column":9,"line":243},"numPassingAsserts":5,"retryReasons":[],"status":"passed","title":"shows navigation and documents sections in mobile modal"}],"endTime":1766327949075,"message":"","name":"/Users/juliasavran/Sites/metravel2/metravel2/__tests__/components/CustomHeader.test.tsx","startTime":1766327948059,"status":"passed","summary":""},{"assertionResults":[{"ancestorTitles":["TravelWizardStepMedia"],"duration":13,"failureDetails":[],"failureMessages":[],"fullName":"TravelWizardStepMedia shows cover uploader when travel id exists","invocations":1,"location":{"column":3,"line":90},"numPassingAsserts":2,"retryReasons":[],"status":"passed","title":"shows cover uploader when travel id exists"},{"ancestorTitles":["TravelWizardStepMedia"],"duration":5,"failureDetails":[],"failureMessages":[],"fullName":"TravelWizardStepMedia shows cover instruction when travel is not yet saved (no id)","invocations":1,"location":{"column":3,"line":97},"numPassingAsserts":1,"retryReasons":[],"status":"passed","title":"shows cover instruction when travel is not yet saved (no id)"},{"ancestorTitles":["TravelWizardStepMedia"],"duration":6,"failureDetails":[],"failureMessages":[],"fullName":"TravelWizardStepMedia renders gallery with normalized images and correct collection","invocations":1,"location":{"column":3,"line":105},"numPassingAsserts":5,"retryReasons":[],"status":"passed","title":"renders gallery with normalized images and correct collection"}],"endTime":1766327949535,"message":"","name":"/Users/juliasavran/Sites/metravel2/metravel2/__tests__/components/travel/TravelWizardStepMedia.test.tsx","startTime":1766327949091,"status":"passed","summary":""},{"assertionResults":[{"ancestorTitles":["useListTravelData with infinite query"],"duration":56,"failureDetails":[],"failureMessages":[],"fullName":"useListTravelData with infinite query loads the first page on mount","invocations":1,"location":{"column":3,"line":94},"numPassingAsserts":3,"retryReasons":[],"status":"passed","title":"loads the first page on mount"},{"ancestorTitles":["useListTravelData with infinite query"],"duration":109,"failureDetails":[],"failureMessages":[],"fullName":"useListTravelData with infinite query fetches the next page when handleEndReached is called","invocations":1,"location":{"column":3,"line":110},"numPassingAsserts":3,"retryReasons":[],"status":"passed","title":"fetches the next page when handleEndReached is called"},{"ancestorTitles":["useListTravelData with infinite query"],"duration":107,"failureDetails":[],"failureMessages":[],"fullName":"useListTravelData with infinite query refetches when query params change","invocations":1,"location":{"column":3,"line":136},"numPassingAsserts":3,"retryReasons":[],"status":"passed","title":"refetches when query params change"},{"ancestorTitles":["useListTravelData with infinite query"],"duration":55,"failureDetails":[],"failureMessages":[],"fullName":"useListTravelData with infinite query sets isEmpty when enabled and no items returned","invocations":1,"location":{"column":3,"line":160},"numPassingAsserts":3,"retryReasons":[],"status":"passed","title":"sets isEmpty when enabled and no items returned"},{"ancestorTitles":["useListTravelData with infinite query"],"duration":58,"failureDetails":[],"failureMessages":[],"fullName":"useListTravelData with infinite query handleRefresh invalidates query and refetches data","invocations":1,"location":{"column":3,"line":177},"numPassingAsserts":3,"retryReasons":[],"status":"passed","title":"handleRefresh invalidates query and refetches data"},{"ancestorTitles":["useListTravelData with infinite query"],"duration":55,"failureDetails":[],"failureMessages":[],"fullName":"useListTravelData with infinite query marks isError when fetchTravels rejects","invocations":1,"location":{"column":3,"line":207},"numPassingAsserts":2,"retryReasons":[],"status":"passed","title":"marks isError when fetchTravels rejects"},{"ancestorTitles":["useRandomTravelData"],"duration":56,"failureDetails":[],"failureMessages":[],"fullName":"useRandomTravelData loads the first random page on mount","invocations":1,"location":{"column":3,"line":251},"numPassingAsserts":3,"retryReasons":[],"status":"passed","title":"loads the first random page on mount"},{"ancestorTitles":["useRandomTravelData"],"duration":54,"failureDetails":[],"failureMessages":[],"fullName":"useRandomTravelData sets isEmpty when backend returns no random items","invocations":1,"location":{"column":3,"line":267},"numPassingAsserts":3,"retryReasons":[],"status":"passed","title":"sets isEmpty when backend returns no random items"}],"endTime":1766327950194,"message":"","name":"/Users/juliasavran/Sites/metravel2/metravel2/__tests__/components/listTravel/useListTravelData.test.tsx","startTime":1766327949550,"status":"passed","summary":""},{"assertionResults":[{"ancestorTitles":["Slider"],"duration":23,"failureDetails":[],"failureMessages":[],"fullName":"Slider keeps image in contain mode and hides loader after load","invocations":1,"location":{"column":3,"line":54},"numPassingAsserts":3,"retryReasons":[],"status":"passed","title":"keeps image in contain mode and hides loader after load"},{"ancestorTitles":["Slider"],"duration":7,"failureDetails":[],"failureMessages":[],"fullName":"Slider applies blurred background for both portrait and landscape images when blurBackground is enabled","invocations":1,"location":{"column":3,"line":68},"numPassingAsserts":2,"retryReasons":[],"status":"passed","title":"applies blurred background for both portrait and landscape images when blurBackground is enabled"},{"ancestorTitles":["Slider"],"duration":6,"failureDetails":[],"failureMessages":[],"fullName":"Slider shows placeholder when image fails to load","invocations":1,"location":{"column":3,"line":76},"numPassingAsserts":3,"retryReasons":[],"status":"passed","title":"shows placeholder when image fails to load"},{"ancestorTitles":["Slider"],"duration":13,"failureDetails":[],"failureMessages":[],"fullName":"Slider renders arrows on desktop when enabled and hides them on mobile when hideArrowsOnMobile is true","invocations":1,"location":{"column":3,"line":89},"numPassingAsserts":4,"retryReasons":[],"status":"passed","title":"renders arrows on desktop when enabled and hides them on mobile when hideArrowsOnMobile is true"},{"ancestorTitles":["Slider"],"duration":6,"failureDetails":[],"failureMessages":[],"fullName":"Slider uses flat background for web first slide while not loaded, then shows blur background after load","invocations":1,"location":{"column":3,"line":124},"numPassingAsserts":4,"retryReasons":[],"status":"passed","title":"uses flat background for web first slide while not loaded, then shows blur background after load"},{"ancestorTitles":["Slider"],"duration":6,"failureDetails":[],"failureMessages":[],"fullName":"Slider updates counter when navigating to the next slide via arrow","invocations":1,"location":{"column":3,"line":151},"numPassingAsserts":2,"retryReasons":[],"status":"passed","title":"updates counter when navigating to the next slide via arrow"}],"endTime":1766327950670,"message":"","name":"/Users/juliasavran/Sites/metravel2/metravel2/__tests__/components/travel/Slider.test.tsx","startTime":1766327950210,"status":"passed","summary":""},{"assertionResults":[{"ancestorTitles":["ShareButtons"],"duration":126,"failureDetails":[],"failureMessages":[],"fullName":"ShareButtons should render share buttons","invocations":1,"location":{"column":3,"line":76},"numPassingAsserts":1,"retryReasons":[],"status":"passed","title":"should render share buttons"},{"ancestorTitles":["ShareButtons"],"duration":3,"failureDetails":[],"failureMessages":[],"fullName":"ShareButtons should copy link to clipboard on web","invocations":1,"location":{"column":3,"line":82},"numPassingAsserts":0,"retryReasons":[],"status":"passed","title":"should copy link to clipboard on web"},{"ancestorTitles":["ShareButtons"],"duration":4,"failureDetails":[],"failureMessages":[],"fullName":"ShareButtons should copy link to clipboard on mobile","invocations":1,"location":{"column":3,"line":98},"numPassingAsserts":1,"retryReasons":[],"status":"passed","title":"should copy link to clipboard on mobile"},{"ancestorTitles":["ShareButtons"],"duration":54,"failureDetails":[],"failureMessages":[],"fullName":"ShareButtons should show alert on mobile after copying","invocations":1,"location":{"column":3,"line":112},"numPassingAsserts":1,"retryReasons":[],"status":"passed","title":"should show alert on mobile after copying"},{"ancestorTitles":["ShareButtons"],"duration":55,"failureDetails":[],"failureMessages":[],"fullName":"ShareButtons should open Telegram share on button press","invocations":1,"location":{"column":3,"line":124},"numPassingAsserts":1,"retryReasons":[],"status":"passed","title":"should open Telegram share on button press"},{"ancestorTitles":["ShareButtons"],"duration":8,"failureDetails":[],"failureMessages":[],"fullName":"ShareButtons should use custom URL when provided","invocations":1,"location":{"column":3,"line":137},"numPassingAsserts":1,"retryReasons":[],"status":"passed","title":"should use custom URL when provided"},{"ancestorTitles":["ShareButtons"],"duration":56,"failureDetails":[],"failureMessages":[],"fullName":"ShareButtons should handle share errors gracefully","invocations":1,"location":{"column":3,"line":148},"numPassingAsserts":1,"retryReasons":[],"status":"passed","title":"should handle share errors gracefully"},{"ancestorTitles":["ShareButtons"],"duration":8,"failureDetails":[],"failureMessages":[],"fullName":"ShareButtons should show copied state temporarily","invocations":1,"location":{"column":3,"line":162},"numPassingAsserts":2,"retryReasons":[],"status":"passed","title":"should show copied state temporarily"}],"endTime":1766327951253,"message":"","name":"/Users/juliasavran/Sites/metravel2/metravel2/__tests__/components/ShareButtons.test.tsx","startTime":1766327950678,"status":"passed","summary":""},{"assertionResults":[{"ancestorTitles":["ProfileScreen"],"duration":14,"failureDetails":[],"failureMessages":[],"fullName":"ProfileScreen shows EmptyState when user is not authenticated","invocations":1,"location":{"column":3,"line":84},"numPassingAsserts":2,"retryReasons":[],"status":"passed","title":"shows EmptyState when user is not authenticated"},{"ancestorTitles":["ProfileScreen"],"duration":58,"failureDetails":[],"failureMessages":[],"fullName":"ProfileScreen shows loader while stats are loading and then renders profile info","invocations":1,"location":{"column":3,"line":96},"numPassingAsserts":11,"retryReasons":[],"status":"passed","title":"shows loader while stats are loading and then renders profile info"},{"ancestorTitles":["ProfileScreen"],"duration":4,"failureDetails":[],"failureMessages":[],"fullName":"ProfileScreen navigates to login on EmptyState action when unauthenticated","invocations":1,"location":{"column":3,"line":126},"numPassingAsserts":1,"retryReasons":[],"status":"passed","title":"navigates to login on EmptyState action when unauthenticated"},{"ancestorTitles":["ProfileScreen"],"duration":106,"failureDetails":[],"failureMessages":[],"fullName":"ProfileScreen calls logout and navigates to login on logout button press","invocations":1,"location":{"column":3,"line":136},"numPassingAsserts":4,"retryReasons":[],"status":"passed","title":"calls logout and navigates to login on logout button press"},{"ancestorTitles":["ProfileScreen"],"duration":57,"failureDetails":[],"failureMessages":[],"fullName":"ProfileScreen navigates to correct screens from menu items","invocations":1,"location":{"column":3,"line":155},"numPassingAsserts":5,"retryReasons":[],"status":"passed","title":"navigates to correct screens from menu items"}],"endTime":1766327951693,"message":"","name":"/Users/juliasavran/Sites/metravel2/metravel2/__tests__/components/profile.test.tsx","startTime":1766327951274,"status":"passed","summary":""},{"assertionResults":[{"ancestorTitles":["useFocusTrap"],"duration":17,"failureDetails":[],"failureMessages":[],"fullName":"useFocusTrap cycles focus with Tab and Shift+Tab and restores focus on cleanup","invocations":1,"location":{"column":3,"line":40},"numPassingAsserts":4,"retryReasons":[],"status":"passed","title":"cycles focus with Tab and Shift+Tab and restores focus on cleanup"},{"ancestorTitles":["useFocusTrap"],"duration":3,"failureDetails":[],"failureMessages":[],"fullName":"useFocusTrap does nothing when disabled","invocations":1,"location":{"column":3,"line":61},"numPassingAsserts":1,"retryReasons":[],"status":"passed","title":"does nothing when disabled"}],"endTime":1766327951919,"message":"","name":"/Users/juliasavran/Sites/metravel2/metravel2/__tests__/hooks/useFocusTrap.test.tsx","startTime":1766327951712,"status":"passed","summary":""},{"assertionResults":[{"ancestorTitles":["ListTravel - Filter Management","Filter Reset"],"duration":51,"failureDetails":[],"failureMessages":[],"fullName":"ListTravel - Filter Management Filter Reset should clear accumulatedData when filters are reset","invocations":1,"location":{"column":9,"line":72},"numPassingAsserts":2,"retryReasons":[],"status":"passed","title":"should clear accumulatedData when filters are reset"},{"ancestorTitles":["ListTravel - Filter Management","Filter Reset"],"duration":4,"failureDetails":[],"failureMessages":[],"fullName":"ListTravel - Filter Management Filter Reset should normalize filter arrays to numbers","invocations":1,"location":{"column":9,"line":109},"numPassingAsserts":0,"retryReasons":[],"status":"passed","title":"should normalize filter arrays to numbers"},{"ancestorTitles":["ListTravel - Filter Management","Filter Reset"],"duration":5,"failureDetails":[],"failureMessages":[],"fullName":"ListTravel - Filter Management Filter Reset should exclude undefined values from queryParams","invocations":1,"location":{"column":9,"line":131},"numPassingAsserts":2,"retryReasons":[],"status":"passed","title":"should exclude undefined values from queryParams"},{"ancestorTitles":["ListTravel - Filter Management","Data Accumulation"],"duration":9,"failureDetails":[],"failureMessages":[],"fullName":"ListTravel - Filter Management Data Accumulation should replace data when currentPage is 0","invocations":1,"location":{"column":9,"line":151},"numPassingAsserts":1,"retryReasons":[],"status":"passed","title":"should replace data when currentPage is 0"},{"ancestorTitles":["ListTravel - Filter Management","Data Accumulation"],"duration":15,"failureDetails":[],"failureMessages":[],"fullName":"ListTravel - Filter Management Data Accumulation should append data when currentPage > 0","invocations":1,"location":{"column":9,"line":175},"numPassingAsserts":0,"retryReasons":[],"status":"passed","title":"should append data when currentPage > 0"},{"ancestorTitles":["ListTravel - Filter Management","Query Params Generation"],"duration":8,"failureDetails":[],"failureMessages":[],"fullName":"ListTravel - Filter Management Query Params Generation should include publish and moderation by default","invocations":1,"location":{"column":9,"line":197},"numPassingAsserts":1,"retryReasons":[],"status":"passed","title":"should include publish and moderation by default"},{"ancestorTitles":["ListTravel - Filter Management","Query Params Generation"],"duration":8,"failureDetails":[],"failureMessages":[],"fullName":"ListTravel - Filter Management Query Params Generation should exclude empty arrays from queryParams","invocations":1,"location":{"column":9,"line":217},"numPassingAsserts":0,"retryReasons":[],"status":"passed","title":"should exclude empty arrays from queryParams"},{"ancestorTitles":["ListTravel - Filter Management","UI states"],"duration":55,"failureDetails":[],"failureMessages":[],"fullName":"ListTravel - Filter Management UI states renders empty state when no travels are returned","invocations":1,"location":{"column":9,"line":239},"numPassingAsserts":1,"retryReasons":[],"status":"passed","title":"renders empty state when no travels are returned"},{"ancestorTitles":["ListTravel - Filter Management","UI states"],"duration":55,"failureDetails":[],"failureMessages":[],"fullName":"ListTravel - Filter Management UI states renders error state when request fails","invocations":1,"location":{"column":9,"line":249},"numPassingAsserts":1,"retryReasons":[],"status":"passed","title":"renders error state when request fails"}],"endTime":1766327952479,"message":"","name":"/Users/juliasavran/Sites/metravel2/metravel2/__tests__/components/listTravel/ListTravel.filter.test.tsx","startTime":1766327951927,"status":"passed","summary":""},{"assertionResults":[{"ancestorTitles":["api/misc"],"duration":5,"failureDetails":[],"failureMessages":[],"fullName":"api/misc saveFormData requires auth and propagates non-ok responses","invocations":1,"location":{"column":3,"line":78},"numPassingAsserts":2,"retryReasons":[],"status":"passed","title":"saveFormData requires auth and propagates non-ok responses"},{"ancestorTitles":["api/misc"],"duration":0,"failureDetails":[],"failureMessages":[],"fullName":"api/misc saveFormData returns parsed response on success","invocations":1,"location":{"column":3,"line":87},"numPassingAsserts":2,"retryReasons":[],"status":"passed","title":"saveFormData returns parsed response on success"},{"ancestorTitles":["api/misc"],"duration":1,"failureDetails":[],"failureMessages":[],"fullName":"api/misc uploadImage validates file and requires token","invocations":1,"location":{"column":3,"line":97},"numPassingAsserts":2,"retryReasons":[],"status":"passed","title":"uploadImage validates file and requires token"},{"ancestorTitles":["api/misc"],"duration":0,"failureDetails":[],"failureMessages":[],"fullName":"api/misc uploadImage posts to API and parses response","invocations":1,"location":{"column":3,"line":113},"numPassingAsserts":1,"retryReasons":[],"status":"passed","title":"uploadImage posts to API and parses response"},{"ancestorTitles":["api/misc"],"duration":0,"failureDetails":[],"failureMessages":[],"fullName":"api/misc uploadImage throws error text on non-200 responses","invocations":1,"location":{"column":3,"line":125},"numPassingAsserts":1,"retryReasons":[],"status":"passed","title":"uploadImage throws error text on non-200 responses"},{"ancestorTitles":["api/misc"],"duration":0,"failureDetails":[],"failureMessages":[],"fullName":"api/misc deleteImage enforces auth and success status","invocations":1,"location":{"column":3,"line":140},"numPassingAsserts":3,"retryReasons":[],"status":"passed","title":"deleteImage enforces auth and success status"},{"ancestorTitles":["api/misc"],"duration":1,"failureDetails":[],"failureMessages":[],"fullName":"api/misc fetchFilters and country/all fall back to empty on errors","invocations":1,"location":{"column":3,"line":152},"numPassingAsserts":4,"retryReasons":[],"status":"passed","title":"fetchFilters and country/all fall back to empty on errors"},{"ancestorTitles":["api/misc"],"duration":0,"failureDetails":[],"failureMessages":[],"fullName":"api/misc sendFeedback validates required fields and server errors","invocations":1,"location":{"column":3,"line":163},"numPassingAsserts":2,"retryReasons":[],"status":"passed","title":"sendFeedback validates required fields and server errors"},{"ancestorTitles":["api/misc"],"duration":0,"failureDetails":[],"failureMessages":[],"fullName":"api/misc sendFeedback prefers field-specific validation errors when present","invocations":1,"location":{"column":3,"line":172},"numPassingAsserts":1,"retryReasons":[],"status":"passed","title":"sendFeedback prefers field-specific validation errors when present"},{"ancestorTitles":["api/misc"],"duration":1,"failureDetails":[],"failureMessages":[],"fullName":"api/misc sendAIMessage validates input and handles success","invocations":1,"location":{"column":3,"line":180},"numPassingAsserts":2,"retryReasons":[],"status":"passed","title":"sendAIMessage validates input and handles success"},{"ancestorTitles":["api/misc"],"duration":2,"failureDetails":[],"failureMessages":[],"fullName":"api/misc sendAIMessage throws when server responds non-ok","invocations":1,"location":{"column":3,"line":192},"numPassingAsserts":1,"retryReasons":[],"status":"passed","title":"sendAIMessage throws when server responds non-ok"}],"endTime":1766327952623,"message":"","name":"/Users/juliasavran/Sites/metravel2/metravel2/__tests__/api/misc.behavior.test.ts","startTime":1766327952505,"status":"passed","summary":""},{"assertionResults":[{"ancestorTitles":["Map Component - Platform Specific","iOS Platform"],"duration":31,"failureDetails":[],"failureMessages":[],"fullName":"Map Component - Platform Specific iOS Platform should render Map component on iOS","invocations":1,"location":{"column":5,"line":110},"numPassingAsserts":1,"retryReasons":[],"status":"passed","title":"should render Map component on iOS"},{"ancestorTitles":["Map Component - Platform Specific","iOS Platform"],"duration":3,"failureDetails":[],"failureMessages":[],"fullName":"Map Component - Platform Specific iOS Platform should handle null coordinates on iOS","invocations":1,"location":{"column":5,"line":116},"numPassingAsserts":1,"retryReasons":[],"status":"passed","title":"should handle null coordinates on iOS"},{"ancestorTitles":["Map Component - Platform Specific","Android Platform"],"duration":3,"failureDetails":[],"failureMessages":[],"fullName":"Map Component - Platform Specific Android Platform should render Map component on Android","invocations":1,"location":{"column":5,"line":127},"numPassingAsserts":1,"retryReasons":[],"status":"passed","title":"should render Map component on Android"},{"ancestorTitles":["Map Component - Platform Specific","Android Platform"],"duration":2,"failureDetails":[],"failureMessages":[],"fullName":"Map Component - Platform Specific Android Platform should handle null coordinates on Android","invocations":1,"location":{"column":5,"line":132},"numPassingAsserts":1,"retryReasons":[],"status":"passed","title":"should handle null coordinates on Android"},{"ancestorTitles":["Map Component - Platform Specific","Android Platform"],"duration":1,"failureDetails":[],"failureMessages":[],"fullName":"Map Component - Platform Specific Android Platform should use same implementation as iOS","invocations":1,"location":{"column":5,"line":137},"numPassingAsserts":1,"retryReasons":[],"status":"passed","title":"should use same implementation as iOS"},{"ancestorTitles":["Map Component - Platform Specific","Web Platform"],"duration":8,"failureDetails":[],"failureMessages":[],"fullName":"Map Component - Platform Specific Web Platform should have web-specific Map component","invocations":1,"location":{"column":5,"line":149},"numPassingAsserts":1,"retryReasons":[],"status":"passed","title":"should have web-specific Map component"},{"ancestorTitles":["Map Component - Platform Specific","Platform Detection"],"duration":1,"failureDetails":[],"failureMessages":[],"fullName":"Map Component - Platform Specific Platform Detection should correctly identify iOS platform","invocations":1,"location":{"column":5,"line":156},"numPassingAsserts":1,"retryReasons":[],"status":"passed","title":"should correctly identify iOS platform"},{"ancestorTitles":["Map Component - Platform Specific","Platform Detection"],"duration":2,"failureDetails":[],"failureMessages":[],"fullName":"Map Component - Platform Specific Platform Detection should correctly identify Android platform","invocations":1,"location":{"column":5,"line":161},"numPassingAsserts":1,"retryReasons":[],"status":"passed","title":"should correctly identify Android platform"},{"ancestorTitles":["Map Component - Platform Specific","Platform Detection"],"duration":1,"failureDetails":[],"failureMessages":[],"fullName":"Map Component - Platform Specific Platform Detection should correctly identify Web platform","invocations":1,"location":{"column":5,"line":166},"numPassingAsserts":1,"retryReasons":[],"status":"passed","title":"should correctly identify Web platform"},{"ancestorTitles":["Map Component - Platform Specific","Component Exports"],"duration":2,"failureDetails":[],"failureMessages":[],"fullName":"Map Component - Platform Specific Component Exports should export Map component for iOS","invocations":1,"location":{"column":5,"line":173},"numPassingAsserts":1,"retryReasons":[],"status":"passed","title":"should export Map component for iOS"},{"ancestorTitles":["Map Component - Platform Specific","Component Exports"],"duration":1,"failureDetails":[],"failureMessages":[],"fullName":"Map Component - Platform Specific Component Exports should export Map component for Android","invocations":1,"location":{"column":5,"line":178},"numPassingAsserts":1,"retryReasons":[],"status":"passed","title":"should export Map component for Android"},{"ancestorTitles":["Map Component - Platform Specific","Component Exports"],"duration":1,"failureDetails":[],"failureMessages":[],"fullName":"Map Component - Platform Specific Component Exports should export Map component for Web","invocations":1,"location":{"column":5,"line":183},"numPassingAsserts":1,"retryReasons":[],"status":"passed","title":"should export Map component for Web"},{"ancestorTitles":["Map Component - Platform Specific","MapPage Map Component"],"duration":20,"failureDetails":[],"failureMessages":[],"fullName":"Map Component - Platform Specific MapPage Map Component should have iOS version in MapPage","invocations":1,"location":{"column":5,"line":190},"numPassingAsserts":1,"retryReasons":[],"status":"passed","title":"should have iOS version in MapPage"},{"ancestorTitles":["Map Component - Platform Specific","MapPage Map Component"],"duration":16,"failureDetails":[],"failureMessages":[],"fullName":"Map Component - Platform Specific MapPage Map Component should have Android version in MapPage","invocations":1,"location":{"column":5,"line":194},"numPassingAsserts":1,"retryReasons":[],"status":"passed","title":"should have Android version in MapPage"},{"ancestorTitles":["Map Component - Platform Specific","MapPage Map Component"],"duration":91,"failureDetails":[],"failureMessages":[],"fullName":"Map Component - Platform Specific MapPage Map Component should have Web version in MapPage","invocations":1,"location":{"column":5,"line":198},"numPassingAsserts":1,"retryReasons":[],"status":"passed","title":"should have Web version in MapPage"}],"endTime":1766327952972,"message":"","name":"/Users/juliasavran/Sites/metravel2/metravel2/__tests__/components/platform/Map.test.tsx","startTime":1766327952630,"status":"passed","summary":""},{"assertionResults":[{"ancestorTitles":["NetworkStatus"],"duration":3,"failureDetails":[],"failureMessages":[],"fullName":"NetworkStatus should not render when online and showWhenOnline is false","invocations":1,"location":{"column":3,"line":26},"numPassingAsserts":1,"retryReasons":[],"status":"passed","title":"should not render when online and showWhenOnline is false"},{"ancestorTitles":["NetworkStatus"],"duration":2,"failureDetails":[],"failureMessages":[],"fullName":"NetworkStatus should render when offline","invocations":1,"location":{"column":3,"line":35},"numPassingAsserts":2,"retryReasons":[],"status":"passed","title":"should render when offline"},{"ancestorTitles":["NetworkStatus"],"duration":1,"failureDetails":[],"failureMessages":[],"fullName":"NetworkStatus should render when online and showWhenOnline is true","invocations":1,"location":{"column":3,"line":45},"numPassingAsserts":1,"retryReasons":[],"status":"passed","title":"should render when online and showWhenOnline is true"},{"ancestorTitles":["NetworkStatus"],"duration":3,"failureDetails":[],"failureMessages":[],"fullName":"NetworkStatus should show reconnection message when connection is restored","invocations":1,"location":{"column":3,"line":53},"numPassingAsserts":3,"retryReasons":[],"status":"passed","title":"should show reconnection message when connection is restored"},{"ancestorTitles":["NetworkStatus"],"duration":1,"failureDetails":[],"failureMessages":[],"fullName":"NetworkStatus should render at top position by default","invocations":1,"location":{"column":3,"line":75},"numPassingAsserts":1,"retryReasons":[],"status":"passed","title":"should render at top position by default"},{"ancestorTitles":["NetworkStatus"],"duration":1,"failureDetails":[],"failureMessages":[],"fullName":"NetworkStatus should render at bottom position when specified","invocations":1,"location":{"column":3,"line":82},"numPassingAsserts":1,"retryReasons":[],"status":"passed","title":"should render at bottom position when specified"},{"ancestorTitles":["NetworkStatus"],"duration":2,"failureDetails":[],"failureMessages":[],"fullName":"NetworkStatus should have correct background color for offline state","invocations":1,"location":{"column":3,"line":89},"numPassingAsserts":1,"retryReasons":[],"status":"passed","title":"should have correct background color for offline state"},{"ancestorTitles":["NetworkStatus"],"duration":1,"failureDetails":[],"failureMessages":[],"fullName":"NetworkStatus should have correct background color for online state","invocations":1,"location":{"column":3,"line":96},"numPassingAsserts":1,"retryReasons":[],"status":"passed","title":"should have correct background color for online state"}],"endTime":1766327953111,"message":"","name":"/Users/juliasavran/Sites/metravel2/metravel2/__tests__/components/NetworkStatus.test.tsx","startTime":1766327952978,"status":"passed","summary":""},{"assertionResults":[{"ancestorTitles":["MultiSelectField"],"duration":13,"failureDetails":[],"failureMessages":[],"fullName":"MultiSelectField renders label when provided","invocations":1,"location":{"column":3,"line":28},"numPassingAsserts":1,"retryReasons":[],"status":"passed","title":"renders label when provided"},{"ancestorTitles":["MultiSelectField"],"duration":2,"failureDetails":[],"failureMessages":[],"fullName":"MultiSelectField calls onChange with single value in single mode (primitive)","invocations":1,"location":{"column":3,"line":44},"numPassingAsserts":1,"retryReasons":[],"status":"passed","title":"calls onChange with single value in single mode (primitive)"},{"ancestorTitles":["MultiSelectField"],"duration":1,"failureDetails":[],"failureMessages":[],"fullName":"MultiSelectField calls onChange with extracted value in single mode (object)","invocations":1,"location":{"column":3,"line":68},"numPassingAsserts":1,"retryReasons":[],"status":"passed","title":"calls onChange with extracted value in single mode (object)"},{"ancestorTitles":["MultiSelectField"],"duration":2,"failureDetails":[],"failureMessages":[],"fullName":"MultiSelectField calls onChange with array of values in multi mode (objects)","invocations":1,"location":{"column":3,"line":93},"numPassingAsserts":1,"retryReasons":[],"status":"passed","title":"calls onChange with array of values in multi mode (objects)"},{"ancestorTitles":["MultiSelectField"],"duration":2,"failureDetails":[],"failureMessages":[],"fullName":"MultiSelectField passes correct value prop to underlying MultiSelect in single mode","invocations":1,"location":{"column":3,"line":115},"numPassingAsserts":2,"retryReasons":[],"status":"passed","title":"passes correct value prop to underlying MultiSelect in single mode"}],"endTime":1766327953222,"message":"","name":"/Users/juliasavran/Sites/metravel2/metravel2/__tests__/components/MultiSelectField.test.tsx","startTime":1766327953116,"status":"passed","summary":""},{"assertionResults":[{"ancestorTitles":["EnhancedPdfGenerator helpers"],"duration":10,"failureDetails":[],"failureMessages":[],"fullName":"EnhancedPdfGenerator helpers sorts travels by different strategies and computes ranges","invocations":1,"location":{"column":3,"line":81},"numPassingAsserts":3,"retryReasons":[],"status":"passed","title":"sorts travels by different strategies and computes ranges"},{"ancestorTitles":["EnhancedPdfGenerator helpers"],"duration":1,"failureDetails":[],"failureMessages":[],"fullName":"EnhancedPdfGenerator helpers builds gallery, checklist and map sections","invocations":1,"location":{"column":3,"line":91},"numPassingAsserts":6,"retryReasons":[],"status":"passed","title":"builds gallery, checklist and map sections"},{"ancestorTitles":["EnhancedPdfGenerator helpers"],"duration":0,"failureDetails":[],"failureMessages":[],"fullName":"EnhancedPdfGenerator helpers builds inline gallery and safe URLs","invocations":1,"location":{"column":3,"line":106},"numPassingAsserts":3,"retryReasons":[],"status":"passed","title":"builds inline gallery and safe URLs"},{"ancestorTitles":["EnhancedPdfGenerator helpers"],"duration":3,"failureDetails":[],"failureMessages":[],"fullName":"EnhancedPdfGenerator helpers normalizes locations, builds SVG, formats labels and escapes","invocations":1,"location":{"column":3,"line":115},"numPassingAsserts":7,"retryReasons":[],"status":"passed","title":"normalizes locations, builds SVG, formats labels and escapes"},{"ancestorTitles":["EnhancedPdfGenerator helpers"],"duration":0,"failureDetails":[],"failureMessages":[],"fullName":"EnhancedPdfGenerator helpers renders blocks fallback when BlockRenderer is unavailable","invocations":1,"location":{"column":3,"line":129},"numPassingAsserts":3,"retryReasons":[],"status":"passed","title":"renders blocks fallback when BlockRenderer is unavailable"},{"ancestorTitles":["EnhancedPdfGenerator helpers"],"duration":27,"failureDetails":[],"failureMessages":[],"fullName":"EnhancedPdfGenerator helpers generates full HTML document with cover, pages and final screen","invocations":1,"location":{"column":3,"line":144},"numPassingAsserts":4,"retryReasons":[],"status":"passed","title":"generates full HTML document with cover, pages and final screen"}],"endTime":1766327953329,"message":"","name":"/Users/juliasavran/Sites/metravel2/metravel2/__tests__/services/EnhancedPdfGenerator.test.ts","startTime":1766327953228,"status":"passed","summary":""},{"assertionResults":[{"ancestorTitles":["Platform-Specific Components","ArticleEditor Component"],"duration":33,"failureDetails":[],"failureMessages":[],"fullName":"Platform-Specific Components ArticleEditor Component should have iOS version","invocations":1,"location":{"column":5,"line":36},"numPassingAsserts":1,"retryReasons":[],"status":"passed","title":"should have iOS version"},{"ancestorTitles":["Platform-Specific Components","ArticleEditor Component"],"duration":1,"failureDetails":[],"failureMessages":[],"fullName":"Platform-Specific Components ArticleEditor Component should have Android version","invocations":1,"location":{"column":5,"line":40},"numPassingAsserts":1,"retryReasons":[],"status":"passed","title":"should have Android version"},{"ancestorTitles":["Platform-Specific Components","ArticleEditor Component"],"duration":2,"failureDetails":[],"failureMessages":[],"fullName":"Platform-Specific Components ArticleEditor Component should have Web version","invocations":1,"location":{"column":5,"line":44},"numPassingAsserts":1,"retryReasons":[],"status":"passed","title":"should have Web version"},{"ancestorTitles":["Platform-Specific Components","ArticleEditor Component"],"duration":0,"failureDetails":[],"failureMessages":[],"fullName":"Platform-Specific Components ArticleEditor Component Android should export iOS implementation","invocations":1,"location":{"column":5,"line":48},"numPassingAsserts":1,"retryReasons":[],"status":"passed","title":"Android should export iOS implementation"},{"ancestorTitles":["Platform-Specific Components","ImageUploadComponent"],"duration":34,"failureDetails":[],"failureMessages":[],"fullName":"Platform-Specific Components ImageUploadComponent should have iOS version","invocations":1,"location":{"column":5,"line":55},"numPassingAsserts":1,"retryReasons":[],"status":"passed","title":"should have iOS version"},{"ancestorTitles":["Platform-Specific Components","ImageUploadComponent"],"duration":1,"failureDetails":[],"failureMessages":[],"fullName":"Platform-Specific Components ImageUploadComponent should have Android version","invocations":1,"location":{"column":5,"line":59},"numPassingAsserts":1,"retryReasons":[],"status":"passed","title":"should have Android version"},{"ancestorTitles":["Platform-Specific Components","ImageUploadComponent"],"duration":68,"failureDetails":[],"failureMessages":[],"fullName":"Platform-Specific Components ImageUploadComponent should have Web version","invocations":1,"location":{"column":5,"line":63},"numPassingAsserts":1,"retryReasons":[],"status":"passed","title":"should have Web version"},{"ancestorTitles":["Platform-Specific Components","ImageGalleryComponent"],"duration":83,"failureDetails":[],"failureMessages":[],"fullName":"Platform-Specific Components ImageGalleryComponent should have iOS version","invocations":1,"location":{"column":5,"line":69},"numPassingAsserts":1,"retryReasons":[],"status":"passed","title":"should have iOS version"},{"ancestorTitles":["Platform-Specific Components","ImageGalleryComponent"],"duration":2,"failureDetails":[],"failureMessages":[],"fullName":"Platform-Specific Components ImageGalleryComponent should have Android version","invocations":1,"location":{"column":5,"line":73},"numPassingAsserts":1,"retryReasons":[],"status":"passed","title":"should have Android version"},{"ancestorTitles":["Platform-Specific Components","ImageGalleryComponent"],"duration":44,"failureDetails":[],"failureMessages":[],"fullName":"Platform-Specific Components ImageGalleryComponent should have Web version","invocations":1,"location":{"column":5,"line":77},"numPassingAsserts":1,"retryReasons":[],"status":"passed","title":"should have Web version"},{"ancestorTitles":["Platform-Specific Components","MapUploadComponent"],"duration":2,"failureDetails":[],"failureMessages":[],"fullName":"Platform-Specific Components MapUploadComponent should have iOS version","invocations":1,"location":{"column":5,"line":83},"numPassingAsserts":1,"retryReasons":[],"status":"passed","title":"should have iOS version"},{"ancestorTitles":["Platform-Specific Components","MapUploadComponent"],"duration":1,"failureDetails":[],"failureMessages":[],"fullName":"Platform-Specific Components MapUploadComponent should have Android version","invocations":1,"location":{"column":5,"line":87},"numPassingAsserts":1,"retryReasons":[],"status":"passed","title":"should have Android version"},{"ancestorTitles":["Platform-Specific Components","MapUploadComponent"],"duration":21,"failureDetails":[],"failureMessages":[],"fullName":"Platform-Specific Components MapUploadComponent should have Web version","invocations":1,"location":{"column":5,"line":91},"numPassingAsserts":1,"retryReasons":[],"status":"passed","title":"should have Web version"},{"ancestorTitles":["Platform-Specific Components","Platform.select usage"],"duration":0,"failureDetails":[{}],"failureMessages":["ReferenceError: Platform is not defined\n    at Object.Platform (/Users/juliasavran/Sites/metravel2/metravel2/__tests__/components/platform/PlatformComponents.test.tsx:98:14)\n    at Promise.then.completed (/Users/juliasavran/Sites/metravel2/metravel2/node_modules/jest-circus/build/utils.js:298:28)\n    at new Promise (<anonymous>)\n    at callAsyncCircusFn (/Users/juliasavran/Sites/metravel2/metravel2/node_modules/jest-circus/build/utils.js:231:10)\n    at _callCircusTest (/Users/juliasavran/Sites/metravel2/metravel2/node_modules/jest-circus/build/run.js:316:40)\n    at _runTest (/Users/juliasavran/Sites/metravel2/metravel2/node_modules/jest-circus/build/run.js:252:3)\n    at _runTestsForDescribeBlock (/Users/juliasavran/Sites/metravel2/metravel2/node_modules/jest-circus/build/run.js:126:9)\n    at _runTestsForDescribeBlock (/Users/juliasavran/Sites/metravel2/metravel2/node_modules/jest-circus/build/run.js:121:9)\n    at _runTestsForDescribeBlock (/Users/juliasavran/Sites/metravel2/metravel2/node_modules/jest-circus/build/run.js:121:9)\n    at run (/Users/juliasavran/Sites/metravel2/metravel2/node_modules/jest-circus/build/run.js:71:3)\n    at runAndTransformResultsToJestFormat (/Users/juliasavran/Sites/metravel2/metravel2/node_modules/jest-circus/build/legacy-code-todo-rewrite/jestAdapterInit.js:122:21)\n    at jestAdapter (/Users/juliasavran/Sites/metravel2/metravel2/node_modules/jest-circus/build/legacy-code-todo-rewrite/jestAdapter.js:79:19)\n    at runTestInternal (/Users/juliasavran/Sites/metravel2/metravel2/node_modules/jest-runner/build/runTest.js:367:16)\n    at runTest (/Users/juliasavran/Sites/metravel2/metravel2/node_modules/jest-runner/build/runTest.js:444:34)"],"fullName":"Platform-Specific Components Platform.select usage should have Platform.select function","invocations":1,"location":{"column":5,"line":97},"numPassingAsserts":0,"retryReasons":[],"status":"failed","title":"should have Platform.select function"},{"ancestorTitles":["Platform-Specific Components","Platform.select usage"],"duration":0,"failureDetails":[{}],"failureMessages":["ReferenceError: Platform is not defined\n    at Object.Platform (/Users/juliasavran/Sites/metravel2/metravel2/__tests__/components/platform/PlatformComponents.test.tsx:103:24)\n    at Promise.then.completed (/Users/juliasavran/Sites/metravel2/metravel2/node_modules/jest-circus/build/utils.js:298:28)\n    at new Promise (<anonymous>)\n    at callAsyncCircusFn (/Users/juliasavran/Sites/metravel2/metravel2/node_modules/jest-circus/build/utils.js:231:10)\n    at _callCircusTest (/Users/juliasavran/Sites/metravel2/metravel2/node_modules/jest-circus/build/run.js:316:40)\n    at _runTest (/Users/juliasavran/Sites/metravel2/metravel2/node_modules/jest-circus/build/run.js:252:3)\n    at _runTestsForDescribeBlock (/Users/juliasavran/Sites/metravel2/metravel2/node_modules/jest-circus/build/run.js:126:9)\n    at _runTestsForDescribeBlock (/Users/juliasavran/Sites/metravel2/metravel2/node_modules/jest-circus/build/run.js:121:9)\n    at _runTestsForDescribeBlock (/Users/juliasavran/Sites/metravel2/metravel2/node_modules/jest-circus/build/run.js:121:9)\n    at run (/Users/juliasavran/Sites/metravel2/metravel2/node_modules/jest-circus/build/run.js:71:3)\n    at runAndTransformResultsToJestFormat (/Users/juliasavran/Sites/metravel2/metravel2/node_modules/jest-circus/build/legacy-code-todo-rewrite/jestAdapterInit.js:122:21)\n    at jestAdapter (/Users/juliasavran/Sites/metravel2/metravel2/node_modules/jest-circus/build/legacy-code-todo-rewrite/jestAdapter.js:79:19)\n    at runTestInternal (/Users/juliasavran/Sites/metravel2/metravel2/node_modules/jest-runner/build/runTest.js:367:16)\n    at runTest (/Users/juliasavran/Sites/metravel2/metravel2/node_modules/jest-runner/build/runTest.js:444:34)"],"fullName":"Platform-Specific Components Platform.select usage should select based on current platform","invocations":1,"location":{"column":5,"line":102},"numPassingAsserts":0,"retryReasons":[],"status":"failed","title":"should select based on current platform"},{"ancestorTitles":["Platform-Specific Components","Platform.select usage"],"duration":0,"failureDetails":[{}],"failureMessages":["ReferenceError: Platform is not defined\n    at Object.Platform (/Users/juliasavran/Sites/metravel2/metravel2/__tests__/components/platform/PlatformComponents.test.tsx:114:24)\n    at Promise.then.completed (/Users/juliasavran/Sites/metravel2/metravel2/node_modules/jest-circus/build/utils.js:298:28)\n    at new Promise (<anonymous>)\n    at callAsyncCircusFn (/Users/juliasavran/Sites/metravel2/metravel2/node_modules/jest-circus/build/utils.js:231:10)\n    at _callCircusTest (/Users/juliasavran/Sites/metravel2/metravel2/node_modules/jest-circus/build/run.js:316:40)\n    at _runTest (/Users/juliasavran/Sites/metravel2/metravel2/node_modules/jest-circus/build/run.js:252:3)\n    at _runTestsForDescribeBlock (/Users/juliasavran/Sites/metravel2/metravel2/node_modules/jest-circus/build/run.js:126:9)\n    at _runTestsForDescribeBlock (/Users/juliasavran/Sites/metravel2/metravel2/node_modules/jest-circus/build/run.js:121:9)\n    at _runTestsForDescribeBlock (/Users/juliasavran/Sites/metravel2/metravel2/node_modules/jest-circus/build/run.js:121:9)\n    at run (/Users/juliasavran/Sites/metravel2/metravel2/node_modules/jest-circus/build/run.js:71:3)\n    at runAndTransformResultsToJestFormat (/Users/juliasavran/Sites/metravel2/metravel2/node_modules/jest-circus/build/legacy-code-todo-rewrite/jestAdapterInit.js:122:21)\n    at jestAdapter (/Users/juliasavran/Sites/metravel2/metravel2/node_modules/jest-circus/build/legacy-code-todo-rewrite/jestAdapter.js:79:19)\n    at runTestInternal (/Users/juliasavran/Sites/metravel2/metravel2/node_modules/jest-runner/build/runTest.js:367:16)\n    at runTest (/Users/juliasavran/Sites/metravel2/metravel2/node_modules/jest-runner/build/runTest.js:444:34)"],"fullName":"Platform-Specific Components Platform.select usage should work with object values","invocations":1,"location":{"column":5,"line":113},"numPassingAsserts":0,"retryReasons":[],"status":"failed","title":"should work with object values"},{"ancestorTitles":["Platform-Specific Components","File Extension Resolution"],"duration":0,"failureDetails":[{}],"failureMessages":["ReferenceError: Platform is not defined\n    at Object.Platform (/Users/juliasavran/Sites/metravel2/metravel2/__tests__/components/platform/PlatformComponents.test.tsx:126:14)\n    at Promise.then.completed (/Users/juliasavran/Sites/metravel2/metravel2/node_modules/jest-circus/build/utils.js:298:28)\n    at new Promise (<anonymous>)\n    at callAsyncCircusFn (/Users/juliasavran/Sites/metravel2/metravel2/node_modules/jest-circus/build/utils.js:231:10)\n    at _callCircusTest (/Users/juliasavran/Sites/metravel2/metravel2/node_modules/jest-circus/build/run.js:316:40)\n    at _runTest (/Users/juliasavran/Sites/metravel2/metravel2/node_modules/jest-circus/build/run.js:252:3)\n    at _runTestsForDescribeBlock (/Users/juliasavran/Sites/metravel2/metravel2/node_modules/jest-circus/build/run.js:126:9)\n    at _runTestsForDescribeBlock (/Users/juliasavran/Sites/metravel2/metravel2/node_modules/jest-circus/build/run.js:121:9)\n    at _runTestsForDescribeBlock (/Users/juliasavran/Sites/metravel2/metravel2/node_modules/jest-circus/build/run.js:121:9)\n    at run (/Users/juliasavran/Sites/metravel2/metravel2/node_modules/jest-circus/build/run.js:71:3)\n    at runAndTransformResultsToJestFormat (/Users/juliasavran/Sites/metravel2/metravel2/node_modules/jest-circus/build/legacy-code-todo-rewrite/jestAdapterInit.js:122:21)\n    at jestAdapter (/Users/juliasavran/Sites/metravel2/metravel2/node_modules/jest-circus/build/legacy-code-todo-rewrite/jestAdapter.js:79:19)\n    at runTestInternal (/Users/juliasavran/Sites/metravel2/metravel2/node_modules/jest-runner/build/runTest.js:367:16)\n    at runTest (/Users/juliasavran/Sites/metravel2/metravel2/node_modules/jest-runner/build/runTest.js:444:34)"],"fullName":"Platform-Specific Components File Extension Resolution should have Platform.OS defined","invocations":1,"location":{"column":5,"line":125},"numPassingAsserts":0,"retryReasons":[],"status":"failed","title":"should have Platform.OS defined"},{"ancestorTitles":["Platform-Specific Components","File Extension Resolution"],"duration":0,"failureDetails":[{}],"failureMessages":["ReferenceError: Platform is not defined\n    at Object.Platform (/Users/juliasavran/Sites/metravel2/metravel2/__tests__/components/platform/PlatformComponents.test.tsx:133:14)\n    at Promise.then.completed (/Users/juliasavran/Sites/metravel2/metravel2/node_modules/jest-circus/build/utils.js:298:28)\n    at new Promise (<anonymous>)\n    at callAsyncCircusFn (/Users/juliasavran/Sites/metravel2/metravel2/node_modules/jest-circus/build/utils.js:231:10)\n    at _callCircusTest (/Users/juliasavran/Sites/metravel2/metravel2/node_modules/jest-circus/build/run.js:316:40)\n    at _runTest (/Users/juliasavran/Sites/metravel2/metravel2/node_modules/jest-circus/build/run.js:252:3)\n    at _runTestsForDescribeBlock (/Users/juliasavran/Sites/metravel2/metravel2/node_modules/jest-circus/build/run.js:126:9)\n    at _runTestsForDescribeBlock (/Users/juliasavran/Sites/metravel2/metravel2/node_modules/jest-circus/build/run.js:121:9)\n    at _runTestsForDescribeBlock (/Users/juliasavran/Sites/metravel2/metravel2/node_modules/jest-circus/build/run.js:121:9)\n    at run (/Users/juliasavran/Sites/metravel2/metravel2/node_modules/jest-circus/build/run.js:71:3)\n    at runAndTransformResultsToJestFormat (/Users/juliasavran/Sites/metravel2/metravel2/node_modules/jest-circus/build/legacy-code-todo-rewrite/jestAdapterInit.js:122:21)\n    at jestAdapter (/Users/juliasavran/Sites/metravel2/metravel2/node_modules/jest-circus/build/legacy-code-todo-rewrite/jestAdapter.js:79:19)\n    at runTestInternal (/Users/juliasavran/Sites/metravel2/metravel2/node_modules/jest-runner/build/runTest.js:367:16)\n    at runTest (/Users/juliasavran/Sites/metravel2/metravel2/node_modules/jest-runner/build/runTest.js:444:34)"],"fullName":"Platform-Specific Components File Extension Resolution React Native should support platform-specific extensions","invocations":1,"location":{"column":5,"line":130},"numPassingAsserts":0,"retryReasons":[],"status":"failed","title":"React Native should support platform-specific extensions"},{"ancestorTitles":["Platform-Specific Components","Component Consistency"],"duration":27,"failureDetails":[],"failureMessages":[],"fullName":"Platform-Specific Components Component Consistency all platforms should have Map component","invocations":1,"location":{"column":5,"line":138},"numPassingAsserts":3,"retryReasons":[],"status":"passed","title":"all platforms should have Map component"},{"ancestorTitles":["Platform-Specific Components","Component Consistency"],"duration":0,"failureDetails":[],"failureMessages":[],"fullName":"Platform-Specific Components Component Consistency all platforms should have ArticleEditor","invocations":1,"location":{"column":5,"line":144},"numPassingAsserts":3,"retryReasons":[],"status":"passed","title":"all platforms should have ArticleEditor"},{"ancestorTitles":["Platform-Specific Components","Component Consistency"],"duration":1,"failureDetails":[],"failureMessages":[],"fullName":"Platform-Specific Components Component Consistency all platforms should have ImageUploadComponent","invocations":1,"location":{"column":5,"line":150},"numPassingAsserts":3,"retryReasons":[],"status":"passed","title":"all platforms should have ImageUploadComponent"},{"ancestorTitles":["Platform-Specific Components","Shared Components"],"duration":0,"failureDetails":[],"failureMessages":[],"fullName":"Platform-Specific Components Shared Components Android should reuse iOS implementation where appropriate","invocations":1,"location":{"column":5,"line":158},"numPassingAsserts":3,"retryReasons":[],"status":"passed","title":"Android should reuse iOS implementation where appropriate"},{"ancestorTitles":["Platform-Specific Components","Platform API Compatibility"],"duration":0,"failureDetails":[{}],"failureMessages":["ReferenceError: Platform is not defined\n    at Object.Platform (/Users/juliasavran/Sites/metravel2/metravel2/__tests__/components/platform/PlatformComponents.test.tsx:172:14)\n    at Promise.then.completed (/Users/juliasavran/Sites/metravel2/metravel2/node_modules/jest-circus/build/utils.js:298:28)\n    at new Promise (<anonymous>)\n    at callAsyncCircusFn (/Users/juliasavran/Sites/metravel2/metravel2/node_modules/jest-circus/build/utils.js:231:10)\n    at _callCircusTest (/Users/juliasavran/Sites/metravel2/metravel2/node_modules/jest-circus/build/run.js:316:40)\n    at _runTest (/Users/juliasavran/Sites/metravel2/metravel2/node_modules/jest-circus/build/run.js:252:3)\n    at _runTestsForDescribeBlock (/Users/juliasavran/Sites/metravel2/metravel2/node_modules/jest-circus/build/run.js:126:9)\n    at _runTestsForDescribeBlock (/Users/juliasavran/Sites/metravel2/metravel2/node_modules/jest-circus/build/run.js:121:9)\n    at _runTestsForDescribeBlock (/Users/juliasavran/Sites/metravel2/metravel2/node_modules/jest-circus/build/run.js:121:9)\n    at run (/Users/juliasavran/Sites/metravel2/metravel2/node_modules/jest-circus/build/run.js:71:3)\n    at runAndTransformResultsToJestFormat (/Users/juliasavran/Sites/metravel2/metravel2/node_modules/jest-circus/build/legacy-code-todo-rewrite/jestAdapterInit.js:122:21)\n    at jestAdapter (/Users/juliasavran/Sites/metravel2/metravel2/node_modules/jest-circus/build/legacy-code-todo-rewrite/jestAdapter.js:79:19)\n    at runTestInternal (/Users/juliasavran/Sites/metravel2/metravel2/node_modules/jest-runner/build/runTest.js:367:16)\n    at runTest (/Users/juliasavran/Sites/metravel2/metravel2/node_modules/jest-runner/build/runTest.js:444:34)"],"fullName":"Platform-Specific Components Platform API Compatibility should have Platform.OS available","invocations":1,"location":{"column":5,"line":171},"numPassingAsserts":0,"retryReasons":[],"status":"failed","title":"should have Platform.OS available"},{"ancestorTitles":["Platform-Specific Components","Platform API Compatibility"],"duration":0,"failureDetails":[{}],"failureMessages":["ReferenceError: Platform is not defined\n    at Object.Platform (/Users/juliasavran/Sites/metravel2/metravel2/__tests__/components/platform/PlatformComponents.test.tsx:177:14)\n    at Promise.then.completed (/Users/juliasavran/Sites/metravel2/metravel2/node_modules/jest-circus/build/utils.js:298:28)\n    at new Promise (<anonymous>)\n    at callAsyncCircusFn (/Users/juliasavran/Sites/metravel2/metravel2/node_modules/jest-circus/build/utils.js:231:10)\n    at _callCircusTest (/Users/juliasavran/Sites/metravel2/metravel2/node_modules/jest-circus/build/run.js:316:40)\n    at _runTest (/Users/juliasavran/Sites/metravel2/metravel2/node_modules/jest-circus/build/run.js:252:3)\n    at _runTestsForDescribeBlock (/Users/juliasavran/Sites/metravel2/metravel2/node_modules/jest-circus/build/run.js:126:9)\n    at _runTestsForDescribeBlock (/Users/juliasavran/Sites/metravel2/metravel2/node_modules/jest-circus/build/run.js:121:9)\n    at _runTestsForDescribeBlock (/Users/juliasavran/Sites/metravel2/metravel2/node_modules/jest-circus/build/run.js:121:9)\n    at run (/Users/juliasavran/Sites/metravel2/metravel2/node_modules/jest-circus/build/run.js:71:3)\n    at runAndTransformResultsToJestFormat (/Users/juliasavran/Sites/metravel2/metravel2/node_modules/jest-circus/build/legacy-code-todo-rewrite/jestAdapterInit.js:122:21)\n    at jestAdapter (/Users/juliasavran/Sites/metravel2/metravel2/node_modules/jest-circus/build/legacy-code-todo-rewrite/jestAdapter.js:79:19)\n    at runTestInternal (/Users/juliasavran/Sites/metravel2/metravel2/node_modules/jest-runner/build/runTest.js:367:16)\n    at runTest (/Users/juliasavran/Sites/metravel2/metravel2/node_modules/jest-runner/build/runTest.js:444:34)"],"fullName":"Platform-Specific Components Platform API Compatibility should have Platform.select available","invocations":1,"location":{"column":5,"line":176},"numPassingAsserts":0,"retryReasons":[],"status":"failed","title":"should have Platform.select available"},{"ancestorTitles":["Platform-Specific Components","Platform API Compatibility"],"duration":0,"failureDetails":[{}],"failureMessages":["ReferenceError: Platform is not defined\n    at Object.Platform (/Users/juliasavran/Sites/metravel2/metravel2/__tests__/components/platform/PlatformComponents.test.tsx:184:14)\n    at Promise.then.completed (/Users/juliasavran/Sites/metravel2/metravel2/node_modules/jest-circus/build/utils.js:298:28)\n    at new Promise (<anonymous>)\n    at callAsyncCircusFn (/Users/juliasavran/Sites/metravel2/metravel2/node_modules/jest-circus/build/utils.js:231:10)\n    at _callCircusTest (/Users/juliasavran/Sites/metravel2/metravel2/node_modules/jest-circus/build/run.js:316:40)\n    at _runTest (/Users/juliasavran/Sites/metravel2/metravel2/node_modules/jest-circus/build/run.js:252:3)\n    at _runTestsForDescribeBlock (/Users/juliasavran/Sites/metravel2/metravel2/node_modules/jest-circus/build/run.js:126:9)\n    at _runTestsForDescribeBlock (/Users/juliasavran/Sites/metravel2/metravel2/node_modules/jest-circus/build/run.js:121:9)\n    at _runTestsForDescribeBlock (/Users/juliasavran/Sites/metravel2/metravel2/node_modules/jest-circus/build/run.js:121:9)\n    at run (/Users/juliasavran/Sites/metravel2/metravel2/node_modules/jest-circus/build/run.js:71:3)\n    at runAndTransformResultsToJestFormat (/Users/juliasavran/Sites/metravel2/metravel2/node_modules/jest-circus/build/legacy-code-todo-rewrite/jestAdapterInit.js:122:21)\n    at jestAdapter (/Users/juliasavran/Sites/metravel2/metravel2/node_modules/jest-circus/build/legacy-code-todo-rewrite/jestAdapter.js:79:19)\n    at runTestInternal (/Users/juliasavran/Sites/metravel2/metravel2/node_modules/jest-runner/build/runTest.js:367:16)\n    at runTest (/Users/juliasavran/Sites/metravel2/metravel2/node_modules/jest-runner/build/runTest.js:444:34)"],"fullName":"Platform-Specific Components Platform API Compatibility should have Platform constants","invocations":1,"location":{"column":5,"line":181},"numPassingAsserts":0,"retryReasons":[],"status":"failed","title":"should have Platform constants"}],"endTime":1766327953746,"message":"  ● Platform-Specific Components › Platform.select usage › should have Platform.select function\n\n    ReferenceError: Platform is not defined\n\n       96 |   describe('Platform.select usage', () => {\n       97 |     it('should have Platform.select function', () => {\n    >  98 |       expect(Platform.select).toBeDefined();\n          |              ^\n       99 |       expect(typeof Platform.select).toBe('function');\n      100 |     });\n      101 |\n\n      at Object.Platform (__tests__/components/platform/PlatformComponents.test.tsx:98:14)\n\n  ● Platform-Specific Components › Platform.select usage › should select based on current platform\n\n    ReferenceError: Platform is not defined\n\n      101 |\n      102 |     it('should select based on current platform', () => {\n    > 103 |       const selected = Platform.select({\n          |                        ^\n      104 |         ios: 'iOS Component',\n      105 |         android: 'Android Component',\n      106 |         web: 'Web Component',\n\n      at Object.Platform (__tests__/components/platform/PlatformComponents.test.tsx:103:24)\n\n  ● Platform-Specific Components › Platform.select usage › should work with object values\n\n    ReferenceError: Platform is not defined\n\n      112 |\n      113 |     it('should work with object values', () => {\n    > 114 |       const selected = Platform.select({\n          |                        ^\n      115 |         ios: { name: 'iOS' },\n      116 |         android: { name: 'Android' },\n      117 |         web: { name: 'Web' },\n\n      at Object.Platform (__tests__/components/platform/PlatformComponents.test.tsx:114:24)\n\n  ● Platform-Specific Components › File Extension Resolution › should have Platform.OS defined\n\n    ReferenceError: Platform is not defined\n\n      124 |   describe('File Extension Resolution', () => {\n      125 |     it('should have Platform.OS defined', () => {\n    > 126 |       expect(Platform.OS).toBeDefined();\n          |              ^\n      127 |       expect(['ios', 'android', 'web']).toContain(Platform.OS);\n      128 |     });\n      129 |\n\n      at Object.Platform (__tests__/components/platform/PlatformComponents.test.tsx:126:14)\n\n  ● Platform-Specific Components › File Extension Resolution › React Native should support platform-specific extensions\n\n    ReferenceError: Platform is not defined\n\n  
[...]
nce option when showDistance is true"},{"ancestorTitles":["SortSelector"],"duration":4,"failureDetails":[],"failureMessages":[],"fullName":"SortSelector should call onChange when option is pressed","invocations":1,"location":{"column":3,"line":28},"numPassingAsserts":1,"retryReasons":[],"status":"passed","title":"should call onChange when option is pressed"},{"ancestorTitles":["SortSelector"],"duration":2,"failureDetails":[],"failureMessages":[],"fullName":"SortSelector should highlight active option","invocations":1,"location":{"column":3,"line":37},"numPassingAsserts":1,"retryReasons":[],"status":"passed","title":"should highlight active option"},{"ancestorTitles":["SortSelector"],"duration":6,"failureDetails":[],"failureMessages":[],"fullName":"SortSelector should not show distance option by default","invocations":1,"location":{"column":3,"line":45},"numPassingAsserts":1,"retryReasons":[],"status":"passed","title":"should not show distance option by default"}],"endTime":1766327983600,"message":"","name":"/Users/juliasavran/Sites/metravel2/metravel2/__tests__/components/SortSelector.test.tsx","startTime":1766327983486,"status":"passed","summary":""},{"assertionResults":[{"ancestorTitles":["analytics inline script"],"duration":4,"failureDetails":[],"failureMessages":[],"fullName":"analytics inline script initializes Yandex Metrica and GA when consent is granted on production host","invocations":1,"location":{"column":3,"line":98},"numPassingAsserts":5,"retryReasons":[],"status":"passed","title":"initializes Yandex Metrica and GA when consent is granted on production host"},{"ancestorTitles":["analytics inline script"],"duration":2,"failureDetails":[],"failureMessages":[],"fullName":"analytics inline script exposes loader but does not auto-init without analytics consent","invocations":1,"location":{"column":3,"line":114},"numPassingAsserts":7,"retryReasons":[],"status":"passed","title":"exposes loader but does not auto-init without analytics consent"},{"ancestorTitles":["analytics inline script"],"duration":0,"failureDetails":[],"failureMessages":[],"fullName":"analytics inline script skips analytics injection on non-production hosts","invocations":1,"location":{"column":3,"line":133},"numPassingAsserts":2,"retryReasons":[],"status":"passed","title":"skips analytics injection on non-production hosts"}],"endTime":1766327983754,"message":"","name":"/Users/juliasavran/Sites/metravel2/metravel2/__tests__/app/analyticsInlineScript.test.ts","startTime":1766327983664,"status":"passed","summary":""},{"assertionResults":[{"ancestorTitles":["Adaptive Layout Tests"],"duration":3,"failureDetails":[],"failureMessages":[],"fullName":"Adaptive Layout Tests should calculate columns correctly","invocations":1,"location":{"column":3,"line":7},"numPassingAsserts":5,"retryReasons":[],"status":"passed","title":"should calculate columns correctly"},{"ancestorTitles":["Adaptive Layout Tests"],"duration":2,"failureDetails":[],"failureMessages":[],"fullName":"Adaptive Layout Tests should render without errors","invocations":1,"location":{"column":3,"line":19},"numPassingAsserts":1,"retryReasons":[],"status":"passed","title":"should render without errors"}],"endTime":1766327983834,"message":"","name":"/Users/juliasavran/Sites/metravel2/metravel2/__tests__/adaptive-layout.test.tsx","startTime":1766327983762,"status":"passed","summary":""},{"assertionResults":[{"ancestorTitles":["HeaderContextBar"],"duration":3,"failureDetails":[],"failureMessages":[],"fullName":"HeaderContextBar should show page context title on home","invocations":1,"location":{"column":3,"line":95},"numPassingAsserts":2,"retryReasons":[],"status":"passed","title":"should show page context title on home"},{"ancestorTitles":["HeaderContextBar"],"duration":1,"failureDetails":[],"failureMessages":[],"fullName":"HeaderContextBar should show page context title on top-level routes","invocations":1,"location":{"column":3,"line":102},"numPassingAsserts":2,"retryReasons":[],"status":"passed","title":"should show page context title on top-level routes"},{"ancestorTitles":["HeaderContextBar"],"duration":2,"failureDetails":[],"failureMessages":[],"fullName":"HeaderContextBar should render breadcrumb chain on nested routes and navigate on click","invocations":1,"location":{"column":3,"line":118},"numPassingAsserts":3,"retryReasons":[],"status":"passed","title":"should render breadcrumb chain on nested routes and navigate on click"}],"endTime":1766327983925,"message":"","name":"/Users/juliasavran/Sites/metravel2/metravel2/__tests__/components/HeaderContextBar.test.tsx","startTime":1766327983840,"status":"passed","summary":""},{"assertionResults":[{"ancestorTitles":["GridGalleryGenerator","generateHTML"],"duration":0,"failureDetails":[],"failureMessages":[],"fullName":"GridGalleryGenerator generateHTML should generate HTML with correct grid structure","invocations":1,"location":{"column":5,"line":61},"numPassingAsserts":3,"retryReasons":[],"status":"passed","title":"should generate HTML with correct grid structure"},{"ancestorTitles":["GridGalleryGenerator","generateHTML"],"duration":0,"failureDetails":[],"failureMessages":[],"fullName":"GridGalleryGenerator generateHTML should generate correct number of photo cards","invocations":1,"location":{"column":5,"line":69},"numPassingAsserts":1,"retryReasons":[],"status":"passed","title":"should generate correct number of photo cards"},{"ancestorTitles":["GridGalleryGenerator","generateHTML"],"duration":1,"failureDetails":[],"failureMessages":[],"fullName":"GridGalleryGenerator generateHTML should include all photo URLs","invocations":1,"location":{"column":5,"line":76},"numPassingAsserts":3,"retryReasons":[],"status":"passed","title":"should include all photo URLs"},{"ancestorTitles":["GridGalleryGenerator","generateHTML"],"duration":0,"failureDetails":[],"failureMessages":[],"fullName":"GridGalleryGenerator generateHTML should respect column setting","invocations":1,"location":{"column":5,"line":84},"numPassingAsserts":1,"retryReasons":[],"status":"passed","title":"should respect column setting"},{"ancestorTitles":["GridGalleryGenerator","generateHTML"],"duration":0,"failureDetails":[],"failureMessages":[],"fullName":"GridGalleryGenerator generateHTML should apply compact spacing","invocations":1,"location":{"column":5,"line":91},"numPassingAsserts":1,"retryReasons":[],"status":"passed","title":"should apply compact spacing"},{"ancestorTitles":["GridGalleryGenerator","generateHTML"],"duration":0,"failureDetails":[],"failureMessages":[],"fullName":"GridGalleryGenerator generateHTML should apply spacious spacing","invocations":1,"location":{"column":5,"line":98},"numPassingAsserts":1,"retryReasons":[],"status":"passed","title":"should apply spacious spacing"},{"ancestorTitles":["GridGalleryGenerator","generateHTML"],"duration":1,"failureDetails":[],"failureMessages":[],"fullName":"GridGalleryGenerator generateHTML should apply background color when provided","invocations":1,"location":{"column":5,"line":105},"numPassingAsserts":1,"retryReasons":[],"status":"passed","title":"should apply background color when provided"},{"ancestorTitles":["GridGalleryGenerator","captions"],"duration":0,"failureDetails":[],"failureMessages":[],"fullName":"GridGalleryGenerator captions should show captions when enabled","invocations":1,"location":{"column":5,"line":114},"numPassingAsserts":2,"retryReasons":[],"status":"passed","title":"should show captions when enabled"},{"ancestorTitles":["GridGalleryGenerator","captions"],"duration":0,"failureDetails":[],"failureMessages":[],"fullName":"GridGalleryGenerator captions should position captions at top","invocations":1,"location":{"column":5,"line":123},"numPassingAsserts":1,"retryReasons":[],"status":"passed","title":"should position captions at top"},{"ancestorTitles":["GridGalleryGenerator","captions"],"duration":0,"failureDetails":[],"failureMessages":[],"fullName":"GridGalleryGenerator captions should position captions at bottom","invocations":1,"location":{"column":5,"line":133},"numPassingAsserts":1,"retryReasons":[],"status":"passed","title":"should position captions at bottom"},{"ancestorTitles":["GridGalleryGenerator","captions"],"duration":0,"failureDetails":[],"failureMessages":[],"fullName":"GridGalleryGenerator captions should use overlay style for overlay position","invocations":1,"location":{"column":5,"line":143},"numPassingAsserts":2,"retryReasons":[],"status":"passed","title":"should use overlay style for overlay position"},{"ancestorTitles":["GridGalleryGenerator","captions"],"duration":0,"failureDetails":[],"failureMessages":[],"fullName":"GridGalleryGenerator captions should include EXIF metadata when enabled","invocations":1,"location":{"column":5,"line":151},"numPassingAsserts":3,"retryReasons":[],"status":"passed","title":"should include EXIF metadata when enabled"},{"ancestorTitles":["GridGalleryGenerator","captions"],"duration":0,"failureDetails":[],"failureMessages":[],"fullName":"GridGalleryGenerator captions should not include EXIF metadata when disabled","invocations":1,"location":{"column":5,"line":159},"numPassingAsserts":1,"retryReasons":[],"status":"passed","title":"should not include EXIF metadata when disabled"},{"ancestorTitles":["GridGalleryGenerator","border styles"],"duration":0,"failureDetails":[],"failureMessages":[],"fullName":"GridGalleryGenerator border styles should apply thin border","invocations":1,"location":{"column":5,"line":168},"numPassingAsserts":1,"retryReasons":[],"status":"passed","title":"should apply thin border"},{"ancestorTitles":["GridGalleryGenerator","border styles"],"duration":0,"failureDetails":[],"failureMessages":[],"fullName":"GridGalleryGenerator border styles should apply thick border","invocations":1,"location":{"column":5,"line":175},"numPassingAsserts":1,"retryReasons":[],"status":"passed","title":"should apply thick border"},{"ancestorTitles":["GridGalleryGenerator","border styles"],"duration":0,"failureDetails":[],"failureMessages":[],"fullName":"GridGalleryGenerator border styles should apply polaroid style","invocations":1,"location":{"column":5,"line":182},"numPassingAsserts":2,"retryReasons":[],"status":"passed","title":"should apply polaroid style"},{"ancestorTitles":["GridGalleryGenerator","border styles"],"duration":0,"failureDetails":[],"failureMessages":[],"fullName":"GridGalleryGenerator border styles should have no border by default","invocations":1,"location":{"column":5,"line":190},"numPassingAsserts":1,"retryReasons":[],"status":"passed","title":"should have no border by default"},{"ancestorTitles":["GridGalleryGenerator","edge cases"],"duration":0,"failureDetails":[],"failureMessages":[],"fullName":"GridGalleryGenerator edge cases should handle empty photo array","invocations":1,"location":{"column":5,"line":203},"numPassingAsserts":2,"retryReasons":[],"status":"passed","title":"should handle empty photo array"},{"ancestorTitles":["GridGalleryGenerator","edge cases"],"duration":0,"failureDetails":[],"failureMessages":[],"fullName":"GridGalleryGenerator edge cases should handle photos without captions","invocations":1,"location":{"column":5,"line":210},"numPassingAsserts":2,"retryReasons":[],"status":"passed","title":"should handle photos without captions"},{"ancestorTitles":["GridGalleryGenerator","edge cases"],"duration":0,"failureDetails":[],"failureMessages":[],"fullName":"GridGalleryGenerator edge cases should handle photos without EXIF data","invocations":1,"location":{"column":5,"line":222},"numPassingAsserts":2,"retryReasons":[],"status":"passed","title":"should handle photos without EXIF data"}],"endTime":1766327984010,"message":"","name":"/Users/juliasavran/Sites/metravel2/metravel2/__tests__/services/pdf-export/layouts/GridGalleryGenerator.test.ts","startTime":1766327983930,"status":"passed","summary":""},{"assertionResults":[{"ancestorTitles":["MasonryGalleryGenerator","generateHTML"],"duration":1,"failureDetails":[],"failureMessages":[],"fullName":"MasonryGalleryGenerator generateHTML should generate HTML with masonry structure","invocations":1,"location":{"column":5,"line":67},"numPassingAsserts":3,"retryReasons":[],"status":"passed","title":"should generate HTML with masonry structure"},{"ancestorTitles":["MasonryGalleryGenerator","generateHTML"],"duration":1,"failureDetails":[],"failureMessages":[],"fullName":"MasonryGalleryGenerator generateHTML should create correct number of columns","invocations":1,"location":{"column":5,"line":75},"numPassingAsserts":1,"retryReasons":[],"status":"passed","title":"should create correct number of columns"},{"ancestorTitles":["MasonryGalleryGenerator","generateHTML"],"duration":0,"failureDetails":[],"failureMessages":[],"fullName":"MasonryGalleryGenerator generateHTML should distribute photos across columns","invocations":1,"location":{"column":5,"line":82},"numPassingAsserts":1,"retryReasons":[],"status":"passed","title":"should distribute photos across columns"},{"ancestorTitles":["MasonryGalleryGenerator","generateHTML"],"duration":0,"failureDetails":[],"failureMessages":[],"fullName":"MasonryGalleryGenerator generateHTML should respect column setting","invocations":1,"location":{"column":5,"line":89},"numPassingAsserts":1,"retryReasons":[],"status":"passed","title":"should respect column setting"},{"ancestorTitles":["MasonryGalleryGenerator","generateHTML"],"duration":0,"failureDetails":[],"failureMessages":[],"fullName":"MasonryGalleryGenerator generateHTML should apply custom gap","invocations":1,"location":{"column":5,"line":97},"numPassingAsserts":1,"retryReasons":[],"status":"passed","title":"should apply custom gap"},{"ancestorTitles":["MasonryGalleryGenerator","generateHTML"],"duration":1,"failureDetails":[],"failureMessages":[],"fullName":"MasonryGalleryGenerator generateHTML should maintain aspect ratios when enabled","invocations":1,"location":{"column":5,"line":104},"numPassingAsserts":1,"retryReasons":[],"status":"passed","title":"should maintain aspect ratios when enabled"},{"ancestorTitles":["MasonryGalleryGenerator","generateHTML"],"duration":0,"failureDetails":[],"failureMessages":[],"fullName":"MasonryGalleryGenerator generateHTML should use fixed aspect ratio when disabled","invocations":1,"location":{"column":5,"line":112},"numPassingAsserts":1,"retryReasons":[],"status":"passed","title":"should use fixed aspect ratio when disabled"},{"ancestorTitles":["MasonryGalleryGenerator","photo distribution"],"duration":0,"failureDetails":[],"failureMessages":[],"fullName":"MasonryGalleryGenerator photo distribution should distribute photos to balance column heights","invocations":1,"location":{"column":5,"line":122},"numPassingAsserts":3,"retryReasons":[],"status":"passed","title":"should distribute photos to balance column heights"},{"ancestorTitles":["MasonryGalleryGenerator","photo distribution"],"duration":0,"failureDetails":[],"failureMessages":[],"fullName":"MasonryGalleryGenerator photo distribution should handle photos without aspect ratio","invocations":1,"location":{"column":5,"line":147},"numPassingAsserts":2,"retryReasons":[],"status":"passed","title":"should handle photos without aspect ratio"},{"ancestorTitles":["MasonryGalleryGenerator","photo distribution"],"duration":1,"failureDetails":[],"failureMessages":[],"fullName":"MasonryGalleryGenerator photo distribution should calculate aspect ratio from width and height","invocations":1,"location":{"column":5,"line":160},"numPassingAsserts":2,"retryReasons":[],"status":"passed","title":"should calculate aspect ratio from width and height"},{"ancestorTitles":["MasonryGalleryGenerator","captions"],"duration":0,"failureDetails":[],"failureMessages":[],"fullName":"MasonryGalleryGenerator captions should show overlay captions by default","invocations":1,"location":{"column":5,"line":174},"numPassingAsserts":2,"retryReasons":[],"status":"passed","title":"should show overlay captions by default"},{"ancestorTitles":["MasonryGalleryGenerator","captions"],"duration":0,"failureDetails":[],"failureMessages":[],"fullName":"MasonryGalleryGenerator captions should support top position","invocations":1,"location":{"column":5,"line":183},"numPassingAsserts":2,"retryReasons":[],"status":"passed","title":"should support top position"},{"ancestorTitles":["MasonryGalleryGenerator","captions"],"duration":0,"failureDetails":[],"failureMessages":[],"fullName":"MasonryGalleryGenerator captions should support bottom position","invocations":1,"location":{"column":5,"line":191},"numPassingAsserts":2,"retryReasons":[],"status":"passed","title":"should support bottom position"},{"ancestorTitles":["MasonryGalleryGenerator","border styles"],"duration":0,"failureDetails":[],"failureMessages":[],"fullName":"MasonryGalleryGenerator border styles should apply thin border","invocations":1,"location":{"column":5,"line":201},"numPassingAsserts":1,"retryReasons":[],"status":"passed","title":"should apply thin border"},{"ancestorTitles":["MasonryGalleryGenerator","border styles"],"duration":0,"failureDetails":[],"failureMessages":[],"fullName":"MasonryGalleryGenerator border styles should apply thick border","invocations":1,"location":{"column":5,"line":208},"numPassingAsserts":1,"retryReasons":[],"status":"passed","title":"should apply thick border"},{"ancestorTitles":["MasonryGalleryGenerator","border styles"],"duration":0,"failureDetails":[],"failureMessages":[],"fullName":"MasonryGalleryGenerator border styles should have rounded corners by default","invocations":1,"location":{"column":5,"line":215},"numPassingAsserts":1,"retryReasons":[],"status":"passed","title":"should have rounded corners by default"},{"ancestorTitles":["MasonryGalleryGenerator","edge cases"],"duration":0,"failureDetails":[],"failureMessages":[],"fullName":"MasonryGalleryGenerator edge cases should handle empty photo array","invocations":1,"location":{"column":5,"line":223},"numPassingAsserts":2,"retryReasons":[],"status":"passed","title":"should handle empty photo array"},{"ancestorTitles":["MasonryGalleryGenerator","edge cases"],"duration":0,"failureDetails":[],"failureMessages":[],"fullName":"MasonryGalleryGenerator edge cases should handle single photo","invocations":1,"location":{"column":5,"line":231},"numPassingAsserts":2,"retryReasons":[],"status":"passed","title":"should handle single photo"},{"ancestorTitles":["MasonryGalleryGenerator","edge cases"],"duration":0,"failureDetails":[],"failureMessages":[],"fullName":"MasonryGalleryGenerator edge cases should handle more photos than columns","invocations":1,"location":{"column":5,"line":239},"numPassingAsserts":1,"retryReasons":[],"status":"passed","title":"should handle more photos than columns"}],"endTime":1766327984101,"message":"","name":"/Users/juliasavran/Sites/metravel2/metravel2/__tests__/services/pdf-export/layouts/MasonryGalleryGenerator.test.ts","startTime":1766327984017,"status":"passed","summary":""},{"assertionResults":[],"coverage":{},"endTime":1766327984381,"message":"  ● Test suite failed to run\n\n    TypeError: (0 , _expoModulesCore.createPermissionHook) is not a function\n\n      11 |   Alert,\n      12 | } from 'react-native';\n    > 13 | import * as ImagePicker from 'expo-image-picker';\n         | ^\n      14 | import { uploadImage } from '@/src/api/misc';\n      15 | import { FontAwesome, Feather } from '@expo/vector-icons';\n      16 | import { DESIGN_TOKENS } from '@/constants/designSystem';\n\n      at Object.<anonymous> (node_modules/expo-image-picker/src/ImagePicker.ts:106:63)\n      at Object.require (components/imageUpload/ImageUploadComponent.ios.tsx:13:1)\n      at Object.require (components/MarkersListComponent.tsx:6:1)\n      at Object.require (components/travel/WebMapComponent.tsx:2:1)\n      at Object.<anonymous> (__tests__/components/travel/WebMapComponent.helpers.test.ts:1:1)\n","name":"/Users/juliasavran/Sites/metravel2/metravel2/__tests__/components/travel/WebMapComponent.helpers.test.ts","startTime":1766327984381,"status":"failed","summary":""}],"wasInterrupted":false}
