{"numFailedTestSuites":0,"numFailedTests":0,"numPassedTestSuites":4,"numPassedTests":59,"numPendingTestSuites":0,"numPendingTests":0,"numRuntimeErrorTestSuites":0,"numTodoTests":0,"numTotalTestSuites":4,"numTotalTests":59,"openHandles":[],"snapshot":{"added":0,"didUpdate":false,"failure":false,"filesAdded":0,"filesRemoved":0,"filesRemovedList":[],"filesUnmatched":0,"filesUpdated":0,"matched":0,"total":0,"unchecked":0,"uncheckedKeysByFile":[],"unmatched":0,"updated":0},"startTime":1770832900254,"success":true,"testResults":[{"assertionResults":[{"ancestorTitles":["SubscriptionsScreen"],"duration":27,"failureDetails":[],"failureMessages":[],"fullName":"SubscriptionsScreen shows login prompt when not authenticated","invocations":1,"location":null,"numPassingAsserts":1,"retryReasons":[],"status":"passed","title":"shows login prompt when not authenticated"},{"ancestorTitles":["SubscriptionsScreen"],"duration":64,"failureDetails":[],"failureMessages":[],"fullName":"SubscriptionsScreen shows empty state when no subscriptions","invocations":1,"location":null,"numPassingAsserts":1,"retryReasons":[],"status":"passed","title":"shows empty state when no subscriptions"},{"ancestorTitles":["SubscriptionsScreen"],"duration":62,"failureDetails":[],"failureMessages":[],"fullName":"SubscriptionsScreen shows subscribed authors with their names","invocations":1,"location":null,"numPassingAsserts":1,"retryReasons":[],"status":"passed","title":"shows subscribed authors with their names"},{"ancestorTitles":["SubscriptionsScreen"],"duration":62,"failureDetails":[],"failureMessages":[],"fullName":"SubscriptionsScreen shows header with author count","invocations":1,"location":null,"numPassingAsserts":1,"retryReasons":[],"status":"passed","title":"shows header with author count"},{"ancestorTitles":["SubscriptionsScreen"],"duration":7,"failureDetails":[],"failureMessages":[],"fullName":"SubscriptionsScreen shows loading state when auth is not ready","invocations":1,"location":null,"numPassingAsserts":1,"retryReasons":[],"status":"passed","title":"shows loading state when auth is not ready"},{"ancestorTitles":["SubscriptionsScreen"],"duration":61,"failureDetails":[],"failureMessages":[],"fullName":"SubscriptionsScreen shows tab bar with Подписки and Подписчики tabs","invocations":1,"location":null,"numPassingAsserts":2,"retryReasons":[],"status":"passed","title":"shows tab bar with Подписки and Подписчики tabs"},{"ancestorTitles":["SubscriptionsScreen"],"duration":79,"failureDetails":[],"failureMessages":[],"fullName":"SubscriptionsScreen shows subscribers list when Подписчики tab is pressed","invocations":1,"location":null,"numPassingAsserts":1,"retryReasons":[],"status":"passed","title":"shows subscribers list when Подписчики tab is pressed"},{"ancestorTitles":["SubscriptionsScreen"],"duration":67,"failureDetails":[],"failureMessages":[],"fullName":"SubscriptionsScreen shows empty state for subscribers tab when no subscribers","invocations":1,"location":null,"numPassingAsserts":1,"retryReasons":[],"status":"passed","title":"shows empty state for subscribers tab when no subscribers"},{"ancestorTitles":["SubscriptionsScreen"],"duration":66,"failureDetails":[],"failureMessages":[],"fullName":"SubscriptionsScreen opens travel by explicit url, then falls back to slug and id routes","invocations":1,"location":null,"numPassingAsserts":3,"retryReasons":[],"status":"passed","title":"opens travel by explicit url, then falls back to slug and id routes"}],"endTime":1770832904210,"message":"","name":"/Users/juliasavran/Sites/metravel2/metravel2/__tests__/app/subscriptions.test.tsx","startTime":1770832900775,"status":"passed","summary":""},{"assertionResults":[{"ancestorTitles":["ProfileScreen"],"duration":33,"failureDetails":[],"failureMessages":[],"fullName":"ProfileScreen shows EmptyState when user is not authenticated","invocations":1,"location":null,"numPassingAsserts":2,"retryReasons":[],"status":"passed","title":"shows EmptyState when user is not authenticated"},{"ancestorTitles":["ProfileScreen"],"duration":134,"failureDetails":[],"failureMessages":[],"fullName":"ProfileScreen shows profile info, quick actions and stats","invocations":1,"location":null,"numPassingAsserts":8,"retryReasons":[],"status":"passed","title":"shows profile info, quick actions and stats"},{"ancestorTitles":["ProfileScreen"],"duration":172,"failureDetails":[],"failureMessages":[],"fullName":"ProfileScreen logout works","invocations":1,"location":null,"numPassingAsserts":3,"retryReasons":[],"status":"passed","title":"logout works"},{"ancestorTitles":["ProfileScreen"],"duration":117,"failureDetails":[],"failureMessages":[],"fullName":"ProfileScreen switches tabs and shows content","invocations":1,"location":null,"numPassingAsserts":3,"retryReasons":[],"status":"passed","title":"switches tabs and shows content"}],"endTime":1770832905321,"message":"","name":"/Users/juliasavran/Sites/metravel2/metravel2/__tests__/components/profile.test.tsx","startTime":1770832904250,"status":"passed","summary":""},{"assertionResults":[{"ancestorTitles":["ExportScreen"],"duration":25,"failureDetails":[],"failureMessages":[],"fullName":"ExportScreen shows login empty state for unauthenticated users","invocations":1,"location":null,"numPassingAsserts":2,"retryReasons":[],"status":"passed","title":"shows login empty state for unauthenticated users"},{"ancestorTitles":["ExportScreen"],"duration":20,"failureDetails":[],"failureMessages":[],"fullName":"ExportScreen does not show empty state until userId is available","invocations":1,"location":null,"numPassingAsserts":3,"retryReasons":[],"status":"passed","title":"does not show empty state until userId is available"},{"ancestorTitles":["ExportScreen"],"duration":62,"failureDetails":[],"failureMessages":[],"fullName":"ExportScreen shows empty state when there are no travels","invocations":1,"location":null,"numPassingAsserts":2,"retryReasons":[],"status":"passed","title":"shows empty state when there are no travels"},{"ancestorTitles":["ExportScreen"],"duration":6,"failureDetails":[],"failureMessages":[],"fullName":"ExportScreen falls back to the list when count query fails","invocations":1,"location":null,"numPassingAsserts":2,"retryReasons":[],"status":"passed","title":"falls back to the list when count query fails"}],"endTime":1770832905935,"message":"","name":"/Users/juliasavran/Sites/metravel2/metravel2/__tests__/app/export.test.tsx","startTime":1770832905349,"status":"passed","summary":""},{"assertionResults":[{"ancestorTitles":["src/api/travelsApi.ts","normalizeTravelItem"],"duration":17,"failureDetails":[],"failureMessages":[],"fullName":"src/api/travelsApi.ts normalizeTravelItem builds canonical travel url and hydrates user from user_ids","invocations":1,"location":null,"numPassingAsserts":3,"retryReasons":[],"status":"passed","title":"builds canonical travel url and hydrates user from user_ids"},{"ancestorTitles":["src/api/travelsApi.ts","normalizeTravelItem"],"duration":30,"failureDetails":[],"failureMessages":[],"fullName":"src/api/travelsApi.ts normalizeTravelItem normalizes gallery urls and keeps existing user id unchanged","invocations":1,"location":null,"numPassingAsserts":4,"retryReasons":[],"status":"passed","title":"normalizes gallery urls and keeps existing user id unchanged"},{"ancestorTitles":["src/api/travelsApi.ts","fetchTravelsForMap normalization"],"duration":2,"failureDetails":[],"failureMessages":[],"fullName":"src/api/travelsApi.ts fetchTravelsForMap normalization normalizes snake_case payload into TravelCoords shape","invocations":1,"location":null,"numPassingAsserts":1,"retryReasons":[],"status":"passed","title":"normalizes snake_case payload into TravelCoords shape"},{"ancestorTitles":["src/api/travelsApi.ts","fetchTravelsForMap normalization"],"duration":1,"failureDetails":[],"failureMessages":[],"fullName":"src/api/travelsApi.ts fetchTravelsForMap normalization derives coord from lat/lng and supports categoryName field","invocations":1,"location":null,"numPassingAsserts":1,"retryReasons":[],"status":"passed","title":"derives coord from lat/lng and supports categoryName field"},{"ancestorTitles":["src/api/travelsApi.ts","fetchTravels"],"duration":3,"failureDetails":[],"failureMessages":[],"fullName":"src/api/travelsApi.ts fetchTravels должен возвращать массив, если API отдаёт массив","invocations":1,"location":null,"numPassingAsserts":2,"retryReasons":[],"status":"passed","title":"должен возвращать массив, если API отдаёт массив"},{"ancestorTitles":["src/api/travelsApi.ts","fetchTravels"],"duration":2,"failureDetails":[],"failureMessages":[],"fullName":"src/api/travelsApi.ts fetchTravels должен возвращать {data,total} при объектном ответе","invocations":1,"location":null,"numPassingAsserts":3,"retryReasons":[],"status":"passed","title":"должен возвращать {data,total} при объектном ответе"},{"ancestorTitles":["src/api/travelsApi.ts","fetchTravels"],"duration":3,"failureDetails":[],"failureMessages":[],"fullName":"src/api/travelsApi.ts fetchTravels нормализует total/count, даже если backend прислал строки","invocations":1,"location":null,"numPassingAsserts":2,"retryReasons":[],"status":"passed","title":"нормализует total/count, даже если backend прислал строки"},{"ancestorTitles":["src/api/travelsApi.ts","fetchTravels"],"duration":4,"failureDetails":[],"failureMessages":[],"fullName":"src/api/travelsApi.ts fetchTravels должен корректно обрабатывать Invalid page в ошибочном ответе","invocations":1,"location":null,"numPassingAsserts":1,"retryReasons":[],"status":"passed","title":"должен корректно обрабатывать Invalid page в ошибочном ответе"},{"ancestorTitles":["src/api/travelsApi.ts","fetchTravels"],"duration":6,"failureDetails":[],"failureMessages":[],"fullName":"src/api/travelsApi.ts fetchTravels корректно обрабатывает Invalid page в успешном payload","invocations":1,"location":null,"numPassingAsserts":1,"retryReasons":[],"status":"passed","title":"корректно обрабатывает Invalid page в успешном payload"},{"ancestorTitles":["src/api/travelsApi.ts","fetchTravels"],"duration":10,"failureDetails":[],"failureMessages":[],"fullName":"src/api/travelsApi.ts fetchTravels не добавляет publish по умолчанию, если есть user_id (user-scoped)","invocations":1,"location":null,"numPassingAsserts":3,"retryReasons":[],"status":"passed","title":"не добавляет publish по умолчанию, если есть user_id (user-scoped)"},{"ancestorTitles":["src/api/travelsApi.ts","fetchTravels"],"duration":7,"failureDetails":[],"failureMessages":[],"fullName":"src/api/travelsApi.ts fetchTravels нормализует year в whereObject как строку","invocations":1,"location":null,"numPassingAsserts":1,"retryReasons":[],"status":"passed","title":"нормализует year в whereObject как строку"},{"ancestorTitles":["src/api/travelsApi.ts","fetchTravels"],"duration":6,"failureDetails":[],"failureMessages":[],"fullName":"src/api/travelsApi.ts fetchTravels обрабатывает неожиданный объект без data как пустой результат","invocations":1,"location":null,"numPassingAsserts":1,"retryReasons":[],"status":"passed","title":"обрабатывает неожиданный объект без data как пустой результат"},{"ancestorTitles":["src/api/travelsApi.ts","fetchTravels"],"duration":1,"failureDetails":[],"failureMessages":[],"fullName":"src/api/travelsApi.ts fetchTravels обрабатывает unknown shape со строковым total","invocations":1,"location":null,"numPassingAsserts":1,"retryReasons":[],"status":"passed","title":"обрабатывает unknown shape со строковым total"},{"ancestorTitles":["src/api/travelsApi.ts","fetchTravels"],"duration":8,"failureDetails":[],"failureMessages":[],"fullName":"src/api/travelsApi.ts fetchTravels нормализует числовые массивы фильтров и отбрасывает мусорные значения","invocations":1,"location":null,"numPassingAsserts":2,"retryReasons":[],"status":"passed","title":"нормализует числовые массивы фильтров и отбрасывает мусорные значения"},{"ancestorTitles":["src/api/travelsApi.ts","fetchTravels"],"duration":17,"failureDetails":[],"failureMessages":[],"fullName":"src/api/travelsApi.ts fetchTravels отбрасывает Infinity/NaN/whitespace и сохраняет только конечные числа","invocations":1,"location":null,"numPassingAsserts":2,"retryReasons":[],"status":"passed","title":"отбрасывает Infinity/NaN/whitespace и сохраняет только конечные числа"},{"ancestorTitles":["src/api/travelsApi.ts","fetchRandomTravels"],"duration":11,"failureDetails":[],"failureMessages":[],"fullName":"src/api/travelsApi.ts fetchRandomTravels использует endpoint /api/travels/random и всегда проставляет moderation=1,publish=1 без page/perPage","invocations":1,"location":null,"numPassingAsserts":5,"retryReasons":[],"status":"passed","title":"использует endpoint /api/travels/random и всегда проставляет moderation=1,publish=1 без page/perPage"},{"ancestorTitles":["src/api/travelsApi.ts","fetchRandomTravels"],"duration":3,"failureDetails":[],"failureMessages":[],"fullName":"src/api/travelsApi.ts fetchRandomTravels возвращает массив и total при объектном ответе","invocations":1,"location":null,"numPassingAsserts":2,"retryReasons":[],"status":"passed","title":"возвращает массив и total при объектном ответе"},{"ancestorTitles":["src/api/travelsApi.ts","fetchRandomTravels"],"duration":3,"failureDetails":[],"failureMessages":[],"fullName":"src/api/travelsApi.ts fetchRandomTravels нормализует total/count строки в random-ответах","invocations":1,"location":null,"numPassingAsserts":2,"retryReasons":[],"status":"passed","title":"нормализует total/count строки в random-ответах"},{"ancestorTitles":["src/api/travelsApi.ts","fetchRandomTravels"],"duration":3,"failureDetails":[],"failureMessages":[],"fullName":"src/api/travelsApi.ts fetchRandomTravels корректно обрабатывает Invalid page","invocations":1,"location":null,"numPassingAsserts":1,"retryReasons":[],"status":"passed","title":"корректно обрабатывает Invalid page"},{"ancestorTitles":["src/api/travelsApi.ts","fetchRandomTravels"],"duration":3,"failureDetails":[],"failureMessages":[],"fullName":"src/api/travelsApi.ts fetchRandomTravels корректно обрабатывает Invalid page в успешном random payload","invocations":1,"location":null,"numPassingAsserts":1,"retryReasons":[],"status":"passed","title":"корректно обрабатывает Invalid page в успешном random payload"},{"ancestorTitles":["src/api/travelsApi.ts","fetchRandomTravels"],"duration":4,"failureDetails":[],"failureMessages":[],"fullName":"src/api/travelsApi.ts fetchRandomTravels возвращает total из unknown shape со строковым total","invocations":1,"location":null,"numPassingAsserts":1,"retryReasons":[],"status":"passed","title":"возвращает total из unknown shape со строковым total"},{"ancestorTitles":["src/api/travelsApi.ts","fetchMyTravels"],"duration":7,"failureDetails":[],"failureMessages":[],"fullName":"src/api/travelsApi.ts fetchMyTravels ставит publish/moderation по умолчанию и сериализует where","invocations":1,"location":null,"numPassingAsserts":1,"retryReasons":[],"status":"passed","title":"ставит publish/moderation по умолчанию и сериализует where"},{"ancestorTitles":["src/api/travelsApi.ts","fetchMyTravels"],"duration":5,"failureDetails":[],"failureMessages":[],"fullName":"src/api/travelsApi.ts fetchMyTravels собирает country/year/gallery и не подставляет статусы при includeDrafts=true","invocations":1,"location":null,"numPassingAsserts":3,"retryReasons":[],"status":"passed","title":"собирает country/year/gallery и не подставляет статусы при includeDrafts=true"},{"ancestorTitles":["src/api/travelsApi.ts","fetchMyTravels"],"duration":4,"failureDetails":[],"failureMessages":[],"fullName":"src/api/travelsApi.ts fetchMyTravels unwrapMyTravelsPayload нормализует total/count и списки","invocations":1,"location":null,"numPassingAsserts":2,"retryReasons":[],"status":"passed","title":"unwrapMyTravelsPayload нормализует total/count и списки"},{"ancestorTitles":["src/api/travelsApi.ts","простые API-обёртки"],"duration":56,"failureDetails":[],"failureMessages":[],"fullName":"src/api/travelsApi.ts простые API-обёртки fetchTravel бросает ошибку при ошибке","invocations":1,"location":null,"numPassingAsserts":2,"retryReasons":[],"status":"passed","title":"fetchTravel бросает ошибку при ошибке"},{"ancestorTitles":["src/api/travelsApi.ts","простые API-обёртки"],"duration":5,"failureDetails":[],"failureMessages":[],"fullName":"src/api/travelsApi.ts простые API-обёртки fetchTravel использует кэш только для неавторизованных пользователей","invocations":1,"location":null,"numPassingAsserts":3,"retryReasons":[],"status":"passed","title":"fetchTravel использует кэш только для неавторизованных пользователей"},{"ancestorTitles":["src/api/travelsApi.ts","простые API-обёртки"],"duration":3,"failureDetails":[],"failureMessages":[],"fullName":"src/api/travelsApi.ts простые API-обёртки fetchTravel добавляет Authorization и не кэширует авторизованные ответы","invocations":1,"location":null,"numPassingAsserts":3,"retryReasons":[],"status":"passed","title":"fetchTravel добавляет Authorization и не кэширует авторизованные ответы"},{"ancestorTitles":["src/api/travelsApi.ts","простые API-обёртки"],"duration":5,"failureDetails":[],"failureMessages":[],"fullName":"src/api/travelsApi.ts простые API-обёртки fetchTravelBySlug бросает ошибку при ошибке","invocations":1,"location":null,"numPassingAsserts":2,"retryReasons":[],"status":"passed","title":"fetchTravelBySlug бросает ошибку при ошибке"},{"ancestorTitles":["src/api/travelsApi.ts","простые API-обёртки"],"duration":3,"failureDetails":[],"failureMessages":[],"fullName":"src/api/travelsApi.ts простые API-обёртки fetchTravelBySlug передаёт токен, если он есть","invocations":1,"location":null,"numPassingAsserts":2,"retryReasons":[],"status":"passed","title":"fetchTravelBySlug передаёт токен, если он есть"},{"ancestorTitles":["src/api/travelsApi.ts","простые API-обёртки"],"duration":2,"failureDetails":[],"failureMessages":[],"fullName":"src/api/travelsApi.ts простые API-обёртки fetchTravelBySlug использует путь /api/travels/by-slug/{slug}/","invocations":1,"location":null,"numPassingAsserts":2,"retryReasons":[],"status":"passed","title":"fetchTravelBySlug использует путь /api/travels/by-slug/{slug}/"},{"ancestorTitles":["src/api/travelsApi.ts","простые API-обёртки"],"duration":4,"failureDetails":[],"failureMessages":[],"fullName":"src/api/travelsApi.ts простые API-обёртки fetchTravel пробрасывает AbortError без логирования","invocations":1,"location":null,"numPassingAsserts":2,"retryReasons":[],"status":"passed","title":"fetchTravel пробрасывает AbortError без логирования"},{"ancestorTitles":["src/api/travelsApi.ts","простые API-обёртки"],"duration":2,"failureDetails":[],"failureMessages":[],"fullName":"src/api/travelsApi.ts простые API-обёртки fetchTravelBySlug пробрасывает AbortError без логирования","invocations":1,"location":null,"numPassingAsserts":2,"retryReasons":[],"status":"passed","title":"fetchTravelBySlug пробрасывает AbortError без логирования"},{"ancestorTitles":["src/api/travelsApi.ts","простые API-обёртки"],"duration":1,"failureDetails":[],"failureMessages":[],"fullName":"src/api/travelsApi.ts простые API-обёртки fetchTravelsNear пробрасывает AbortError","invocations":1,"location":null,"numPassingAsserts":1,"retryReasons":[],"status":"passed","title":"fetchTravelsNear пробрасывает AbortError"},{"ancestorTitles":["src/api/travelsApi.ts","простые API-обёртки"],"duration":0,"failureDetails":[],"failureMessages":[],"fullName":"src/api/travelsApi.ts простые API-обёртки fetchTravelsPopular возвращает пустой объект при ошибке","invocations":1,"location":null,"numPassingAsserts":1,"retryReasons":[],"status":"passed","title":"fetchTravelsPopular возвращает пустой объект при ошибке"},{"ancestorTitles":["src/api/travelsApi.ts","простые API-обёртки"],"duration":1,"failureDetails":[],"failureMessages":[],"fullName":"src/api/travelsApi.ts простые API-обёртки fetchTravelsForMap возвращает пустой массив при ошибке","invocations":1,"location":null,"numPassingAsserts":1,"retryReasons":[],"status":"passed","title":"fetchTravelsForMap возвращает пустой массив при ошибке"},{"ancestorTitles":["src/api/travelsApi.ts","fetchTravelsNearRoute и справочные методы"],"duration":7,"failureDetails":[],"failureMessages":[],"fullName":"src/api/travelsApi.ts fetchTravelsNearRoute и справочные методы fetchTravelsNearRoute возвращает данные при успешном ответе","invocations":1,"location":null,"numPassingAsserts":3,"retryReasons":[],"status":"passed","title":"fetchTravelsNearRoute возвращает данные при успешном ответе"},{"ancestorTitles":["src/api/travelsApi.ts","fetchTravelsNearRoute и справочные методы"],"duration":4,"failureDetails":[],"failureMessages":[],"fullName":"src/api/travelsApi.ts fetchTravelsNearRoute и справочные методы fetchTravelsNearRoute возвращает пустой массив при неуспешном ответе","invocations":1,"location":null,"numPassingAsserts":1,"retryReasons":[],"status":"passed","title":"fetchTravelsNearRoute возвращает пустой массив при неуспешном ответе"},{"ancestorTitles":["src/api/travelsApi.ts","fetchTravelsNearRoute и справочные методы"],"duration":0,"failureDetails":[],"failureMessages":[],"fullName":"src/api/travelsApi.ts fetchTravelsNearRoute и справочные методы fetchArticle возвращает дефолт при ошибке","invocations":1,"location":null,"numPassingAsserts":2,"retryReasons":[],"status":"passed","title":"fetchArticle возвращает дефолт при ошибке"},{"ancestorTitles":["src/api/travelsApi.ts","fetchTravelsNearRoute и справочные методы"],"duration":0,"failureDetails":[],"failureMessages":[],"fullName":"src/api/travelsApi.ts fetchTravelsNearRoute и справочные методы fetchFilters возвращает дефолт при ошибке","invocations":1,"location":null,"numPassingAsserts":2,"retryReasons":[],"status":"passed","title":"fetchFilters возвращает дефолт при ошибке"},{"ancestorTitles":["src/api/travelsApi.ts","fetchTravelsNearRoute и справочные методы"],"duration":4,"failureDetails":[],"failureMessages":[],"fullName":"src/api/travelsApi.ts fetchTravelsNearRoute и справочные методы fetchFiltersCountry возвращает дефолт при ошибке","invocations":1,"location":null,"numPassingAsserts":2,"retryReasons":[],"status":"passed","title":"fetchFiltersCountry возвращает дефолт при ошибке"},{"ancestorTitles":["src/api/travelsApi.ts","fetchTravelsNearRoute и справочные методы"],"duration":1,"failureDetails":[],"failureMessages":[],"fullName":"src/api/travelsApi.ts fetchTravelsNearRoute и справочные методы fetchAllCountries возвращает дефолт при ошибке","invocations":1,"location":null,"numPassingAsserts":2,"retryReasons":[],"status":"passed","title":"fetchAllCountries возвращает дефолт при ошибке"},{"ancestorTitles":["src/api/travelsApi.ts","fetchArticles/fetchTravelsby/fetchFiltersTravel"],"duration":3,"failureDetails":[],"failureMessages":[],"fullName":"src/api/travelsApi.ts fetchArticles/fetchTravelsby/fetchFiltersTravel fetchArticles подставляет publish/moderation по умолчанию","invocations":1,"location":null,"numPassingAsserts":3,"retryReasons":[],"status":"passed","title":"fetchArticles подставляет publish/moderation по умолчанию"}],"endTime":1770832906503,"message":"","name":"/Users/juliasavran/Sites/metravel2/metravel2/__tests__/api/travels.test.ts","startTime":1770832905960,"status":"passed","summary":""}],"wasInterrupted":false}
