TN:
SF:app/(tabs)/chat.tsx
FN:5,ChatScreen
FNF:1
FNH:1
FNDA:11,ChatScreen
DA:6,11
LF:1
LH:1
BRF:0
BRH:0
end_of_record
TN:
SF:app/(tabs)/login.tsx
FN:35,Login
FN:50,(anonymous_1)
FN:53,(anonymous_2)
FN:77,(anonymous_3)
FN:147,(anonymous_4)
FN:178,(anonymous_5)
FN:218,(anonymous_6)
FN:226,(anonymous_7)
FNF:8
FNH:7
FNDA:44,Login
FNDA:21,(anonymous_1)
FNDA:7,(anonymous_2)
FNDA:11,(anonymous_3)
FNDA:109,(anonymous_4)
FNDA:1,(anonymous_5)
FNDA:7,(anonymous_6)
FNDA:0,(anonymous_7)
DA:28,1
DA:37,44
DA:38,43
DA:41,43
DA:42,43
DA:43,43
DA:45,43
DA:46,43
DA:47,43
DA:48,43
DA:50,43
DA:53,43
DA:55,7
DA:57,7
DA:58,0
DA:59,0
DA:63,7
DA:64,7
DA:65,1
DA:66,1
DA:69,6
DA:70,6
DA:71,4
DA:73,2
DA:77,43
DA:81,11
DA:82,11
DA:83,11
DA:84,9
DA:86,8
DA:88,1
DA:91,2
DA:93,11
DA:97,43
DA:99,43
DA:102,43
DA:156,109
DA:178,1
DA:218,7
DA:226,0
DA:246,1
LF:41
LH:38
BRDA:47,0,0,43
BRDA:47,0,1,43
BRDA:48,1,0,43
BRDA:48,1,1,0
BRDA:50,2,0,11
BRDA:57,3,0,0
BRDA:57,3,1,7
BRDA:64,4,0,1
BRDA:64,4,1,6
BRDA:73,5,0,2
BRDA:73,5,1,1
BRDA:84,6,0,8
BRDA:84,6,1,1
BRDA:91,7,0,2
BRDA:91,7,1,1
BRDA:104,8,0,43
BRDA:104,8,1,43
BRDA:117,9,0,43
BRDA:117,9,1,0
BRDA:131,10,0,43
BRDA:131,10,1,9
BRDA:135,11,0,7
BRDA:135,11,1,2
BRDA:160,12,0,4
BRDA:160,12,1,105
BRDA:160,13,0,109
BRDA:160,13,1,32
BRDA:166,14,0,109
BRDA:166,14,1,32
BRDA:166,14,2,4
BRDA:185,15,0,1
BRDA:185,15,1,108
BRDA:185,16,0,109
BRDA:185,16,1,32
BRDA:192,17,0,109
BRDA:192,17,1,32
BRDA:192,17,2,1
BRDA:214,18,0,17
BRDA:214,18,1,92
BRF:39
BRH:36
end_of_record
TN:
SF:app/(tabs)/map.tsx
FN:57,(anonymous_0)
FN:59,MapScreen
FN:88,(anonymous_2)
FN:90,(anonymous_3)
FN:91,(anonymous_4)
FN:100,(anonymous_5)
FN:105,(anonymous_6)
FN:113,(anonymous_7)
FN:115,(anonymous_8)
FN:121,(anonymous_9)
FN:150,(anonymous_10)
FN:151,(anonymous_11)
FN:157,(anonymous_12)
FN:158,(anonymous_13)
FN:170,(anonymous_14)
FN:203,(anonymous_15)
FN:246,(anonymous_16)
FN:252,(anonymous_17)
FN:253,(anonymous_18)
FN:274,(anonymous_19)
FN:275,(anonymous_20)
FN:278,(anonymous_21)
FN:279,(anonymous_22)
FN:282,(anonymous_23)
FN:291,(anonymous_24)
FN:304,(anonymous_25)
FN:305,(anonymous_26)
FN:305,(anonymous_27)
FN:316,(anonymous_28)
FN:323,(anonymous_29)
FN:330,(anonymous_30)
FN:335,(anonymous_31)
FN:342,(anonymous_32)
FN:348,(anonymous_33)
FN:352,(anonymous_34)
FN:353,(anonymous_35)
FN:361,(anonymous_36)
FN:363,(anonymous_37)
FN:408,(anonymous_38)
FN:418,(anonymous_39)
FN:429,(anonymous_40)
FN:434,(anonymous_41)
FN:458,(anonymous_42)
FN:463,(anonymous_43)
FN:488,(anonymous_44)
FN:492,(anonymous_45)
FN:507,(anonymous_46)
FN:508,(anonymous_47)
FN:512,(anonymous_48)
FN:513,(anonymous_49)
FN:535,(anonymous_50)
FN:549,(anonymous_51)
FN:566,(anonymous_52)
FN:585,(anonymous_53)
FNF:54
FNH:30
FNDA:1,(anonymous_0)
FNDA:11,MapScreen
FNDA:6,(anonymous_2)
FNDA:3,(anonymous_3)
FNDA:3,(anonymous_4)
FNDA:6,(anonymous_5)
FNDA:6,(anonymous_6)
FNDA:3,(anonymous_7)
FNDA:0,(anonymous_8)
FNDA:6,(anonymous_9)
FNDA:3,(anonymous_10)
FNDA:3,(anonymous_11)
FNDA:6,(anonymous_12)
FNDA:6,(anonymous_13)
FNDA:6,(anonymous_14)
FNDA:3,(anonymous_15)
FNDA:19,(anonymous_16)
FNDA:3,(anonymous_17)
FNDA:3,(anonymous_18)
FNDA:0,(anonymous_19)
FNDA:0,(anonymous_20)
FNDA:0,(anonymous_21)
FNDA:0,(anonymous_22)
FNDA:0,(anonymous_23)
FNDA:0,(anonymous_24)
FNDA:0,(anonymous_25)
FNDA:0,(anonymous_26)
FNDA:0,(anonymous_27)
FNDA:0,(anonymous_28)
FNDA:0,(anonymous_29)
FNDA:0,(anonymous_30)
FNDA:8,(anonymous_31)
FNDA:0,(anonymous_32)
FNDA:0,(anonymous_33)
FNDA:0,(anonymous_34)
FNDA:0,(anonymous_35)
FNDA:3,(anonymous_36)
FNDA:3,(anonymous_37)
FNDA:0,(anonymous_38)
FNDA:0,(anonymous_39)
FNDA:9,(anonymous_40)
FNDA:0,(anonymous_41)
FNDA:9,(anonymous_42)
FNDA:2,(anonymous_43)
FNDA:9,(anonymous_44)
FNDA:0,(anonymous_45)
FNDA:6,(anonymous_46)
FNDA:6,(anonymous_47)
FNDA:6,(anonymous_48)
FNDA:15,(anonymous_49)
FNDA:0,(anonymous_50)
FNDA:0,(anonymous_51)
FNDA:0,(anonymous_52)
FNDA:3,(anonymous_53)
DA:51,1
DA:52,1
DA:54,1
DA:55,1
DA:57,1
DA:60,11
DA:61,11
DA:62,11
DA:63,11
DA:64,11
DA:65,11
DA:68,10
DA:69,10
DA:70,10
DA:75,10
DA:76,10
DA:77,10
DA:78,10
DA:79,10
DA:80,10
DA:81,10
DA:82,10
DA:83,10
DA:84,10
DA:85,10
DA:86,10
DA:87,10
DA:88,10
DA:89,6
DA:90,3
DA:91,3
DA:95,10
DA:96,10
DA:97,10
DA:99,10
DA:100,6
DA:104,10
DA:106,6
DA:112,10
DA:114,3
DA:115,0
DA:120,10
DA:121,6
DA:146,10
DA:147,10
DA:150,10
DA:151,3
DA:152,3
DA:153,3
DA:155,3
DA:157,6
DA:160,6
DA:162,6
DA:165,6
DA:170,6
DA:181,0
DA:184,3
DA:196,10
DA:204,3
DA:219,3
DA:221,3
DA:222,3
DA:223,3
DA:229,2
DA:230,0
DA:231,0
DA:232,0
DA:233,0
DA:238,1
DA:239,1
DA:242,2
DA:246,19
DA:252,10
DA:253,3
DA:254,3
DA:255,3
DA:256,3
DA:258,3
DA:262,0
DA:267,3
DA:271,3
DA:274,10
DA:275,0
DA:278,10
DA:279,0
DA:282,10
DA:283,0
DA:291,10
DA:292,0
DA:293,0
DA:294,0
DA:295,0
DA:296,0
DA:298,0
DA:299,0
DA:304,10
DA:305,0
DA:306,0
DA:307,0
DA:309,0
DA:311,0
DA:312,0
DA:316,10
DA:317,0
DA:318,0
DA:319,0
DA:320,0
DA:323,10
DA:324,0
DA:325,0
DA:326,0
DA:330,10
DA:331,0
DA:335,10
DA:337,8
DA:338,8
DA:342,0
DA:343,0
DA:346,0
DA:348,0
DA:352,0
DA:353,0
DA:354,0
DA:360,10
DA:361,10
DA:363,10
DA:365,10
DA:371,10
DA:408,0
DA:418,0
DA:429,9
DA:434,0
DA:458,9
DA:463,2
DA:488,9
DA:492,0
DA:507,6
DA:508,6
DA:512,6
DA:513,15
DA:535,0
DA:549,0
DA:568,0
DA:585,3
LF:144
LH:99
BRDA:89,0,0,3
BRDA:89,0,1,3
BRDA:107,1,0,0
BRDA:107,1,1,6
BRDA:114,2,0,0
BRDA:114,2,1,3
BRDA:124,3,0,6
BRDA:124,3,1,0
BRDA:125,4,0,6
BRDA:125,4,1,6
BRDA:156,5,0,3
BRDA:156,5,1,0
BRDA:160,6,0,6
BRDA:160,6,1,0
BRDA:160,7,0,0
BRDA:160,7,1,0
BRDA:160,7,2,0
BRDA:162,8,0,0
BRDA:162,8,1,6
BRDA:162,9,0,6
BRDA:162,9,1,6
BRDA:162,9,2,0
BRDA:178,10,0,3
BRDA:178,10,1,0
BRDA:189,11,0,6
BRDA:199,12,0,10
BRDA:199,12,1,10
BRDA:199,12,2,0
BRDA:199,12,3,0
BRDA:199,12,4,10
BRDA:199,12,5,10
BRDA:222,13,0,3
BRDA:222,13,1,0
BRDA:229,14,0,2
BRDA:229,14,1,0
BRDA:230,15,0,0
BRDA:230,15,1,0
BRDA:230,16,0,0
BRDA:230,16,1,0
BRDA:232,17,0,0
BRDA:232,17,1,0
BRDA:232,18,0,0
BRDA:232,18,1,0
BRDA:233,19,0,0
BRDA:233,19,1,0
BRDA:256,20,0,0
BRDA:256,20,1,3
BRDA:292,21,0,0
BRDA:292,21,1,0
BRDA:292,22,0,0
BRDA:292,22,1,0
BRDA:294,23,0,0
BRDA:294,23,1,0
BRDA:306,24,0,0
BRDA:306,24,1,0
BRDA:311,25,0,0
BRDA:311,25,1,0
BRDA:324,26,0,0
BRDA:324,26,1,0
BRDA:337,27,0,8
BRDA:337,27,1,0
BRDA:337,28,0,8
BRDA:337,28,1,8
BRDA:343,29,0,0
BRDA:343,29,1,0
BRDA:360,30,0,10
BRDA:360,30,1,10
BRDA:361,31,0,3
BRDA:361,31,1,0
BRDA:373,32,0,10
BRDA:373,32,1,10
BRDA:373,32,2,0
BRDA:383,33,0,3
BRDA:383,33,1,7
BRDA:405,34,0,10
BRDA:405,34,1,0
BRDA:415,35,0,10
BRDA:415,35,1,10
BRDA:415,35,2,0
BRDA:423,36,0,10
BRDA:423,36,1,10
BRDA:431,37,0,9
BRDA:431,37,1,5
BRDA:432,38,0,9
BRDA:432,38,1,0
BRDA:440,39,0,10
BRDA:440,39,1,6
BRDA:444,40,0,6
BRDA:444,40,1,4
BRDA:448,41,0,10
BRDA:448,41,1,6
BRDA:451,42,0,10
BRDA:451,42,1,6
BRDA:460,43,0,9
BRDA:460,43,1,4
BRDA:461,44,0,9
BRDA:461,44,1,0
BRDA:469,45,0,10
BRDA:469,45,1,4
BRDA:473,46,0,4
BRDA:473,46,1,6
BRDA:477,47,0,10
BRDA:477,47,1,4
BRDA:480,48,0,10
BRDA:480,48,1,4
BRDA:490,49,0,9
BRDA:490,49,1,0
BRDA:503,50,0,6
BRDA:503,50,1,4
BRDA:507,51,0,6
BRDA:507,51,1,6
BRDA:509,52,0,6
BRDA:509,52,1,3
BRDA:510,53,0,6
BRDA:510,53,1,0
BRDA:539,54,0,2
BRDA:539,54,1,2
BRDA:539,55,0,4
BRDA:539,55,1,2
BRDA:544,56,0,1
BRDA:544,56,1,1
BRDA:555,57,0,1
BRDA:555,57,1,0
BRDA:555,57,2,0
BRDA:565,58,0,1
BRDA:565,58,1,0
BRDA:570,59,0,1
BRDA:570,59,1,0
BRDA:616,60,0,0
BRDA:616,60,1,3
BRDA:617,61,0,0
BRDA:617,61,1,3
BRDA:638,62,0,0
BRDA:638,62,1,3
BRDA:640,63,0,0
BRDA:640,63,1,3
BRDA:647,64,0,0
BRDA:647,64,1,3
BRDA:649,65,0,0
BRDA:649,65,1,3
BRF:140
BRH:81
end_of_record
TN:
SF:app/(tabs)/profile.tsx
FN:30,ProfileScreen
FN:43,(anonymous_1)
FN:47,(anonymous_2)
FN:91,(anonymous_3)
FN:109,(anonymous_4)
FN:131,(anonymous_5)
FN:138,(anonymous_6)
FN:145,(anonymous_7)
FN:151,(anonymous_8)
FN:191,(anonymous_9)
FNF:10
FNH:10
FNDA:11,ProfileScreen
FNDA:5,(anonymous_1)
FNDA:5,(anonymous_2)
FNDA:1,(anonymous_3)
FNDA:1,(anonymous_4)
FNDA:1,(anonymous_5)
FNDA:1,(anonymous_6)
FNDA:1,(anonymous_7)
FNDA:1,(anonymous_8)
FNDA:12,(anonymous_9)
DA:31,11
DA:32,11
DA:33,11
DA:34,11
DA:35,11
DA:36,11
DA:41,10
DA:43,10
DA:44,5
DA:47,10
DA:48,5
DA:49,5
DA:51,5
DA:52,5
DA:53,5
DA:54,5
DA:57,5
DA:58,5
DA:59,5
DA:61,5
DA:71,5
DA:73,0
DA:79,5
DA:85,0
DA:87,5
DA:91,10
DA:92,1
DA:93,1
DA:94,1
DA:96,0
DA:100,10
DA:101,4
DA:109,1
DA:116,6
DA:117,3
DA:126,3
DA:131,1
DA:138,1
DA:145,1
DA:151,1
DA:156,3
DA:192,12
DA:234,1
LF:43
LH:40
BRDA:58,0,0,5
BRDA:58,0,1,0
BRDA:71,1,0,5
BRDA:71,1,1,0
BRDA:100,2,0,4
BRDA:100,2,1,6
BRDA:116,3,0,3
BRDA:116,3,1,3
BRDA:166,4,0,3
BRDA:166,4,1,0
BRDA:167,5,0,3
BRDA:167,5,1,0
BRDA:207,6,0,12
BRDA:207,6,1,9
BRF:14
BRH:10
end_of_record
TN:
SF:app/(tabs)/travels/[param].tsx
FNF:0
FNH:0
LF:0
LH:0
BRF:0
BRH:0
end_of_record
TN:
SF:components/AIAssistantButton.tsx
FN:16,AIAssistantButton
FN:22,(anonymous_1)
FNF:2
FNH:2
FNDA:2,AIAssistantButton
FNDA:1,(anonymous_1)
DA:17,2
DA:18,2
DA:19,2
DA:20,2
DA:22,2
DA:24,1
DA:38,1
DA:41,2
DA:69,1
LF:9
LH:9
BRDA:47,0,0,0
BRDA:47,0,1,2
BRDA:48,1,0,0
BRDA:48,1,1,2
BRDA:59,2,0,2
BRDA:59,2,1,2
BRF:6
BRH:4
end_of_record
TN:
SF:components/AnimatedCard.tsx
FN:12,AnimatedCard
FN:21,(anonymous_1)
FNF:2
FNH:2
FNDA:14,AnimatedCard
FNDA:14,(anonymous_1)
DA:18,14
DA:19,14
DA:21,14
DA:22,14
DA:24,14
DA:41,14
DA:57,5
LF:7
LH:7
BRDA:14,0,0,4
BRDA:15,1,0,13
BRF:2
BRH:2
end_of_record
TN:
SF:components/ArticleListItem.tsx
FN:17,(anonymous_0)
FN:22,(anonymous_1)
FNF:2
FNH:2
FNDA:4,(anonymous_0)
FNDA:1,(anonymous_1)
DA:13,1
DA:15,1
DA:17,1
DA:18,4
DA:20,4
DA:22,1
DA:49,1
LF:7
LH:7
BRDA:26,0,0,4
BRDA:26,0,1,0
BRDA:33,1,0,4
BRDA:33,1,1,0
BRDA:37,2,0,4
BRDA:37,2,1,3
BRDA:70,3,0,0
BRDA:70,3,1,1
BRF:8
BRH:5
end_of_record
TN:
SF:components/Breadcrumbs.tsx
FN:23,Breadcrumbs
FN:31,(anonymous_1)
FN:40,(anonymous_2)
FN:54,(anonymous_3)
FN:70,(anonymous_4)
FN:81,(anonymous_5)
FN:110,(anonymous_6)
FN:159,(anonymous_7)
FN:180,(anonymous_8)
FN:186,(anonymous_9)
FN:200,(anonymous_10)
FN:202,(anonymous_11)
FNF:12
FNH:11
FNDA:32,Breadcrumbs
FNDA:31,(anonymous_1)
FNDA:9,(anonymous_2)
FNDA:31,(anonymous_3)
FNDA:0,(anonymous_4)
FNDA:32,(anonymous_5)
FNDA:41,(anonymous_6)
FNDA:28,(anonymous_7)
FNDA:2,(anonymous_8)
FNDA:60,(anonymous_9)
FNDA:2,(anonymous_10)
FNDA:60,(anonymous_11)
DA:9,1
DA:24,32
DA:25,32
DA:26,32
DA:27,32
DA:30,32
DA:31,32
DA:32,31
DA:33,9
DA:34,9
DA:35,9
DA:38,32
DA:41,9
DA:42,9
DA:43,9
DA:44,9
DA:52,32
DA:54,32
DA:55,31
DA:56,30
DA:59,1
DA:60,1
DA:61,0
DA:64,1
DA:65,1
DA:67,1
DA:70,0
DA:73,1
DA:74,0
DA:77,1
DA:78,1
DA:81,32
DA:82,32
DA:85,32
DA:86,31
DA:90,32
DA:91,1
DA:95,31
DA:96,1
DA:97,1
DA:98,1
DA:102,30
DA:103,1
DA:107,29
DA:110,29
DA:112,41
DA:113,12
DA:118,29
DA:123,29
DA:126,29
DA:127,1
DA:130,28
DA:153,28
DA:154,17
DA:157,11
DA:159,28
DA:165,29
DA:166,0
DA:169,29
DA:172,29
DA:176,32
DA:177,4
DA:180,28
DA:181,2
DA:184,28
DA:187,60
DA:189,60
DA:200,2
DA:202,60
DA:227,1
LF:70
LH:66
BRDA:23,0,0,31
BRDA:32,1,0,22
BRDA:32,1,1,9
BRDA:35,2,0,9
BRDA:35,2,1,0
BRDA:35,3,0,9
BRDA:35,3,1,9
BRDA:41,4,0,0
BRDA:41,4,1,9
BRDA:44,5,0,0
BRDA:44,5,1,9
BRDA:46,6,0,32
BRDA:46,6,1,10
BRDA:52,7,0,32
BRDA:52,7,1,32
BRDA:52,7,2,31
BRDA:55,8,0,30
BRDA:55,8,1,1
BRDA:60,9,0,0
BRDA:60,9,1,1
BRDA:67,10,0,1
BRDA:67,10,1,0
BRDA:73,11,0,0
BRDA:73,11,1,1
BRDA:77,12,0,1
BRDA:77,12,1,0
BRDA:85,13,0,31
BRDA:85,13,1,1
BRDA:90,14,0,1
BRDA:90,14,1,31
BRDA:90,15,0,32
BRDA:90,15,1,1
BRDA:95,16,0,1
BRDA:95,16,1,30
BRDA:102,17,0,1
BRDA:102,17,1,29
BRDA:102,18,0,30
BRDA:102,18,1,29
BRDA:112,19,0,12
BRDA:112,19,1,29
BRDA:118,20,0,0
BRDA:118,20,1,29
BRDA:126,21,0,1
BRDA:126,21,1,28
BRDA:126,22,0,29
BRDA:126,22,1,27
BRDA:126,22,2,10
BRDA:153,23,0,17
BRDA:153,23,1,11
BRDA:165,24,0,0
BRDA:165,24,1,29
BRDA:176,25,0,4
BRDA:176,25,1,28
BRDA:185,26,0,28
BRDA:185,26,1,0
BRDA:191,27,0,60
BRDA:191,27,1,32
BRDA:200,28,0,2
BRDA:200,28,1,2
BRDA:204,29,0,60
BRDA:204,29,1,28
BRDA:205,30,0,60
BRDA:205,30,1,0
BRDA:205,30,2,0
BRDA:208,31,0,28
BRDA:208,31,1,32
BRDA:213,32,0,60
BRDA:213,32,1,28
BRF:68
BRH:56
end_of_record
TN:
SF:components/ButtonComponent.tsx
FN:7,(anonymous_0)
FNF:1
FNH:1
FNDA:4,(anonymous_0)
DA:7,1
DA:8,4
DA:13,1
LF:3
LH:3
BRF:0
BRH:0
end_of_record
TN:
SF:components/CategoryChips.tsx
FN:37,CategoryChips
FN:45,(anonymous_1)
FN:58,(anonymous_2)
FN:76,(anonymous_3)
FNF:4
FNH:4
FNDA:15,CategoryChips
FNDA:15,(anonymous_1)
FNDA:43,(anonymous_2)
FNDA:1,(anonymous_3)
DA:24,6
DA:44,15
DA:45,15
DA:49,15
DA:51,14
DA:59,43
DA:61,43
DA:62,43
DA:63,43
DA:69,43
DA:76,1
DA:89,6
LF:12
LH:12
BRDA:41,0,0,12
BRDA:42,1,0,9
BRDA:49,2,0,1
BRDA:49,2,1,14
BRDA:61,3,0,43
BRDA:61,3,1,42
BRDA:62,4,0,43
BRDA:62,4,1,40
BRDA:62,4,2,34
BRDA:63,5,0,3
BRDA:63,5,1,40
BRDA:65,6,0,31
BRDA:65,6,1,9
BRDA:80,7,0,14
BRDA:80,7,1,2
BRF:15
BRH:15
end_of_record
TN:
SF:components/CheckboxComponent.tsx
FN:10,(anonymous_0)
FNF:1
FNH:1
FNDA:4,(anonymous_0)
DA:10,1
DA:11,4
DA:26,1
LF:3
LH:3
BRDA:19,0,0,0
BRDA:19,0,1,4
BRDA:19,1,0,0
BRDA:19,1,1,0
BRF:4
BRH:1
end_of_record
TN:
SF:components/CollapsibleBlock.tsx
FN:32,CollapsibleBlock
FN:65,(anonymous_1)
FN:71,(anonymous_2)
FN:86,(anonymous_3)
FN:94,(anonymous_4)
FN:102,(anonymous_5)
FNF:6
FNH:5
FNDA:14,CollapsibleBlock
FNDA:14,(anonymous_1)
FNDA:14,(anonymous_2)
FNDA:1,(anonymous_3)
FNDA:1,(anonymous_4)
FNDA:0,(anonymous_5)
DA:28,1
DA:29,1
DA:30,1
DA:51,14
DA:52,14
DA:53,14
DA:55,14
DA:56,14
DA:57,14
DA:58,14
DA:60,14
DA:61,14
DA:62,14
DA:63,14
DA:65,14
DA:66,14
DA:67,0
DA:71,14
DA:72,14
DA:86,14
DA:87,1
DA:88,1
DA:89,1
DA:91,1
DA:94,14
DA:95,1
DA:96,1
DA:97,1
DA:99,1
DA:102,14
DA:103,0
DA:104,0
DA:105,0
DA:109,14
DA:110,2
DA:124,12
DA:129,12
DA:247,1
LF:38
LH:34
BRDA:38,0,0,13
BRDA:39,1,0,14
BRDA:42,2,0,13
BRDA:43,3,0,12
BRDA:47,4,0,13
BRDA:48,5,0,14
BRDA:51,6,0,14
BRDA:51,6,1,12
BRDA:55,7,0,3
BRDA:55,7,1,11
BRDA:55,8,0,3
BRDA:55,8,1,1
BRDA:56,9,0,3
BRDA:56,9,1,11
BRDA:56,10,0,3
BRDA:56,10,1,2
BRDA:60,11,0,3
BRDA:60,11,1,11
BRDA:60,12,0,3
BRDA:60,12,1,1
BRDA:61,13,0,3
BRDA:61,13,1,11
BRDA:61,14,0,3
BRDA:61,14,1,2
BRDA:62,15,0,12
BRDA:62,15,1,2
BRDA:63,16,0,1
BRDA:63,16,1,13
BRDA:66,17,0,0
BRDA:66,17,1,14
BRDA:74,18,0,11
BRDA:74,18,1,3
BRDA:79,19,0,2
BRDA:79,19,1,12
BRDA:88,20,0,1
BRDA:88,20,1,0
BRDA:96,21,0,1
BRDA:96,21,1,0
BRDA:104,22,0,0
BRDA:104,22,1,0
BRDA:104,23,0,0
BRDA:104,23,1,0
BRDA:109,24,0,2
BRDA:109,24,1,12
BRDA:126,25,0,12
BRDA:126,25,1,12
BRDA:134,26,0,12
BRDA:134,26,1,1
BRDA:144,27,0,12
BRDA:144,27,1,1
BRDA:146,28,0,11
BRDA:146,28,1,1
BRDA:151,29,0,11
BRDA:151,29,1,1
BRDA:155,30,0,12
BRDA:155,30,1,1
BRDA:159,31,0,0
BRDA:159,31,1,1
BRDA:166,32,0,12
BRDA:166,32,1,1
BRDA:167,33,0,12
BRDA:167,33,1,1
BRDA:167,33,2,1
BRDA:171,34,0,12
BRDA:171,34,1,11
BRDA:171,34,2,3
BRDA:182,35,0,12
BRDA:182,35,1,11
BRDA:186,36,0,8
BRDA:186,36,1,3
BRDA:199,37,0,8
BRDA:199,37,1,3
BRDA:206,38,0,12
BRDA:206,38,1,12
BRDA:233,39,0,0
BRDA:233,39,1,12
BRDA:233,40,0,0
BRDA:233,40,1,0
BRDA:234,41,0,0
BRDA:234,41,1,12
BRDA:234,42,0,0
BRDA:234,42,1,0
BRF:82
BRH:68
end_of_record
TN:
SF:components/ConfirmDialog.tsx
FN:19,(anonymous_0)
FN:41,(anonymous_1)
FN:44,(anonymous_2)
FN:51,(anonymous_3)
FNF:4
FNH:2
FNDA:64,(anonymous_0)
FNDA:64,(anonymous_1)
FNDA:0,(anonymous_2)
FNDA:0,(anonymous_3)
DA:19,5
DA:28,64
DA:29,64
DA:30,64
DA:31,64
DA:32,64
DA:35,64
DA:41,64
DA:42,64
DA:44,0
DA:45,0
DA:46,0
DA:50,0
DA:51,0
DA:54,64
DA:145,5
LF:16
LH:11
BRDA:23,0,0,4
BRDA:24,1,0,4
BRDA:25,2,0,63
BRDA:26,3,0,63
BRDA:36,4,0,64
BRDA:36,4,1,4
BRDA:42,5,0,64
BRDA:42,5,1,0
BRDA:42,6,0,64
BRDA:42,6,1,4
BRDA:45,7,0,0
BRDA:45,7,1,0
BRDA:62,8,0,0
BRDA:62,8,1,64
BRDA:63,9,0,0
BRDA:63,9,1,64
BRDA:64,10,0,0
BRDA:64,10,1,64
BRDA:65,11,0,0
BRDA:65,11,1,64
BRDA:101,12,0,64
BRDA:101,12,1,0
BRDA:111,13,0,0
BRDA:111,13,1,64
BRF:24
BRH:15
end_of_record
TN:
SF:components/CustomHeader.tsx
FN:26,CustomHeader
FN:37,(anonymous_1)
FN:44,(anonymous_2)
FN:49,(anonymous_3)
FN:50,(anonymous_4)
FN:57,(anonymous_5)
FN:83,(anonymous_6)
FN:88,(anonymous_7)
FN:117,(anonymous_8)
FN:145,(anonymous_9)
FN:149,(anonymous_10)
FN:153,(anonymous_11)
FN:158,(anonymous_12)
FN:169,(anonymous_13)
FN:174,(anonymous_14)
FN:206,(anonymous_15)
FN:218,(anonymous_16)
FN:218,(anonymous_17)
FN:228,(anonymous_18)
FN:238,(anonymous_19)
FN:267,(anonymous_20)
FN:277,(anonymous_21)
FN:502,(anonymous_22)
FNF:23
FNH:5
FNDA:6,CustomHeader
FNDA:6,(anonymous_1)
FNDA:1,(anonymous_2)
FNDA:0,(anonymous_3)
FNDA:0,(anonymous_4)
FNDA:0,(anonymous_5)
FNDA:30,(anonymous_6)
FNDA:1,(anonymous_7)
FNDA:0,(anonymous_8)
FNDA:0,(anonymous_9)
FNDA:0,(anonymous_10)
FNDA:0,(anonymous_11)
FNDA:0,(anonymous_12)
FNDA:0,(anonymous_13)
FNDA:0,(anonymous_14)
FNDA:0,(anonymous_15)
FNDA:0,(anonymous_16)
FNDA:0,(anonymous_17)
FNDA:0,(anonymous_18)
FNDA:0,(anonymous_19)
FNDA:0,(anonymous_20)
FNDA:0,(anonymous_21)
FNDA:0,(anonymous_22)
DA:16,1
DA:24,1
DA:27,6
DA:28,6
DA:29,6
DA:30,6
DA:31,6
DA:32,6
DA:33,6
DA:34,6
DA:37,6
DA:38,6
DA:39,3
DA:40,2
DA:41,1
DA:44,6
DA:45,1
DA:46,1
DA:49,6
DA:50,0
DA:51,0
DA:52,0
DA:53,0
DA:57,6
DA:58,0
DA:59,0
DA:60,0
DA:63,6
DA:84,30
DA:85,30
DA:88,1
DA:117,0
DA:145,0
DA:149,0
DA:153,0
DA:158,0
DA:170,0
DA:171,0
DA:174,0
DA:206,0
DA:218,0
DA:228,0
DA:238,0
DA:267,0
DA:277,0
DA:296,1
DA:502,1
LF:47
LH:26
BRDA:38,0,0,3
BRDA:38,0,1,3
BRDA:38,1,0,6
BRDA:38,1,1,3
BRDA:39,2,0,1
BRDA:39,2,1,2
BRDA:40,3,0,1
BRDA:40,3,1,1
BRDA:76,4,0,6
BRDA:76,4,1,0
BRDA:81,5,0,6
BRDA:81,5,1,6
BRDA:91,6,0,30
BRDA:91,6,1,6
BRDA:101,7,0,6
BRDA:101,7,1,24
BRDA:103,8,0,30
BRDA:103,8,1,6
BRDA:115,9,0,0
BRDA:115,9,1,6
BRDA:134,10,0,6
BRDA:134,10,1,3
BRDA:134,10,2,3
BRDA:140,11,0,6
BRDA:140,11,1,0
BRDA:177,12,0,0
BRDA:177,12,1,0
BRDA:187,13,0,0
BRDA:187,13,1,0
BRDA:189,14,0,0
BRDA:189,14,1,0
BRDA:192,15,0,0
BRDA:192,15,1,0
BRDA:200,16,0,0
BRDA:200,16,1,0
BRDA:213,17,0,0
BRDA:213,17,1,0
BRDA:262,18,0,0
BRDA:262,18,1,0
BRDA:346,19,0,1
BRDA:346,19,1,1
BRDA:350,20,0,1
BRDA:350,20,1,1
BRDA:359,21,0,1
BRDA:359,21,1,0
BRDA:504,22,0,0
BRDA:504,22,1,0
BRDA:505,23,0,0
BRDA:505,23,1,0
BRDA:505,24,0,0
BRDA:505,24,1,0
BRF:51
BRH:27
end_of_record
TN:
SF:components/EditScreenInfo.tsx
FN:10,EditScreenInfo
FNF:1
FNH:1
FNDA:2,EditScreenInfo
DA:11,2
DA:55,1
LF:2
LH:2
BRF:0
BRH:0
end_of_record
TN:
SF:components/EmptyState.tsx
FN:28,EmptyState
FN:62,(anonymous_1)
FN:66,(anonymous_2)
FNF:3
FNH:1
FNDA:42,EmptyState
FNDA:0,(anonymous_1)
FNDA:0,(anonymous_2)
DA:40,42
DA:47,42
DA:48,42
DA:49,42
DA:63,0
DA:67,0
DA:131,7
LF:7
LH:5
BRDA:34,0,0,41
BRDA:35,1,0,41
BRDA:36,2,0,10
BRDA:37,3,0,42
BRDA:47,4,0,42
BRDA:47,4,1,0
BRDA:48,5,0,42
BRDA:48,5,1,0
BRDA:58,6,0,42
BRDA:58,6,1,0
BRDA:67,7,0,0
BRDA:67,7,1,0
BRDA:85,8,0,42
BRDA:85,8,1,37
BRDA:106,9,0,42
BRDA:106,9,1,0
BRF:16
BRH:10
end_of_record
TN:
SF:components/ErrorBoundary.tsx
FN:18,(anonymous_0)
FN:23,(anonymous_1)
FN:27,(anonymous_2)
FN:37,(anonymous_3)
FN:41,(anonymous_4)
FN:60,(anonymous_5)
FNF:6
FNH:4
FNDA:11,(anonymous_0)
FNDA:10,(anonymous_1)
FNDA:5,(anonymous_2)
FNDA:0,(anonymous_3)
FNDA:21,(anonymous_4)
FNDA:0,(anonymous_5)
DA:19,11
DA:20,11
DA:24,10
DA:29,5
DA:30,5
DA:34,5
DA:37,11
DA:38,0
DA:42,21
DA:43,10
DA:44,2
DA:47,8
DA:60,0
DA:72,11
DA:76,1
LF:15
LH:13
BRDA:42,0,0,10
BRDA:42,0,1,11
BRDA:43,1,0,2
BRDA:43,1,1,8
BRDA:52,2,0,8
BRDA:52,2,1,0
BRDA:57,3,0,8
BRDA:57,3,1,0
BRF:8
BRH:6
end_of_record
TN:
SF:components/ErrorDisplay.tsx
FN:21,ErrorDisplay
FN:87,(anonymous_1)
FNF:2
FNH:2
FNDA:12,ErrorDisplay
FNDA:1,(anonymous_1)
DA:19,1
DA:30,12
DA:33,12
DA:37,12
DA:41,12
DA:88,1
DA:89,1
DA:135,1
LF:8
LH:8
BRDA:22,0,0,11
BRDA:27,1,0,9
BRDA:28,2,0,9
BRDA:30,3,0,1
BRDA:30,3,1,11
BRDA:31,4,0,1
BRDA:31,4,1,10
BRDA:33,5,0,1
BRDA:33,5,1,11
BRDA:34,6,0,1
BRDA:34,6,1,10
BRDA:37,7,0,1
BRDA:37,7,1,11
BRDA:38,8,0,1
BRDA:38,8,1,10
BRDA:55,9,0,12
BRDA:55,9,1,2
BRDA:55,9,2,1
BRDA:65,10,0,12
BRDA:65,10,1,1
BRDA:84,11,0,12
BRDA:84,11,1,11
BRDA:88,12,0,1
BRDA:88,12,1,0
BRDA:112,13,0,12
BRDA:112,13,1,1
BRF:26
BRH:25
end_of_record
TN:
SF:components/ExternalLink.tsx
FN:6,ExternalLink
FN:18,(anonymous_1)
FNF:2
FNH:2
FNDA:4,ExternalLink
FNDA:1,(anonymous_1)
DA:9,4
DA:19,1
DA:21,1
DA:23,1
LF:4
LH:4
BRDA:19,0,0,1
BRDA:19,0,1,0
BRF:2
BRH:1
end_of_record
TN:
SF:components/FavoriteButton.tsx
FN:23,FavoriteButton
FN:42,(anonymous_1)
FN:47,(anonymous_2)
FN:50,(anonymous_3)
FN:60,(anonymous_4)
FN:65,(anonymous_5)
FN:140,(anonymous_6)
FN:143,(anonymous_7)
FNF:8
FNH:4
FNDA:12,FavoriteButton
FNDA:10,(anonymous_1)
FNDA:12,(anonymous_2)
FNDA:0,(anonymous_3)
FNDA:0,(anonymous_4)
FNDA:2,(anonymous_5)
FNDA:0,(anonymous_6)
FNDA:0,(anonymous_7)
DA:35,12
DA:36,12
DA:38,12
DA:39,12
DA:42,12
DA:43,10
DA:47,12
DA:48,12
DA:50,0
DA:51,0
DA:52,0
DA:54,0
DA:55,0
DA:59,0
DA:60,0
DA:63,12
DA:65,12
DA:67,2
DA:68,2
DA:70,2
DA:71,2
DA:72,1
DA:81,1
DA:88,1
DA:89,1
DA:98,0
DA:101,0
DA:102,0
DA:106,0
DA:112,0
DA:123,12
DA:125,12
DA:141,0
DA:144,0
DA:145,0
DA:158,4
LF:36
LH:21
BRDA:31,0,0,6
BRDA:48,1,0,12
BRDA:48,1,1,0
BRDA:51,2,0,0
BRDA:51,2,1,0
BRDA:51,3,0,0
BRDA:51,3,1,0
BRDA:71,4,0,1
BRDA:71,4,1,1
BRDA:101,5,0,0
BRDA:101,5,1,0
BRDA:101,6,0,0
BRDA:101,6,1,0
BRDA:101,6,2,0
BRDA:106,7,0,0
BRDA:106,7,1,0
BRDA:107,8,0,0
BRDA:107,8,1,0
BRDA:107,9,0,0
BRDA:107,9,1,0
BRDA:123,10,0,0
BRDA:123,10,1,12
BRDA:131,11,0,3
BRDA:131,11,1,9
BRDA:132,12,0,3
BRDA:132,12,1,9
BRDA:135,13,0,0
BRDA:135,13,1,12
BRDA:135,14,0,0
BRDA:135,14,1,0
BRDA:137,15,0,0
BRDA:137,15,1,12
BRDA:138,16,0,12
BRDA:138,16,1,0
BRDA:150,17,0,3
BRDA:150,17,1,9
BRDA:152,18,0,12
BRDA:152,18,1,11
BRDA:152,19,0,3
BRDA:152,19,1,8
BRF:40
BRH:18
end_of_record
TN:
SF:components/Footer.tsx
FN:36,(anonymous_0)
FN:36,(anonymous_1)
FN:38,(anonymous_2)
FN:77,(anonymous_3)
FN:91,(anonymous_4)
FN:116,(anonymous_5)
FN:124,(anonymous_6)
FN:142,(anonymous_7)
FN:144,(anonymous_8)
FN:166,(anonymous_9)
FN:174,(anonymous_10)
FN:175,(anonymous_11)
FNF:12
FNH:6
FNDA:0,(anonymous_0)
FNDA:0,(anonymous_1)
FNDA:40,(anonymous_2)
FNDA:12,(anonymous_3)
FNDA:4,(anonymous_4)
FNDA:1,(anonymous_5)
FNDA:4,(anonymous_6)
FNDA:40,(anonymous_7)
FNDA:0,(anonymous_8)
FNDA:0,(anonymous_9)
FNDA:0,(anonymous_10)
FNDA:0,(anonymous_11)
DA:36,1
DA:38,1
DA:50,40
DA:58,40
DA:59,28
DA:71,12
DA:77,12
DA:89,1
DA:91,1
DA:92,4
DA:93,4
DA:94,4
DA:96,4
DA:106,4
DA:112,4
DA:115,4
DA:116,4
DA:117,1
DA:118,1
DA:119,1
DA:120,1
DA:124,4
DA:125,4
DA:126,0
DA:131,4
DA:132,4
DA:143,40
DA:144,0
DA:162,0
DA:167,0
DA:175,0
DA:187,1
DA:235,1
DA:270,1
LF:34
LH:29
BRDA:58,0,0,28
BRDA:58,0,1,12
BRDA:79,1,0,12
BRDA:79,1,1,0
BRDA:93,2,0,4
BRDA:93,2,1,4
BRDA:112,3,0,4
BRDA:112,3,1,0
BRDA:112,4,0,4
BRDA:112,4,1,0
BRDA:118,5,0,1
BRDA:118,5,1,0
BRDA:118,6,0,1
BRDA:118,6,1,1
BRDA:125,7,0,0
BRDA:125,7,1,4
BRDA:125,8,0,4
BRDA:125,8,1,0
BRDA:131,9,0,4
BRDA:131,9,1,0
BRDA:143,10,0,12
BRDA:143,10,1,28
BRDA:238,11,0,0
BRDA:238,11,1,1
BRF:24
BRH:16
end_of_record
TN:
SF:components/ForgotPasswordLink.tsx
FN:4,(anonymous_0)
FNF:1
FNH:1
FNDA:2,(anonymous_0)
DA:4,1
DA:5,2
LF:2
LH:2
BRF:0
BRH:0
end_of_record
TN:
SF:components/FormFieldWithValidation.tsx
FN:20,FormFieldWithValidation
FN:40,(anonymous_1)
FNF:2
FNH:1
FNDA:218,FormFieldWithValidation
FNDA:0,(anonymous_1)
DA:18,1
DA:28,218
DA:30,218
DA:40,0
DA:86,1
LF:5
LH:4
BRDA:24,0,0,0
BRDA:26,1,0,218
BRDA:35,2,0,218
BRDA:35,2,1,218
BRDA:37,3,0,218
BRDA:37,3,1,0
BRDA:55,4,0,0
BRDA:55,4,1,0
BRDA:55,4,2,0
BRDA:66,5,0,218
BRDA:66,5,1,218
BRDA:66,5,2,5
BRDA:77,6,0,218
BRDA:77,6,1,0
BRDA:77,6,2,0
BRDA:77,6,3,0
BRF:16
BRH:8
end_of_record
TN:
SF:components/LabelText.tsx
FN:9,(anonymous_0)
FNF:1
FNH:1
FNDA:3,(anonymous_0)
DA:9,1
DA:10,3
DA:16,1
LF:3
LH:3
BRF:0
BRH:0
end_of_record
TN:
SF:components/Logo.tsx
FN:5,Logo
FN:11,(anonymous_1)
FNF:2
FNH:2
FNDA:12,Logo
FNDA:1,(anonymous_1)
DA:6,12
DA:7,12
DA:9,12
DA:11,1
DA:31,2
LF:5
LH:5
BRDA:18,0,0,12
BRDA:18,0,1,0
BRDA:21,1,0,12
BRDA:21,1,1,12
BRF:4
BRH:3
end_of_record
TN:
SF:components/Map.web.tsx
FN:31,(anonymous_0)
FN:34,(anonymous_1)
FN:40,(anonymous_2)
FN:53,(anonymous_3)
FN:66,(anonymous_4)
FN:69,(anonymous_5)
FN:89,(anonymous_6)
FN:92,(anonymous_7)
FN:95,(anonymous_8)
FN:102,(anonymous_9)
FN:117,(anonymous_10)
FN:129,(anonymous_11)
FN:131,(anonymous_12)
FN:132,(anonymous_13)
FN:144,(anonymous_14)
FN:147,(anonymous_15)
FN:159,(anonymous_16)
FN:163,(anonymous_17)
FN:172,(anonymous_18)
FN:175,(anonymous_19)
FN:202,(anonymous_20)
FNF:21
FNH:1
FNDA:0,(anonymous_0)
FNDA:0,(anonymous_1)
FNDA:0,(anonymous_2)
FNDA:6,(anonymous_3)
FNDA:0,(anonymous_4)
FNDA:0,(anonymous_5)
FNDA:0,(anonymous_6)
FNDA:0,(anonymous_7)
FNDA:0,(anonymous_8)
FNDA:0,(anonymous_9)
FNDA:0,(anonymous_10)
FNDA:0,(anonymous_11)
FNDA:0,(anonymous_12)
FNDA:0,(anonymous_13)
FNDA:0,(anonymous_14)
FNDA:0,(anonymous_15)
FNDA:0,(anonymous_16)
FNDA:0,(anonymous_17)
FNDA:0,(anonymous_18)
FNDA:0,(anonymous_19)
FNDA:0,(anonymous_20)
DA:31,1
DA:33,1
DA:34,1
DA:35,0
DA:36,0
DA:37,0
DA:40,1
DA:41,0
DA:42,0
DA:43,0
DA:44,0
DA:45,0
DA:46,0
DA:47,0
DA:53,1
DA:58,6
DA:59,6
DA:62,0
DA:63,0
DA:66,0
DA:67,0
DA:69,0
DA:70,0
DA:71,0
DA:72,0
DA:76,0
DA:77,0
DA:78,0
DA:85,0
DA:86,0
DA:88,0
DA:89,0
DA:92,0
DA:95,0
DA:96,0
DA:102,0
DA:103,0
DA:104,0
DA:117,0
DA:118,0
DA:123,0
DA:124,0
DA:127,0
DA:129,0
DA:130,0
DA:131,0
DA:132,0
DA:133,0
DA:134,0
DA:135,0
DA:137,0
DA:140,0
DA:144,0
DA:145,0
DA:147,0
DA:148,0
DA:149,0
DA:151,0
DA:152,0
DA:159,0
DA:161,0
DA:163,0
DA:164,0
DA:168,0
DA:172,0
DA:173,0
DA:175,0
DA:176,0
DA:179,0
DA:188,0
DA:203,0
DA:204,0
DA:205,0
DA:219,1
LF:74
LH:8
BRDA:35,0,0,0
BRDA:35,0,1,0
BRDA:37,1,0,0
BRDA:37,1,1,0
BRDA:37,2,0,0
BRDA:37,2,1,0
BRDA:41,3,0,0
BRDA:41,3,1,0
BRDA:42,4,0,0
BRDA:42,4,1,0
BRDA:54,5,0,0
BRDA:55,6,0,1
BRDA:58,7,0,6
BRDA:58,7,1,0
BRDA:76,8,0,0
BRDA:76,8,1,0
BRDA:85,9,0,0
BRDA:85,9,1,0
BRDA:95,10,0,0
BRDA:95,10,1,0
BRDA:97,11,0,0
BRDA:97,11,1,0
BRDA:98,12,0,0
BRDA:98,12,1,0
BRDA:103,13,0,0
BRDA:103,13,1,0
BRDA:123,14,0,0
BRDA:123,14,1,0
BRDA:123,15,0,0
BRDA:123,15,1,0
BRDA:123,15,2,0
BRDA:133,16,0,0
BRDA:133,16,1,0
BRDA:135,17,0,0
BRDA:135,17,1,0
BRDA:149,18,0,0
BRDA:149,18,1,0
BRDA:204,19,0,0
BRDA:204,19,1,0
BRF:39
BRH:2
end_of_record
TN:
SF:components/MultiSelectField.tsx
FN:6,(anonymous_0)
FN:12,(anonymous_1)
FN:24,(anonymous_2)
FNF:3
FNH:1
FNDA:1,(anonymous_0)
FNDA:0,(anonymous_1)
FNDA:0,(anonymous_2)
DA:5,1
DA:10,1
DA:12,1
DA:13,0
DA:14,0
DA:16,0
DA:19,0
DA:20,0
DA:23,0
DA:25,0
DA:30,0
DA:34,1
DA:61,1
LF:13
LH:5
BRDA:7,0,0,0
BRDA:7,1,0,1
BRDA:13,2,0,0
BRDA:13,2,1,0
BRDA:14,3,0,0
BRDA:14,3,1,0
BRDA:16,4,0,0
BRDA:16,4,1,0
BRDA:16,5,0,0
BRDA:16,5,1,0
BRDA:16,5,2,0
BRDA:23,6,0,0
BRDA:23,6,1,0
BRDA:25,7,0,0
BRDA:25,7,1,0
BRDA:25,8,0,0
BRDA:25,8,1,0
BRDA:25,8,2,0
BRDA:36,9,0,0
BRDA:36,9,1,1
BRDA:41,10,0,0
BRDA:41,10,1,1
BRDA:42,11,0,0
BRDA:42,11,1,0
BRF:24
BRH:3
end_of_record
TN:
SF:components/NetworkStatus.tsx
FN:14,(anonymous_0)
FN:22,(anonymous_1)
FN:30,(anonymous_2)
FN:32,(anonymous_3)
FN:34,(anonymous_4)
FN:41,(anonymous_5)
FNF:6
FNH:4
FNDA:19,(anonymous_0)
FNDA:14,(anonymous_1)
FNDA:0,(anonymous_2)
FNDA:0,(anonymous_3)
FNDA:1,(anonymous_4)
FNDA:19,(anonymous_5)
DA:14,1
DA:18,19
DA:19,19
DA:20,19
DA:22,19
DA:23,14
DA:24,10
DA:25,10
DA:27,4
DA:29,1
DA:30,1
DA:31,0
DA:32,0
DA:34,1
DA:36,3
DA:41,19
DA:45,19
DA:46,1
DA:49,18
DA:53,18
DA:55,18
DA:69,1
LF:22
LH:20
BRDA:15,0,0,17
BRDA:16,1,0,16
BRDA:20,2,0,4
BRDA:20,2,1,15
BRDA:23,3,0,10
BRDA:23,3,1,4
BRDA:27,4,0,1
BRDA:27,4,1,3
BRDA:45,5,0,1
BRDA:45,5,1,18
BRDA:45,6,0,19
BRDA:45,6,1,4
BRDA:45,6,2,3
BRDA:49,7,0,3
BRDA:49,7,1,15
BRDA:53,8,0,3
BRDA:53,8,1,15
BRDA:59,9,0,15
BRDA:59,9,1,3
BRF:19
BRH:19
end_of_record
TN:
SF:components/NumberInputComponent.tsx
FN:10,(anonymous_0)
FN:11,(anonymous_1)
FNF:2
FNH:2
FNDA:4,(anonymous_0)
FNDA:2,(anonymous_1)
DA:10,1
DA:11,4
DA:12,2
DA:13,1
DA:17,4
DA:31,1
LF:6
LH:6
BRDA:12,0,0,1
BRDA:12,0,1,1
BRF:2
BRH:2
end_of_record
TN:
SF:components/PaginationComponent.tsx
FN:27,PaginationComponent
FN:41,(anonymous_1)
FN:48,(anonymous_2)
FN:53,(anonymous_3)
FN:67,(anonymous_4)
FN:72,(anonymous_5)
FN:78,(anonymous_6)
FN:121,(anonymous_7)
FN:125,(anonymous_8)
FN:132,(anonymous_9)
FN:135,(anonymous_10)
FN:176,(anonymous_11)
FN:196,(anonymous_12)
FN:200,(anonymous_13)
FN:207,(anonymous_14)
FN:210,(anonymous_15)
FN:250,(anonymous_16)
FN:269,(anonymous_17)
FN:273,(anonymous_18)
FN:281,(anonymous_19)
FN:284,(anonymous_20)
FNF:21
FNH:10
FNDA:8,PaginationComponent
FNDA:6,(anonymous_1)
FNDA:6,(anonymous_2)
FNDA:1,(anonymous_3)
FNDA:1,(anonymous_4)
FNDA:1,(anonymous_5)
FNDA:1,(anonymous_6)
FNDA:0,(anonymous_7)
FNDA:0,(anonymous_8)
FNDA:0,(anonymous_9)
FNDA:0,(anonymous_10)
FNDA:1,(anonymous_11)
FNDA:0,(anonymous_12)
FNDA:0,(anonymous_13)
FNDA:9,(anonymous_14)
FNDA:0,(anonymous_15)
FNDA:0,(anonymous_16)
FNDA:0,(anonymous_17)
FNDA:0,(anonymous_18)
FNDA:15,(anonymous_19)
FNDA:0,(anonymous_20)
DA:36,8
DA:37,8
DA:38,8
DA:40,8
DA:41,6
DA:45,8
DA:46,8
DA:48,8
DA:49,6
DA:52,8
DA:54,1
DA:55,1
DA:56,0
DA:57,0
DA:59,1
DA:60,1
DA:61,1
DA:62,1
DA:67,8
DA:68,1
DA:69,1
DA:72,8
DA:73,1
DA:74,1
DA:77,8
DA:79,1
DA:80,1
DA:86,8
DA:87,0
DA:121,0
DA:125,0
DA:133,0
DA:136,0
DA:137,0
DA:150,8
DA:151,3
DA:176,1
DA:196,0
DA:200,0
DA:208,9
DA:211,0
DA:212,0
DA:225,5
DA:250,0
DA:269,0
DA:273,0
DA:282,15
DA:285,0
DA:286,0
DA:300,1
LF:50
LH:33
BRDA:34,0,0,8
BRDA:41,1,0,6
BRDA:41,1,1,0
BRDA:41,2,0,6
BRDA:41,2,1,0
BRDA:54,3,0,0
BRDA:54,3,1,1
BRDA:55,4,0,0
BRDA:55,4,1,1
BRDA:62,5,0,1
BRDA:62,5,1,0
BRDA:68,6,0,0
BRDA:68,6,1,1
BRDA:73,7,0,0
BRDA:73,7,1,1
BRDA:86,8,0,0
BRDA:86,8,1,8
BRDA:92,9,0,0
BRDA:92,9,1,0
BRDA:137,10,0,0
BRDA:137,10,1,0
BRDA:150,11,0,3
BRDA:150,11,1,5
BRDA:156,12,0,3
BRDA:156,12,1,0
BRDA:212,13,0,0
BRDA:212,13,1,0
BRDA:229,14,0,5
BRDA:229,14,1,0
BRDA:286,15,0,0
BRDA:286,15,1,0
BRF:31
BRH:13
end_of_record
TN:
SF:components/PasswordStrengthIndicator.tsx
FN:13,(anonymous_0)
FN:28,(anonymous_1)
FN:49,(anonymous_2)
FNF:3
FNH:3
FNDA:9,(anonymous_0)
FNDA:28,(anonymous_1)
FNDA:6,(anonymous_2)
DA:13,1
DA:17,9
DA:18,2
DA:21,7
DA:22,7
DA:23,7
DA:25,7
DA:29,28
DA:50,6
DA:60,1
LF:10
LH:10
BRDA:15,0,0,7
BRDA:17,1,0,2
BRDA:17,1,1,7
BRDA:17,2,0,9
BRDA:17,2,1,7
BRDA:34,3,0,11
BRDA:34,3,1,17
BRDA:36,4,0,21
BRDA:36,4,1,7
BRDA:47,5,0,7
BRDA:47,5,1,6
BRDA:47,5,2,6
BRF:12
BRH:12
end_of_record
TN:
SF:components/PersonalizedRecommendations.tsx
FN:19,PersonalizedRecommendations
FN:30,(anonymous_1)
FN:31,(anonymous_2)
FN:44,(anonymous_3)
FN:57,(anonymous_4)
FN:71,(anonymous_5)
FN:76,(anonymous_6)
FN:76,(anonymous_7)
FN:80,(anonymous_8)
FN:88,(anonymous_9)
FN:92,(anonymous_10)
FN:97,(anonymous_11)
FN:112,(anonymous_12)
FN:257,(anonymous_13)
FN:272,(anonymous_14)
FN:287,(anonymous_15)
FNF:16
FNH:11
FNDA:21,PersonalizedRecommendations
FNDA:13,(anonymous_1)
FNDA:13,(anonymous_2)
FNDA:0,(anonymous_3)
FNDA:0,(anonymous_4)
FNDA:13,(anonymous_5)
FNDA:2,(anonymous_6)
FNDA:2,(anonymous_7)
FNDA:1,(anonymous_8)
FNDA:0,(anonymous_9)
FNDA:3,(anonymous_10)
FNDA:0,(anonymous_11)
FNDA:1,(anonymous_12)
FNDA:2,(anonymous_13)
FNDA:1,(anonymous_14)
FNDA:0,(anonymous_15)
DA:12,2
DA:20,21
DA:21,21
DA:22,21
DA:23,21
DA:24,21
DA:26,21
DA:27,21
DA:30,21
DA:31,13
DA:32,13
DA:33,0
DA:34,0
DA:36,13
DA:37,13
DA:39,13
DA:41,13
DA:44,21
DA:45,0
DA:46,0
DA:47,0
DA:49,0
DA:52,0
DA:53,0
DA:57,21
DA:58,0
DA:59,0
DA:60,0
DA:62,0
DA:65,0
DA:66,0
DA:71,21
DA:72,13
DA:75,4
DA:76,4
DA:80,21
DA:81,1
DA:82,0
DA:84,1
DA:88,21
DA:89,0
DA:92,21
DA:93,3
DA:97,0
DA:112,1
DA:128,21
DA:129,21
DA:132,21
DA:135,8
DA:136,3
DA:137,0
DA:142,5
DA:143,0
DA:158,8
DA:159,4
DA:199,4
DA:200,1
DA:231,3
DA:257,2
DA:272,1
DA:287,0
DA:295,2
LF:62
LH:42
BRDA:32,0,0,0
BRDA:32,0,1,13
BRDA:46,1,0,0
BRDA:46,1,1,0
BRDA:52,2,0,0
BRDA:52,2,1,0
BRDA:59,3,0,0
BRDA:59,3,1,0
BRDA:65,4,0,0
BRDA:65,4,1,0
BRDA:72,5,0,9
BRDA:72,5,1,4
BRDA:76,6,0,2
BRDA:76,6,1,2
BRDA:81,7,0,0
BRDA:81,7,1,1
BRDA:96,8,0,3
BRDA:96,8,1,0
BRDA:100,9,0,0
BRDA:100,9,1,3
BRDA:108,10,0,2
BRDA:108,10,1,1
BRDA:115,11,0,3
BRDA:115,11,1,3
BRDA:115,11,2,0
BRDA:128,12,0,21
BRDA:128,12,1,21
BRDA:129,13,0,21
BRDA:129,13,1,21
BRDA:132,14,0,13
BRDA:132,14,1,8
BRDA:135,15,0,3
BRDA:135,15,1,5
BRDA:136,16,0,0
BRDA:136,16,1,3
BRDA:142,17,0,0
BRDA:142,17,1,5
BRDA:158,18,0,4
BRDA:158,18,1,4
BRDA:174,19,0,0
BRDA:174,19,1,4
BRDA:180,20,0,4
BRDA:180,20,1,4
BRDA:186,21,0,4
BRDA:186,21,1,4
BRDA:199,22,0,1
BRDA:199,22,1,3
BRDA:199,23,0,4
BRDA:199,23,1,2
BRDA:199,23,2,1
BRDA:215,24,0,0
BRDA:215,24,1,1
BRDA:221,25,0,1
BRDA:221,25,1,1
BRDA:247,26,0,3
BRDA:247,26,1,2
BRDA:262,27,0,3
BRDA:262,27,1,1
BRDA:277,28,0,3
BRDA:277,28,1,0
BRF:60
BRH:42
end_of_record
TN:
SF:components/ProgressIndicator.tsx
FN:19,ProgressIndicator
FNF:1
FNH:1
FNDA:14,ProgressIndicator
DA:17,6
DA:27,14
DA:29,14
DA:89,6
LF:4
LH:4
BRDA:23,0,0,12
BRDA:25,1,0,11
BRDA:34,2,0,1
BRDA:34,2,1,13
BRDA:41,3,0,14
BRDA:41,3,1,1
BRDA:45,4,0,14
BRDA:45,4,1,1
BRDA:49,5,0,14
BRDA:49,5,1,13
BRDA:65,6,0,14
BRDA:65,6,1,1
BRF:12
BRH:12
end_of_record
TN:
SF:components/ReadingProgressBar.tsx
FN:11,ReadingProgressBar
FN:18,(anonymous_1)
FN:19,(anonymous_2)
FN:34,(anonymous_3)
FNF:4
FNH:4
FNDA:6,ReadingProgressBar
FNDA:6,(anonymous_1)
FNDA:7,(anonymous_2)
FNDA:6,(anonymous_3)
DA:16,6
DA:18,6
DA:19,6
DA:20,7
DA:21,7
DA:22,1
DA:23,1
DA:26,6
DA:27,6
DA:34,6
DA:35,6
DA:39,6
DA:56,2
LF:13
LH:13
BRDA:21,0,0,1
BRDA:21,0,1,6
BRF:2
BRH:2
end_of_record
TN:
SF:components/RecentViews.tsx
FN:27,RecentViews
FN:36,(anonymous_1)
FN:43,(anonymous_2)
FN:69,(anonymous_3)
FN:126,(anonymous_4)
FN:127,(anonymous_5)
FNF:6
FNH:6
FNDA:17,RecentViews
FNDA:8,(anonymous_1)
FNDA:3,(anonymous_2)
FNDA:1,(anonymous_3)
FNDA:10,(anonymous_4)
FNDA:6,(anonymous_5)
DA:22,1
DA:23,1
DA:25,1
DA:32,17
DA:33,17
DA:34,17
DA:36,17
DA:37,8
DA:38,5
DA:39,5
DA:40,5
DA:43,3
DA:44,3
DA:45,3
DA:46,3
DA:49,0
DA:50,0
DA:51,0
DA:53,0
DA:54,0
DA:55,0
DA:59,0
DA:60,0
DA:62,0
DA:66,3
DA:69,17
DA:70,1
DA:71,1
DA:72,1
DA:75,0
DA:76,0
DA:77,0
DA:80,0
DA:81,0
DA:86,17
DA:87,12
DA:90,5
DA:91,1
DA:100,4
DA:126,10
DA:128,6
DA:138,1
LF:42
LH:28
BRDA:28,0,0,15
BRDA:29,1,0,15
BRDA:37,2,0,5
BRDA:37,2,1,3
BRDA:44,3,0,3
BRDA:44,3,1,0
BRDA:51,4,0,0
BRDA:51,4,1,0
BRDA:70,5,0,1
BRDA:70,5,1,0
BRDA:80,6,0,0
BRDA:80,6,1,0
BRDA:86,7,0,12
BRDA:86,7,1,5
BRDA:86,8,0,17
BRDA:86,8,1,9
BRDA:90,9,0,1
BRDA:90,9,1,4
BRF:18
BRH:12
end_of_record
TN:
SF:components/RenderRightMenu.tsx
FN:16,RenderRightMenu
FN:24,(anonymous_1)
FN:25,(anonymous_2)
FN:28,(anonymous_3)
FN:29,(anonymous_4)
FN:38,(anonymous_5)
FN:68,(anonymous_6)
FN:73,(anonymous_7)
FN:81,(anonymous_8)
FN:83,(anonymous_9)
FN:89,(anonymous_10)
FN:90,(anonymous_11)
FN:96,(anonymous_12)
FN:102,(anonymous_13)
FN:104,(anonymous_14)
FN:110,(anonymous_15)
FN:112,(anonymous_16)
FN:120,(anonymous_17)
FNF:18
FNH:7
FNDA:9,RenderRightMenu
FNDA:0,(anonymous_1)
FNDA:2,(anonymous_2)
FNDA:1,(anonymous_3)
FNDA:1,(anonymous_4)
FNDA:1,(anonymous_5)
FNDA:0,(anonymous_6)
FNDA:0,(anonymous_7)
FNDA:0,(anonymous_8)
FNDA:0,(anonymous_9)
FNDA:1,(anonymous_10)
FNDA:1,(anonymous_11)
FNDA:0,(anonymous_12)
FNDA:0,(anonymous_13)
FNDA:0,(anonymous_14)
FNDA:0,(anonymous_15)
FNDA:0,(anonymous_16)
FNDA:0,(anonymous_17)
DA:17,9
DA:18,9
DA:19,9
DA:20,9
DA:21,9
DA:22,9
DA:24,9
DA:25,9
DA:27,9
DA:29,1
DA:30,1
DA:31,1
DA:32,1
DA:38,9
DA:39,1
DA:40,1
DA:41,1
DA:44,9
DA:68,0
DA:73,0
DA:81,0
DA:84,0
DA:90,1
DA:91,1
DA:92,1
DA:97,0
DA:102,0
DA:105,0
DA:110,0
DA:113,0
DA:121,0
DA:131,1
LF:32
LH:22
BRDA:46,0,0,9
BRDA:46,0,1,5
BRDA:46,0,2,5
BRDA:46,0,3,5
BRDA:65,1,0,4
BRDA:65,1,1,5
BRDA:82,2,0,1
BRDA:82,2,1,4
BRDA:91,3,0,1
BRDA:91,3,1,0
BRF:10
BRH:9
end_of_record
TN:
SF:components/ScrollToTopButton.tsx
FN:16,ScrollToTopButton
FN:27,(anonymous_1)
FN:34,(anonymous_2)
FN:54,(anonymous_3)
FN:60,(anonymous_4)
FNF:5
FNH:5
FNDA:32,ScrollToTopButton
FNDA:19,(anonymous_1)
FNDA:1,(anonymous_2)
FNDA:4,(anonymous_3)
FNDA:3,(anonymous_4)
DA:23,32
DA:24,32
DA:25,32
DA:27,32
DA:28,19
DA:29,14
DA:30,14
DA:33,5
DA:34,4
DA:35,1
DA:36,1
DA:37,1
DA:38,1
DA:54,4
DA:55,4
DA:60,32
DA:61,3
DA:62,1
DA:63,2
DA:65,1
DA:66,1
DA:69,0
DA:70,0
DA:73,1
DA:75,1
DA:79,32
DA:81,15
DA:114,7
LF:28
LH:26
BRDA:20,0,0,19
BRDA:28,1,0,14
BRDA:28,1,1,5
BRDA:33,2,0,4
BRDA:33,2,1,1
BRDA:36,3,0,1
BRDA:36,3,1,0
BRDA:40,4,0,1
BRDA:40,4,1,0
BRDA:45,5,0,1
BRDA:45,5,1,0
BRDA:61,6,0,1
BRDA:61,6,1,2
BRDA:63,7,0,1
BRDA:63,7,1,1
BRDA:69,8,0,0
BRDA:69,8,1,0
BRDA:69,9,0,0
BRDA:69,9,1,0
BRDA:73,10,0,1
BRDA:73,10,1,0
BRDA:73,11,0,1
BRDA:73,11,1,1
BRDA:79,12,0,17
BRDA:79,12,1,15
BRF:25
BRH:17
end_of_record
TN:
SF:components/SearchAutocomplete.tsx
FN:35,generateSuggestions
FN:37,(anonymous_1)
FN:49,(anonymous_2)
FN:57,(anonymous_3)
FN:58,(anonymous_4)
FN:65,(anonymous_5)
FN:66,(anonymous_6)
FN:74,SearchAutocomplete
FN:84,(anonymous_8)
FN:90,(anonymous_9)
FN:95,(anonymous_10)
FN:98,(anonymous_11)
FN:103,(anonymous_12)
FN:113,(anonymous_13)
FN:123,(anonymous_14)
FN:136,(anonymous_15)
FN:178,(anonymous_16)
FNF:17
FNH:7
FNDA:1,generateSuggestions
FNDA:0,(anonymous_1)
FNDA:6,(anonymous_2)
FNDA:5,(anonymous_3)
FNDA:0,(anonymous_4)
FNDA:5,(anonymous_5)
FNDA:0,(anonymous_6)
FNDA:2,SearchAutocomplete
FNDA:1,(anonymous_8)
FNDA:0,(anonymous_9)
FNDA:0,(anonymous_10)
FNDA:0,(anonymous_11)
FNDA:0,(anonymous_12)
FNDA:1,(anonymous_13)
FNDA:0,(anonymous_14)
FNDA:0,(anonymous_15)
FNDA:0,(anonymous_16)
DA:22,9
DA:25,9
DA:36,1
DA:37,0
DA:44,1
DA:45,1
DA:48,1
DA:49,1
DA:50,6
DA:51,0
DA:56,1
DA:57,1
DA:58,5
DA:59,0
DA:64,1
DA:65,1
DA:66,5
DA:67,0
DA:71,1
DA:80,2
DA:81,2
DA:82,2
DA:84,2
DA:85,1
DA:86,1
DA:87,1
DA:90,2
DA:91,0
DA:92,0
DA:95,2
DA:96,0
DA:97,0
DA:98,0
DA:99,0
DA:101,0
DA:102,0
DA:103,0
DA:104,0
DA:105,0
DA:106,0
DA:107,0
DA:108,0
DA:113,2
DA:114,1
DA:115,0
DA:119,2
DA:120,2
DA:123,0
DA:124,0
DA:125,0
DA:130,0
DA:136,0
DA:171,0
DA:178,0
DA:188,9
LF:55
LH:29
BRDA:36,0,0,0
BRDA:36,0,1,1
BRDA:36,1,0,1
BRDA:36,1,1,1
BRDA:50,2,0,0
BRDA:50,2,1,6
BRDA:58,3,0,0
BRDA:58,3,1,5
BRDA:58,4,0,5
BRDA:58,4,1,0
BRDA:66,5,0,0
BRDA:66,5,1,5
BRDA:66,6,0,5
BRDA:66,6,1,0
BRDA:78,7,0,2
BRDA:96,8,0,0
BRDA:96,8,1,0
BRDA:99,9,0,0
BRDA:99,9,1,0
BRDA:101,10,0,0
BRDA:101,10,1,0
BRDA:103,11,0,0
BRDA:103,11,1,0
BRDA:104,12,0,0
BRDA:104,12,1,0
BRDA:104,13,0,0
BRDA:104,13,1,0
BRDA:107,14,0,0
BRDA:107,14,1,0
BRDA:114,15,0,0
BRDA:114,15,1,1
BRDA:114,16,0,1
BRDA:114,16,1,0
BRDA:119,17,0,2
BRDA:119,17,1,0
BRDA:125,18,0,0
BRDA:125,18,1,0
BRDA:126,19,0,0
BRDA:126,19,1,0
BRDA:127,20,0,0
BRDA:127,20,1,0
BRDA:128,21,0,0
BRDA:128,21,1,0
BRDA:134,22,0,0
BRDA:134,22,1,0
BRDA:151,23,0,0
BRDA:151,23,1,0
BRDA:156,24,0,0
BRDA:156,24,1,0
BRDA:161,25,0,0
BRDA:161,25,1,0
BRDA:163,26,0,0
BRDA:163,26,1,0
BRDA:164,27,0,0
BRDA:164,27,1,0
BRF:55
BRH:12
end_of_record
TN:
SF:components/SelectComponent.tsx
FN:16,(anonymous_0)
FN:23,(anonymous_1)
FN:32,(anonymous_2)
FNF:3
FNH:3
FNDA:4,(anonymous_0)
FNDA:1,(anonymous_1)
FNDA:8,(anonymous_2)
DA:16,1
DA:23,4
DA:24,1
DA:27,4
DA:33,8
LF:5
LH:5
BRDA:18,0,0,0
BRDA:19,1,0,0
BRDA:21,2,0,0
BRDA:29,3,0,4
BRDA:29,3,1,4
BRDA:31,4,0,4
BRDA:31,4,1,4
BRF:7
BRH:4
end_of_record
TN:
SF:components/SkeletonLoader.tsx
FN:17,(anonymous_0)
FN:42,(anonymous_1)
FN:57,(anonymous_2)
FN:60,(anonymous_3)
FNF:4
FNH:4
FNDA:1315,(anonymous_0)
FNDA:436,(anonymous_1)
FNDA:39,(anonymous_2)
FNDA:434,(anonymous_3)
DA:17,7
DA:23,1315
DA:42,7
DA:43,436
DA:57,7
DA:58,39
DA:61,434
DA:67,7
DA:103,7
DA:104,0
DA:105,0
DA:106,0
DA:107,0
DA:108,0
DA:131,0
LF:15
LH:9
BRDA:18,0,0,4
BRDA:19,1,0,5
BRDA:20,2,0,877
BRDA:25,3,0,144
BRDA:25,3,1,1171
BRDA:57,4,0,1
BRDA:103,5,0,0
BRDA:103,5,1,7
BRDA:103,6,0,7
BRDA:103,6,1,0
BRDA:105,7,0,0
BRDA:105,7,1,0
BRF:12
BRH:8
end_of_record
TN:
SF:components/SortSelector.tsx
FN:19,SortSelector
FN:31,(anonymous_1)
FN:36,(anonymous_2)
FNF:3
FNH:3
FNDA:5,SortSelector
FNDA:16,(anonymous_1)
FNDA:1,(anonymous_2)
DA:13,1
DA:20,5
DA:21,5
DA:23,5
DA:27,5
DA:32,16
DA:33,16
DA:36,1
DA:58,1
LF:9
LH:9
BRDA:19,0,0,4
BRDA:23,1,0,1
BRDA:23,1,1,4
BRDA:28,2,0,5
BRDA:28,2,1,0
BRDA:37,3,0,16
BRDA:37,3,1,5
BRDA:45,4,0,5
BRDA:45,4,1,11
BRDA:47,5,0,16
BRDA:47,5,1,5
BRF:11
BRH:10
end_of_record
TN:
SF:components/StyledText.tsx
FN:3,MonoText
FNF:1
FNH:1
FNDA:4,MonoText
DA:4,4
LF:1
LH:1
BRF:0
BRH:0
end_of_record
TN:
SF:components/TextInputComponent.tsx
FN:21,(anonymous_0)
FNF:1
FNH:1
FNDA:5,(anonymous_0)
DA:19,1
DA:21,1
DA:34,5
DA:85,1
LF:4
LH:4
BRDA:25,0,0,4
BRDA:29,1,0,5
BRDA:30,2,0,5
BRDA:31,3,0,5
BRDA:32,4,0,5
BRDA:36,5,0,5
BRDA:36,5,1,4
BRDA:40,6,0,4
BRDA:40,6,1,0
BRDA:47,7,0,5
BRDA:47,7,1,0
BRDA:48,8,0,5
BRDA:48,8,1,0
BRDA:49,9,0,5
BRDA:49,9,1,0
BRDA:53,10,0,5
BRDA:53,10,1,2
BRDA:53,11,0,2
BRDA:53,11,1,1
BRDA:64,12,0,0
BRDA:64,12,1,5
BRDA:66,13,0,0
BRDA:66,13,1,5
BRDA:73,14,0,5
BRDA:73,14,1,0
BRDA:73,14,2,0
BRDA:76,15,0,5
BRDA:76,15,1,0
BRF:28
BRH:19
end_of_record
TN:
SF:components/Themed.tsx
FN:25,useThemeColor
FN:37,Text
FN:47,View
FN:57,Button
FNF:4
FNH:4
FNDA:23,useThemeColor
FNDA:13,Text
FNDA:9,View
FNDA:1,Button
DA:29,23
DA:30,23
DA:31,23
DA:38,13
DA:39,13
DA:41,13
DA:48,9
DA:49,9
DA:51,9
DA:58,1
DA:59,1
DA:61,1
DA:64,3
LF:13
LH:13
BRDA:29,0,0,23
BRDA:29,0,1,0
BRDA:31,1,0,23
BRDA:31,1,1,14
BRF:4
BRH:3
end_of_record
TN:
SF:components/WeatherWidget.tsx
FN:17,WeatherWidget
FN:24,(anonymous_1)
FN:27,(anonymous_2)
FN:33,(anonymous_3)
FN:40,(anonymous_4)
FN:50,(anonymous_5)
FN:51,(anonymous_6)
FN:56,(anonymous_7)
FN:65,(anonymous_8)
FN:78,(anonymous_9)
FN:79,(anonymous_10)
FN:91,(anonymous_11)
FN:118,formatDateShort
FN:252,iconFromCode
FNF:14
FNH:2
FNDA:3,WeatherWidget
FNDA:3,(anonymous_1)
FNDA:0,(anonymous_2)
FNDA:0,(anonymous_3)
FNDA:0,(anonymous_4)
FNDA:0,(anonymous_5)
FNDA:0,(anonymous_6)
FNDA:0,(anonymous_7)
FNDA:0,(anonymous_8)
FNDA:0,(anonymous_9)
FNDA:0,(anonymous_10)
FNDA:0,(anonymous_11)
FNDA:0,formatDateShort
FNDA:0,iconFromCode
DA:18,3
DA:19,3
DA:20,3
DA:21,3
DA:22,3
DA:24,3
DA:25,3
DA:27,0
DA:28,0
DA:29,0
DA:30,0
DA:32,0
DA:33,0
DA:34,0
DA:35,0
DA:36,0
DA:37,0
DA:40,0
DA:41,0
DA:42,0
DA:43,0
DA:47,0
DA:49,0
DA:50,0
DA:52,0
DA:53,0
DA:54,0
DA:55,0
DA:56,0
DA:63,0
DA:68,3
DA:70,0
DA:78,0
DA:79,0
DA:92,0
DA:119,0
DA:120,0
DA:123,1
DA:221,1
DA:253,0
DA:254,0
DA:255,0
DA:256,0
DA:257,0
DA:258,0
DA:259,0
LF:46
LH:10
BRDA:25,0,0,3
BRDA:25,0,1,0
BRDA:25,1,0,3
BRDA:25,1,1,0
BRDA:30,2,0,0
BRDA:30,2,1,0
BRDA:30,3,0,0
BRDA:30,3,1,0
BRDA:32,4,0,0
BRDA:32,4,1,0
BRDA:35,5,0,0
BRDA:35,5,1,0
BRDA:41,6,0,0
BRDA:41,6,1,0
BRDA:52,7,0,0
BRDA:52,7,1,0
BRDA:53,8,0,0
BRDA:53,8,1,0
BRDA:54,9,0,0
BRDA:54,9,1,0
BRDA:55,10,0,0
BRDA:55,10,1,0
BRDA:60,11,0,0
BRDA:60,11,1,0
BRDA:68,12,0,3
BRDA:68,12,1,0
BRDA:68,13,0,3
BRDA:68,13,1,0
BRDA:68,13,2,0
BRDA:78,14,0,0
BRDA:78,14,1,0
BRDA:83,15,0,0
BRDA:83,15,1,0
BRDA:83,15,2,0
BRDA:94,16,0,0
BRDA:94,16,1,0
BRDA:101,17,0,0
BRDA:101,17,1,0
BRDA:253,18,0,0
BRDA:253,18,1,0
BRDA:254,19,0,0
BRDA:254,19,1,0
BRDA:255,20,0,0
BRDA:255,20,1,0
BRDA:256,21,0,0
BRDA:256,21,1,0
BRDA:256,22,0,0
BRDA:256,22,1,0
BRDA:257,23,0,0
BRDA:257,23,1,0
BRDA:257,24,0,0
BRDA:257,24,1,0
BRDA:258,25,0,0
BRDA:258,25,1,0
BRF:54
BRH:4
end_of_record
TN:
SF:components/WeeklyHighlights.tsx
FN:19,WeeklyHighlights
FN:29,(anonymous_1)
FN:32,(anonymous_2)
FN:56,(anonymous_3)
FN:61,(anonymous_4)
FN:74,(anonymous_5)
FN:95,(anonymous_6)
FN:98,(anonymous_7)
FN:102,(anonymous_8)
FN:107,(anonymous_9)
FN:117,(anonymous_10)
FN:176,(anonymous_11)
FN:180,(anonymous_12)
FNF:13
FNH:11
FNDA:15,WeeklyHighlights
FNDA:5,(anonymous_1)
FNDA:5,(anonymous_2)
FNDA:5,(anonymous_3)
FNDA:0,(anonymous_4)
FNDA:0,(anonymous_5)
FNDA:5,(anonymous_6)
FNDA:1,(anonymous_7)
FNDA:6,(anonymous_8)
FNDA:5,(anonymous_9)
FNDA:1,(anonymous_10)
FNDA:15,(anonymous_11)
FNDA:1,(anonymous_12)
DA:12,1
DA:20,15
DA:21,15
DA:22,15
DA:23,15
DA:25,15
DA:26,15
DA:29,15
DA:30,5
DA:32,5
DA:33,5
DA:34,5
DA:35,0
DA:36,0
DA:37,0
DA:39,5
DA:40,5
DA:41,5
DA:42,5
DA:47,0
DA:48,0
DA:53,5
DA:54,5
DA:56,5
DA:57,5
DA:61,15
DA:62,0
DA:63,0
DA:64,0
DA:66,0
DA:69,0
DA:70,0
DA:74,15
DA:75,0
DA:76,0
DA:77,0
DA:79,0
DA:82,0
DA:83,0
DA:88,15
DA:95,15
DA:96,5
DA:98,5
DA:99,5
DA:101,5
DA:103,6
DA:104,6
DA:107,5
DA:117,15
DA:118,1
DA:119,0
DA:121,1
DA:126,15
DA:129,12
DA:130,0
DA:131,0
DA:136,12
DA:137,0
DA:152,12
DA:177,15
DA:180,1
DA:217,1
LF:62
LH:41
BRDA:34,0,0,0
BRDA:34,0,1,5
BRDA:34,1,0,5
BRDA:34,1,1,0
BRDA:36,2,0,0
BRDA:36,2,1,0
BRDA:39,3,0,5
BRDA:39,3,1,0
BRDA:41,4,0,5
BRDA:41,4,1,0
BRDA:47,5,0,0
BRDA:47,5,1,0
BRDA:63,6,0,0
BRDA:63,6,1,0
BRDA:69,7,0,0
BRDA:69,7,1,0
BRDA:76,8,0,0
BRDA:76,8,1,0
BRDA:82,9,0,0
BRDA:82,9,1,0
BRDA:96,10,0,0
BRDA:96,10,1,5
BRDA:96,11,0,5
BRDA:96,11,1,5
BRDA:111,12,0,5
BRDA:111,12,1,0
BRDA:118,13,0,0
BRDA:118,13,1,1
BRDA:126,14,0,3
BRDA:126,14,1,12
BRDA:129,15,0,0
BRDA:129,15,1,12
BRDA:130,16,0,0
BRDA:130,16,1,0
BRDA:136,17,0,0
BRDA:136,17,1,12
BRDA:136,18,0,12
BRDA:136,18,1,8
BRDA:179,19,0,15
BRDA:179,19,1,0
BRDA:183,20,0,6
BRDA:183,20,1,9
BRDA:200,21,0,15
BRDA:200,21,1,12
BRF:44
BRH:20
end_of_record
TN:
SF:components/WelcomeBanner.tsx
FN:19,WelcomeBanner
FN:49,(anonymous_1)
FN:63,(anonymous_2)
FNF:3
FNH:3
FNDA:10,WelcomeBanner
FNDA:1,(anonymous_1)
FNDA:1,(anonymous_2)
DA:15,1
DA:16,1
DA:17,1
DA:20,10
DA:22,10
DA:23,2
DA:30,8
DA:49,1
DA:63,1
DA:81,1
LF:10
LH:10
BRDA:19,0,0,8
BRDA:22,1,0,2
BRDA:22,1,1,8
BRF:3
BRH:3
end_of_record
TN:
SF:components/YoutubeLinkComponent.tsx
FN:15,(anonymous_0)
FN:25,(anonymous_1)
FN:30,(anonymous_2)
FN:38,(anonymous_3)
FN:47,(anonymous_4)
FNF:5
FNH:5
FNDA:8,(anonymous_0)
FNDA:4,(anonymous_1)
FNDA:3,(anonymous_2)
FNDA:3,(anonymous_3)
FNDA:3,(anonymous_4)
DA:13,1
DA:15,1
DA:22,8
DA:23,8
DA:25,8
DA:26,4
DA:27,4
DA:30,8
DA:31,3
DA:32,3
DA:33,3
DA:34,0
DA:38,8
DA:39,3
DA:40,1
DA:43,2
DA:44,2
DA:47,8
DA:48,3
DA:51,8
DA:53,8
DA:88,1
LF:22
LH:21
BRDA:33,0,0,0
BRDA:33,0,1,3
BRDA:39,1,0,1
BRDA:39,1,1,2
BRDA:44,2,0,1
BRDA:44,2,1,1
BRDA:51,3,0,8
BRDA:51,3,1,8
BRDA:51,3,2,7
BRDA:56,4,0,8
BRDA:56,4,1,0
BRDA:56,4,2,0
BRDA:62,5,0,8
BRDA:62,5,1,1
BRDA:74,6,0,1
BRDA:74,6,1,7
BRDA:79,7,0,8
BRDA:79,7,1,1
BRF:18
BRH:15
end_of_record
TN:
SF:components/Chat/ImprovedChat.tsx
FN:38,ImprovedChat
FN:46,(anonymous_1)
FN:51,(anonymous_2)
FN:58,(anonymous_3)
FN:60,(anonymous_4)
FN:66,(anonymous_5)
FN:81,(anonymous_6)
FN:90,(anonymous_7)
FN:102,(anonymous_8)
FN:111,(anonymous_9)
FN:112,(anonymous_10)
FN:125,(anonymous_11)
FN:133,(anonymous_12)
FN:134,(anonymous_13)
FN:150,(anonymous_14)
FN:157,(anonymous_15)
FN:166,(anonymous_16)
FN:167,(anonymous_17)
FN:173,(anonymous_18)
FN:178,(anonymous_19)
FN:201,(anonymous_20)
FN:217,(anonymous_21)
FN:220,(anonymous_22)
FN:249,(anonymous_23)
FN:262,(anonymous_24)
FN:290,(anonymous_25)
FN:294,(anonymous_26)
FNF:27
FNH:22
FNDA:30,ImprovedChat
FNDA:11,(anonymous_1)
FNDA:23,(anonymous_2)
FNDA:23,(anonymous_3)
FNDA:4,(anonymous_4)
FNDA:11,(anonymous_5)
FNDA:12,(anonymous_6)
FNDA:8,(anonymous_7)
FNDA:7,(anonymous_8)
FNDA:4,(anonymous_9)
FNDA:4,(anonymous_10)
FNDA:4,(anonymous_11)
FNDA:1,(anonymous_12)
FNDA:1,(anonymous_13)
FNDA:1,(anonymous_14)
FNDA:0,(anonymous_15)
FNDA:0,(anonymous_16)
FNDA:0,(anonymous_17)
FNDA:17,(anonymous_18)
FNDA:17,(anonymous_19)
FNDA:0,(anonymous_20)
FNDA:72,(anonymous_21)
FNDA:1,(anonymous_22)
FNDA:30,(anonymous_23)
FNDA:83,(anonymous_24)
FNDA:7,(anonymous_25)
FNDA:0,(anonymous_26)
DA:20,1
DA:21,1
DA:31,1
DA:39,30
DA:40,30
DA:41,30
DA:42,30
DA:43,30
DA:46,30
DA:47,11
DA:51,30
DA:52,23
DA:53,12
DA:58,30
DA:59,23
DA:60,12
DA:61,4
DA:66,30
DA:67,11
DA:68,11
DA:69,11
DA:71,0
DA:72,0
DA:76,0
DA:77,0
DA:81,30
DA:82,12
DA:83,12
DA:84,12
DA:86,0
DA:90,30
DA:91,8
DA:92,8
DA:94,7
DA:102,7
DA:103,7
DA:104,7
DA:105,7
DA:107,7
DA:108,7
DA:111,4
DA:112,4
DA:113,4
DA:118,4
DA:125,4
DA:128,1
DA:129,1
DA:133,1
DA:134,1
DA:135,1
DA:140,1
DA:150,1
DA:152,5
DA:153,5
DA:157,30
DA:158,0
DA:159,0
DA:160,0
DA:162,0
DA:166,30
DA:167,0
DA:168,0
DA:169,0
DA:173,30
DA:174,17
DA:175,17
DA:178,30
DA:179,17
DA:181,17
DA:201,0
DA:217,30
DA:218,72
DA:220,1
DA:227,30
DA:249,30
DA:262,83
DA:290,7
DA:294,0
DA:311,1
LF:79
LH:65
BRDA:52,0,0,12
BRDA:52,0,1,11
BRDA:59,1,0,12
BRDA:59,1,1,11
BRDA:69,2,0,0
BRDA:69,2,1,11
BRDA:91,3,0,8
BRDA:91,3,1,7
BRDA:92,4,0,1
BRDA:92,4,1,7
BRDA:113,5,0,4
BRDA:113,5,1,0
BRDA:120,6,0,4
BRDA:120,6,1,0
BRDA:120,6,2,0
BRDA:128,7,0,1
BRDA:128,7,1,0
BRDA:135,8,0,1
BRDA:135,8,1,0
BRDA:142,9,0,1
BRDA:142,9,1,0
BRDA:143,10,0,0
BRDA:143,10,1,1
BRDA:143,11,0,1
BRDA:143,11,1,1
BRDA:168,12,0,0
BRDA:168,12,1,0
BRDA:168,13,0,0
BRDA:168,13,1,0
BRDA:185,14,0,12
BRDA:185,14,1,5
BRDA:191,15,0,12
BRDA:191,15,1,5
BRDA:194,16,0,17
BRDA:194,16,1,12
BRDA:199,17,0,17
BRDA:199,17,1,12
BRDA:199,17,2,1
BRDA:208,18,0,17
BRDA:208,18,1,12
BRDA:208,18,2,7
BRDA:231,19,0,30
BRDA:231,19,1,0
BRDA:232,20,0,30
BRDA:232,20,1,0
BRDA:237,21,0,30
BRDA:237,21,1,12
BRDA:270,22,0,7
BRDA:270,22,1,23
BRDA:295,23,0,30
BRDA:295,23,1,7
BRDA:295,23,2,23
BRDA:296,24,0,30
BRDA:296,24,1,7
BRDA:299,25,0,7
BRDA:299,25,1,23
BRF:56
BRH:42
end_of_record
TN:
SF:components/MapPage/AddressListItem.tsx
FN:27,(anonymous_0)
FN:31,(anonymous_1)
FN:34,(anonymous_2)
FN:39,(anonymous_3)
FN:44,(anonymous_4)
FN:55,(anonymous_5)
FN:89,(anonymous_6)
FN:89,(anonymous_7)
FN:93,(anonymous_8)
FN:97,(anonymous_9)
FN:111,(anonymous_10)
FN:136,(anonymous_11)
FN:141,(anonymous_12)
FN:146,(anonymous_13)
FN:151,(anonymous_14)
FN:152,(anonymous_15)
FN:159,(anonymous_16)
FN:186,(anonymous_17)
FN:187,(anonymous_18)
FN:197,(anonymous_19)
FN:278,(anonymous_20)
FNF:21
FNH:4
FNDA:0,(anonymous_0)
FNDA:0,(anonymous_1)
FNDA:0,(anonymous_2)
FNDA:0,(anonymous_3)
FNDA:0,(anonymous_4)
FNDA:1,(anonymous_5)
FNDA:1,(anonymous_6)
FNDA:2,(anonymous_7)
FNDA:0,(anonymous_8)
FNDA:0,(anonymous_9)
FNDA:0,(anonymous_10)
FNDA:0,(anonymous_11)
FNDA:0,(anonymous_12)
FNDA:0,(anonymous_13)
FNDA:0,(anonymous_14)
FNDA:0,(anonymous_15)
FNDA:1,(anonymous_16)
FNDA:0,(anonymous_17)
FNDA:0,(anonymous_18)
FNDA:0,(anonymous_19)
FNDA:0,(anonymous_20)
DA:27,1
DA:28,0
DA:31,1
DA:32,0
DA:33,0
DA:34,0
DA:35,0
DA:36,0
DA:39,1
DA:40,0
DA:41,0
DA:44,1
DA:45,0
DA:46,0
DA:47,0
DA:48,0
DA:49,0
DA:51,0
DA:55,1
DA:69,1
DA:71,1
DA:72,1
DA:74,1
DA:75,1
DA:76,1
DA:77,1
DA:80,1
DA:83,1
DA:84,1
DA:85,1
DA:86,1
DA:88,1
DA:89,2
DA:93,1
DA:94,0
DA:97,1
DA:98,0
DA:99,0
DA:100,0
DA:101,0
DA:103,0
DA:105,0
DA:107,0
DA:111,1
DA:112,0
DA:113,0
DA:114,0
DA:116,0
DA:121,0
DA:122,0
DA:123,0
DA:124,0
DA:125,0
DA:126,0
DA:129,0
DA:133,0
DA:136,1
DA:137,0
DA:138,0
DA:141,1
DA:142,0
DA:143,0
DA:146,1
DA:147,0
DA:148,0
DA:151,1
DA:152,0
DA:153,0
DA:154,0
DA:159,1
DA:160,1
DA:161,1
DA:162,1
DA:163,0
DA:165,1
DA:167,1
DA:168,1
DA:183,0
DA:186,0
DA:187,0
DA:197,0
DA:279,0
DA:297,1
LF:83
LH:34
BRDA:28,0,0,0
BRDA:28,0,1,0
BRDA:28,1,0,0
BRDA:28,1,1,0
BRDA:32,2,0,0
BRDA:32,2,1,0
BRDA:36,3,0,0
BRDA:36,3,1,0
BRDA:36,4,0,0
BRDA:36,4,1,0
BRDA:41,5,0,0
BRDA:41,5,1,0
BRDA:45,6,0,0
BRDA:45,6,1,0
BRDA:48,7,0,0
BRDA:48,7,1,0
BRDA:75,8,0,1
BRDA:75,8,1,0
BRDA:77,9,0,1
BRDA:77,9,1,1
BRDA:80,10,0,1
BRDA:80,10,1,1
BRDA:83,11,0,0
BRDA:83,11,1,1
BRDA:84,12,0,0
BRDA:84,12,1,1
BRDA:85,13,0,0
BRDA:85,13,1,1
BRDA:85,14,0,1
BRDA:85,14,1,0
BRDA:86,15,0,0
BRDA:86,15,1,1
BRDA:89,16,0,1
BRDA:89,16,1,0
BRDA:98,17,0,0
BRDA:98,17,1,0
BRDA:100,18,0,0
BRDA:100,18,1,0
BRDA:100,19,0,0
BRDA:100,19,1,0
BRDA:112,20,0,0
BRDA:112,20,1,0
BRDA:124,21,0,0
BRDA:124,21,1,0
BRDA:143,22,0,0
BRDA:143,22,1,0
BRDA:147,23,0,0
BRDA:147,23,1,0
BRDA:160,24,0,0
BRDA:160,24,1,1
BRDA:161,25,0,0
BRDA:161,25,1,1
BRDA:162,26,0,1
BRDA:162,26,1,0
BRDA:167,27,0,1
BRDA:167,27,1,0
BRDA:186,28,0,0
BRDA:186,28,1,0
BRDA:187,29,0,0
BRDA:187,29,1,0
BRDA:191,30,0,0
BRDA:191,30,1,0
BRDA:200,31,0,0
BRDA:200,31,1,0
BRDA:211,32,0,0
BRDA:211,32,1,0
BRDA:219,33,0,0
BRDA:219,33,1,0
BRDA:224,34,0,0
BRDA:224,34,1,0
BRDA:257,35,0,0
BRDA:257,35,1,0
BRDA:259,36,0,0
BRDA:259,36,1,0
BRDA:265,37,0,0
BRDA:265,37,1,0
BRDA:276,38,0,0
BRDA:276,38,1,0
BRDA:283,39,0,0
BRDA:283,39,1,0
BRDA:394,40,0,0
BRDA:394,40,1,1
BRF:82
BRH:16
end_of_record
TN:
SF:components/MapPage/FiltersPanel.tsx
FN:92,(anonymous_0)
FN:114,(anonymous_1)
FN:117,(anonymous_2)
FN:118,(anonymous_3)
FN:137,(anonymous_4)
FN:154,(anonymous_5)
FN:160,(anonymous_6)
FN:162,(anonymous_7)
FN:170,(anonymous_8)
FN:172,(anonymous_9)
FN:193,(anonymous_10)
FN:199,(anonymous_11)
FN:205,(anonymous_12)
FN:219,(anonymous_13)
FN:251,(anonymous_14)
FN:261,(anonymous_15)
FN:291,(anonymous_16)
FN:297,(anonymous_17)
FN:311,(anonymous_18)
FN:327,(anonymous_19)
FN:358,(anonymous_20)
FN:362,(anonymous_21)
FN:367,(anonymous_22)
FN:391,(anonymous_23)
FN:401,(anonymous_24)
FN:403,(anonymous_25)
FN:518,(anonymous_26)
FNF:27
FNH:19
FNDA:7,(anonymous_0)
FNDA:7,(anonymous_1)
FNDA:7,(anonymous_2)
FNDA:14,(anonymous_3)
FNDA:14,(anonymous_4)
FNDA:7,(anonymous_5)
FNDA:3,(anonymous_6)
FNDA:3,(anonymous_7)
FNDA:7,(anonymous_8)
FNDA:14,(anonymous_9)
FNDA:1,(anonymous_10)
FNDA:0,(anonymous_11)
FNDA:0,(anonymous_12)
FNDA:7,(anonymous_13)
FNDA:14,(anonymous_14)
FNDA:1,(anonymous_15)
FNDA:0,(anonymous_16)
FNDA:0,(anonymous_17)
FNDA:0,(anonymous_18)
FNDA:0,(anonymous_19)
FNDA:0,(anonymous_20)
FNDA:12,(anonymous_21)
FNDA:1,(anonymous_22)
FNDA:3,(anonymous_23)
FNDA:0,(anonymous_24)
FNDA:6,(anonymous_25)
FNDA:7,(anonymous_26)
DA:31,1
DA:34,1
DA:46,1
DA:51,1
DA:57,1
DA:58,0
DA:92,1
DA:114,7
DA:117,7
DA:118,7
DA:133,14
DA:137,14
DA:154,7
DA:155,7
DA:156,7
DA:157,3
DA:158,3
DA:160,3
DA:163,3
DA:166,7
DA:169,7
DA:171,7
DA:174,14
DA:175,14
DA:176,14
DA:177,14
DA:179,2
DA:193,7
DA:194,1
DA:195,1
DA:198,7
DA:201,0
DA:205,0
DA:206,0
DA:207,0
DA:208,0
DA:209,0
DA:210,0
DA:212,0
DA:218,7
DA:219,7
DA:223,7
DA:252,14
DA:253,14
DA:261,1
DA:292,0
DA:297,0
DA:313,0
DA:316,0
DA:319,0
DA:321,0
DA:327,0
DA:358,0
DA:363,12
DA:364,12
DA:367,1
DA:392,3
DA:393,3
DA:401,0
DA:403,6
DA:518,1
DA:519,7
DA:520,7
DA:521,7
DA:523,7
LF:65
LH:47
BRDA:57,0,0,0
BRDA:57,0,1,1
BRDA:57,1,0,1
BRDA:57,1,1,0
BRDA:108,2,0,7
BRDA:111,3,0,7
BRDA:122,4,0,0
BRDA:123,5,0,7
BRDA:136,6,0,14
BRDA:136,6,1,7
BRDA:136,6,2,0
BRDA:141,7,0,14
BRDA:141,7,1,0
BRDA:142,8,0,14
BRDA:142,8,1,7
BRDA:146,9,0,7
BRDA:146,9,1,7
BRDA:147,10,0,7
BRDA:147,10,1,7
BRDA:157,11,0,0
BRDA:157,11,1,3
BRDA:163,12,0,3
BRDA:163,12,1,2
BRDA:174,13,0,14
BRDA:174,13,1,0
BRDA:174,14,0,0
BRDA:174,14,1,0
BRDA:175,15,0,0
BRDA:175,15,1,14
BRDA:177,16,0,12
BRDA:177,16,1,2
BRDA:180,17,0,2
BRDA:180,17,1,0
BRDA:201,18,0,0
BRDA:201,18,1,0
BRDA:203,19,0,0
BRDA:203,19,1,0
BRDA:203,20,0,0
BRDA:203,20,1,0
BRDA:203,20,2,0
BRDA:203,21,0,0
BRDA:203,21,1,0
BRDA:203,22,0,0
BRDA:203,22,1,0
BRDA:203,22,2,0
BRDA:203,23,0,0
BRDA:203,23,1,0
BRDA:206,24,0,0
BRDA:206,24,1,0
BRDA:208,25,0,0
BRDA:208,25,1,0
BRDA:208,26,0,0
BRDA:208,26,1,0
BRDA:209,27,0,0
BRDA:209,27,1,0
BRDA:209,28,0,0
BRDA:209,28,1,0
BRDA:209,29,0,0
BRDA:209,29,1,0
BRDA:219,30,0,7
BRDA:219,30,1,5
BRDA:229,31,0,7
BRDA:229,31,1,7
BRDA:238,32,0,7
BRDA:238,32,1,0
BRDA:258,33,0,14
BRDA:258,33,1,7
BRDA:265,34,0,7
BRDA:265,34,1,7
BRDA:266,35,0,14
BRDA:266,35,1,7
BRDA:282,36,0,6
BRDA:282,36,1,1
BRDA:285,37,0,6
BRDA:285,37,1,1
BRDA:290,38,0,1
BRDA:290,38,1,0
BRDA:292,39,0,0
BRDA:292,39,1,0
BRDA:294,40,0,0
BRDA:294,40,1,0
BRDA:294,41,0,0
BRDA:294,41,1,0
BRDA:294,41,2,0
BRDA:294,42,0,0
BRDA:294,42,1,0
BRDA:304,43,0,1
BRDA:304,43,1,0
BRDA:313,44,0,0
BRDA:313,44,1,0
BRDA:315,45,0,0
BRDA:315,45,1,0
BRDA:315,46,0,0
BRDA:315,46,1,0
BRDA:315,46,2,0
BRDA:315,47,0,0
BRDA:315,47,1,0
BRDA:316,48,0,0
BRDA:316,48,1,0
BRDA:318,49,0,0
BRDA:318,49,1,0
BRDA:318,50,0,0
BRDA:318,50,1,0
BRDA:318,50,2,0
BRDA:318,51,0,0
BRDA:318,51,1,0
BRDA:319,52,0,0
BRDA:319,52,1,0
BRDA:319,53,0,0
BRDA:319,53,1,0
BRDA:339,54,0,0
BRDA:339,54,1,0
BRDA:352,55,0,6
BRDA:352,55,1,6
BRDA:370,56,0,12
BRDA:370,56,1,6
BRDA:398,57,0,3
BRDA:398,57,1,1
BRDA:410,58,0,3
BRDA:410,58,1,1
BRDA:421,59,0,1
BRDA:421,59,1,0
BRDA:421,59,2,0
BRDA:421,59,3,0
BRDA:434,60,0,1
BRDA:434,60,1,1
BRDA:440,61,0,1
BRDA:440,61,1,1
BRDA:443,62,0,1
BRDA:443,62,1,0
BRDA:454,63,0,1
BRDA:454,63,1,1
BRDA:454,63,2,1
BRDA:454,63,3,0
BRDA:464,64,0,1
BRDA:464,64,1,1
BRDA:464,64,2,0
BRDA:464,64,3,0
BRDA:468,65,0,0
BRDA:468,65,1,0
BRDA:477,66,0,7
BRDA:477,66,1,1
BRDA:477,67,0,7
BRDA:477,67,1,7
BRDA:483,68,0,1
BRDA:483,68,1,1
BRDA:487,69,0,1
BRDA:487,69,1,1
BRDA:503,70,0,7
BRDA:503,70,1,7
BRDA:503,70,2,7
BRDA:520,71,0,0
BRDA:520,71,1,7
BRDA:521,72,0,0
BRDA:521,72,1,7
BRDA:536,73,0,0
BRDA:536,73,1,7
BRF:157
BRH:72
end_of_record
TN:
SF:components/MapPage/Map.web.tsx
FN:51,(anonymous_0)
FN:56,(anonymous_1)
FN:75,(anonymous_2)
FN:78,(anonymous_3)
FN:106,(anonymous_4)
FN:116,(anonymous_5)
FN:128,(anonymous_6)
FN:149,(anonymous_7)
FN:154,(anonymous_8)
FN:157,(anonymous_9)
FN:164,(anonymous_10)
FN:176,(anonymous_11)
FN:251,(anonymous_12)
FN:252,(anonymous_13)
FN:265,(anonymous_14)
FN:274,(anonymous_15)
FN:285,(anonymous_16)
FN:304,(anonymous_17)
FN:311,(anonymous_18)
FN:314,(anonymous_19)
FN:323,(anonymous_20)
FN:326,(anonymous_21)
FN:333,(anonymous_22)
FN:339,(anonymous_23)
FN:344,(anonymous_24)
FN:347,(anonymous_25)
FN:360,(anonymous_26)
FN:367,(anonymous_27)
FN:403,(anonymous_28)
FN:420,(anonymous_29)
FN:434,(anonymous_30)
FN:471,(anonymous_31)
FN:475,(anonymous_32)
FN:542,(anonymous_33)
FN:557,(anonymous_34)
FN:644,(anonymous_35)
FN:651,(anonymous_36)
FNF:37
FNH:17
FNDA:0,(anonymous_0)
FNDA:0,(anonymous_1)
FNDA:0,(anonymous_2)
FNDA:0,(anonymous_3)
FNDA:0,(anonymous_4)
FNDA:0,(anonymous_5)
FNDA:37,(anonymous_6)
FNDA:11,(anonymous_7)
FNDA:11,(anonymous_8)
FNDA:0,(anonymous_9)
FNDA:11,(anonymous_10)
FNDA:11,(anonymous_11)
FNDA:11,(anonymous_12)
FNDA:11,(anonymous_13)
FNDA:0,(anonymous_14)
FNDA:0,(anonymous_15)
FNDA:12,(anonymous_16)
FNDA:0,(anonymous_17)
FNDA:15,(anonymous_18)
FNDA:0,(anonymous_19)
FNDA:0,(anonymous_20)
FNDA:0,(anonymous_21)
FNDA:26,(anonymous_22)
FNDA:26,(anonymous_23)
FNDA:26,(anonymous_24)
FNDA:0,(anonymous_25)
FNDA:20,(anonymous_26)
FNDA:26,(anonymous_27)
FNDA:26,(anonymous_28)
FNDA:0,(anonymous_29)
FNDA:0,(anonymous_30)
FNDA:0,(anonymous_31)
FNDA:0,(anonymous_32)
FNDA:0,(anonymous_33)
FNDA:1,(anonymous_34)
FNDA:11,(anonymous_35)
FNDA:0,(anonymous_36)
DA:51,1
DA:52,0
DA:53,0
DA:56,1
DA:61,0
DA:62,0
DA:63,0
DA:75,1
DA:76,0
DA:79,0
DA:80,0
DA:81,0
DA:84,0
DA:88,0
DA:106,1
DA:108,0
DA:111,0
DA:112,0
DA:116,0
DA:117,0
DA:118,0
DA:120,0
DA:128,1
DA:140,37
DA:141,37
DA:146,37
DA:147,37
DA:148,37
DA:149,37
DA:150,11
DA:151,11
DA:154,37
DA:155,11
DA:156,11
DA:157,11
DA:158,11
DA:159,0
DA:162,11
DA:164,11
DA:165,11
DA:166,0
DA:169,11
DA:174,37
DA:176,37
DA:178,11
DA:179,11
DA:194,0
DA:208,0
DA:220,0
DA:232,0
DA:243,0
DA:251,37
DA:252,11
DA:253,11
DA:254,11
DA:255,11
DA:256,11
DA:257,11
DA:260,11
DA:265,0
DA:267,11
DA:270,11
DA:273,37
DA:275,0
DA:276,0
DA:277,0
DA:278,0
DA:279,0
DA:285,37
DA:286,12
DA:288,3
DA:289,3
DA:290,3
DA:291,3
DA:295,37
DA:299,37
DA:300,37
DA:301,37
DA:304,37
DA:305,0
DA:306,0
DA:311,37
DA:312,15
DA:313,15
DA:314,7
DA:315,0
DA:320,37
DA:323,26
DA:324,0
DA:326,0
DA:327,0
DA:330,0
DA:333,26
DA:334,26
DA:335,26
DA:336,26
DA:339,26
DA:340,26
DA:344,26
DA:345,26
DA:347,20
DA:348,0
DA:349,0
DA:350,0
DA:357,20
DA:358,20
DA:360,20
DA:361,20
DA:362,20
DA:367,26
DA:368,26
DA:372,26
DA:374,20
DA:375,8
DA:376,8
DA:379,20
DA:380,20
DA:384,6
DA:385,0
DA:389,6
DA:390,3
DA:391,0
DA:392,0
DA:393,3
DA:394,3
DA:395,3
DA:399,6
DA:403,26
DA:404,26
DA:408,26
DA:411,6
DA:412,6
DA:415,0
DA:418,0
DA:419,0
DA:420,0
DA:422,0
DA:428,0
DA:429,0
DA:432,0
DA:433,0
DA:434,0
DA:436,0
DA:437,0
DA:441,26
DA:444,26
DA:472,0
DA:473,0
DA:476,0
DA:477,0
DA:543,0
DA:558,1
DA:644,1
DA:645,11
DA:651,1
DA:652,0
DA:657,1
LF:157
LH:95
BRDA:53,0,0,0
BRDA:53,0,1,0
BRDA:53,1,0,0
BRDA:53,1,1,0
BRDA:61,2,0,0
BRDA:61,2,1,0
BRDA:62,3,0,0
BRDA:62,3,1,0
BRDA:80,4,0,0
BRDA:80,4,1,0
BRDA:80,5,0,0
BRDA:80,5,1,0
BRDA:84,6,0,0
BRDA:84,6,1,0
BRDA:108,7,0,0
BRDA:108,7,1,0
BRDA:111,8,0,0
BRDA:111,8,1,0
BRDA:111,9,0,0
BRDA:111,9,1,0
BRDA:111,9,2,0
BRDA:111,9,3,0
BRDA:118,10,0,0
BRDA:118,10,1,0
BRDA:121,11,0,0
BRDA:121,11,1,0
BRDA:121,11,2,0
BRDA:129,12,0,37
BRDA:150,13,0,0
BRDA:150,13,1,11
BRDA:155,14,0,0
BRDA:155,14,1,11
BRDA:158,15,0,0
BRDA:158,15,1,11
BRDA:165,16,0,0
BRDA:165,16,1,11
BRDA:178,17,0,11
BRDA:178,17,1,0
BRDA:178,18,0,11
BRDA:178,18,1,0
BRDA:256,19,0,0
BRDA:256,19,1,11
BRDA:275,20,0,0
BRDA:275,20,1,0
BRDA:275,21,0,0
BRDA:275,21,1,0
BRDA:286,22,0,9
BRDA:286,22,1,3
BRDA:288,23,0,3
BRDA:288,23,1,3
BRDA:290,24,0,0
BRDA:290,24,1,3
BRDA:290,25,0,3
BRDA:290,25,1,3
BRDA:305,26,0,0
BRDA:305,26,1,0
BRDA:305,27,0,0
BRDA:305,27,1,0
BRDA:312,28,0,0
BRDA:312,28,1,15
BRDA:313,29,0,7
BRDA:313,29,1,8
BRDA:313,30,0,15
BRDA:313,30,1,12
BRDA:320,31,0,11
BRDA:320,31,1,26
BRDA:345,32,0,6
BRDA:345,32,1,20
BRDA:345,33,0,26
BRDA:345,33,1,26
BRDA:368,34,0,0
BRDA:368,34,1,26
BRDA:372,35,0,20
BRDA:372,35,1,6
BRDA:374,36,0,8
BRDA:374,36,1,12
BRDA:374,37,0,20
BRDA:374,37,1,8
BRDA:374,37,2,8
BRDA:384,38,0,0
BRDA:384,38,1,6
BRDA:384,39,0,6
BRDA:384,39,1,0
BRDA:389,40,0,3
BRDA:389,40,1,3
BRDA:390,41,0,0
BRDA:390,41,1,3
BRDA:393,42,0,3
BRDA:393,42,1,0
BRDA:393,43,0,3
BRDA:393,43,1,3
BRDA:404,44,0,0
BRDA:404,44,1,26
BRDA:404,45,0,26
BRDA:404,45,1,26
BRDA:408,46,0,20
BRDA:408,46,1,6
BRDA:411,47,0,6
BRDA:411,47,1,0
BRDA:411,48,0,6
BRDA:411,48,1,0
BRDA:411,48,2,0
BRDA:418,49,0,0
BRDA:418,49,1,0
BRDA:418,50,0,0
BRDA:418,50,1,0
BRDA:419,51,0,0
BRDA:419,51,1,0
BRDA:428,52,0,0
BRDA:428,52,1,0
BRDA:428,53,0,0
BRDA:428,53,1,0
BRDA:428,53,2,0
BRDA:432,54,0,0
BRDA:432,54,1,0
BRDA:447,55,0,26
BRDA:447,55,1,15
BRDA:447,55,2,0
BRDA:488,56,0,26
BRDA:488,56,1,0
BRDA:488,56,2,0
BRDA:488,56,3,0
BRDA:506,57,0,20
BRDA:506,57,1,6
BRDA:508,58,0,3
BRDA:508,58,1,3
BRDA:510,59,0,20
BRDA:510,59,1,6
BRDA:510,60,0,3
BRDA:510,60,1,3
BRDA:523,61,0,26
BRDA:523,61,1,6
BRDA:523,61,2,6
BRDA:536,62,0,26
BRDA:536,62,1,11
BRDA:536,62,2,11
BRDA:551,63,0,26
BRDA:551,63,1,5
BRDA:551,63,2,5
BRDA:566,64,0,26
BRDA:566,64,1,20
BRDA:566,64,2,5
BRDA:566,64,3,0
BRDA:578,65,0,26
BRDA:578,65,1,15
BRDA:578,65,2,15
BRDA:588,66,0,26
BRDA:588,66,1,0
BRDA:588,66,2,0
BRDA:588,66,3,0
BRDA:588,66,4,0
BRDA:601,67,0,26
BRDA:601,67,1,0
BRDA:601,67,2,0
BRDA:601,67,3,0
BRDA:601,67,4,0
BRDA:601,67,5,0
BRDA:625,68,0,26
BRDA:625,68,1,0
BRDA:632,69,0,26
BRDA:632,69,1,0
BRDA:667,70,0,1
BRDA:667,70,1,0
BRDA:672,71,0,1
BRDA:672,71,1,0
BRF:165
BRH:81
end_of_record
TN:
SF:components/MapPage/MapLegend.tsx
FN:9,MapLegend
FN:56,(anonymous_1)
FNF:2
FNH:2
FNDA:7,MapLegend
FNDA:29,(anonymous_1)
DA:10,7
DA:11,7
DA:13,7
DA:40,7
DA:41,1
DA:49,7
DA:57,29
DA:74,1
LF:8
LH:8
BRDA:9,0,0,0
BRDA:40,1,0,1
BRDA:40,1,1,6
BRDA:50,2,0,7
BRDA:50,2,1,0
BRDA:63,3,0,29
BRDA:63,3,1,29
BRF:7
BRH:5
end_of_record
TN:
SF:components/MapPage/MapPanel.tsx
FN:22,Placeholder
FN:31,(anonymous_1)
FN:37,(anonymous_2)
FN:38,(anonymous_3)
FN:57,(anonymous_4)
FN:61,(anonymous_5)
FN:64,(anonymous_6)
FN:72,(anonymous_7)
FN:77,(anonymous_8)
FNF:9
FNH:7
FNDA:20,Placeholder
FNDA:28,(anonymous_1)
FNDA:0,(anonymous_2)
FNDA:0,(anonymous_3)
FNDA:20,(anonymous_4)
FNDA:9,(anonymous_5)
FNDA:9,(anonymous_6)
FNDA:9,(anonymous_7)
FNDA:10,(anonymous_8)
DA:23,20
DA:31,1
DA:44,28
DA:47,28
DA:54,28
DA:55,28
DA:57,28
DA:58,20
DA:59,20
DA:61,9
DA:62,9
DA:63,9
DA:64,9
DA:66,0
DA:68,9
DA:72,9
DA:73,9
DA:77,28
DA:79,28
DA:81,26
DA:82,9
DA:92,17
DA:93,9
DA:96,8
DA:120,1
LF:25
LH:24
BRDA:22,0,0,2
BRDA:34,1,0,3
BRDA:35,2,0,3
BRDA:36,3,0,3
BRDA:37,4,0,3
BRDA:38,5,0,3
BRDA:39,6,0,3
BRDA:44,7,0,28
BRDA:44,7,1,27
BRDA:55,8,0,28
BRDA:55,8,1,26
BRDA:59,9,0,11
BRDA:59,9,1,9
BRDA:59,10,0,20
BRDA:59,10,1,18
BRDA:64,11,0,9
BRDA:64,11,1,0
BRDA:64,12,0,9
BRDA:64,12,1,0
BRDA:68,13,0,9
BRDA:68,13,1,0
BRDA:79,14,0,2
BRDA:79,14,1,26
BRDA:81,15,0,9
BRDA:81,15,1,17
BRDA:92,16,0,9
BRDA:92,16,1,8
BRDA:92,17,0,17
BRDA:92,17,1,17
BRF:29
BRH:26
end_of_record
TN:
SF:components/MapPage/OptimizedMap.web.tsx
FN:37,(anonymous_0)
FN:65,(anonymous_1)
FN:90,(anonymous_2)
FN:112,(anonymous_3)
FNF:4
FNH:2
FNDA:11,(anonymous_0)
FNDA:1,(anonymous_1)
FNDA:0,(anonymous_2)
FNDA:0,(anonymous_3)
DA:37,1
DA:49,11
DA:65,1
DA:70,1
DA:71,1
DA:75,0
DA:79,1
DA:80,0
DA:84,1
DA:85,0
DA:88,1
DA:91,0
DA:92,0
DA:93,0
DA:100,0
DA:104,1
DA:105,1
DA:106,1
DA:107,0
DA:110,1
DA:113,0
DA:114,0
DA:115,0
DA:123,0
DA:126,1
LF:25
LH:13
BRDA:71,0,0,0
BRDA:71,0,1,1
BRDA:72,1,0,1
BRDA:72,1,1,1
BRDA:79,2,0,0
BRDA:79,2,1,1
BRDA:79,3,0,1
BRDA:79,3,1,1
BRDA:84,4,0,0
BRDA:84,4,1,1
BRDA:88,5,0,0
BRDA:88,5,1,1
BRDA:92,6,0,0
BRDA:92,6,1,0
BRDA:94,7,0,0
BRDA:94,7,1,0
BRDA:104,8,0,1
BRDA:104,8,1,0
BRDA:105,9,0,1
BRDA:105,9,1,0
BRDA:106,10,0,0
BRDA:106,10,1,1
BRDA:110,11,0,0
BRDA:110,11,1,1
BRDA:114,12,0,0
BRDA:114,12,1,0
BRDA:116,13,0,0
BRDA:116,13,1,0
BRDA:116,13,2,0
BRF:29
BRH:12
end_of_record
TN:
SF:components/MapPage/PopupContentComponent.tsx
FN:19,(anonymous_0)
FN:22,(anonymous_1)
FN:28,(anonymous_2)
FN:34,(anonymous_3)
FN:34,(anonymous_4)
FN:36,(anonymous_5)
FN:41,(anonymous_6)
FN:43,(anonymous_7)
FN:47,(anonymous_8)
FN:52,(anonymous_9)
FN:58,(anonymous_10)
FN:65,(anonymous_11)
FN:70,(anonymous_12)
FN:75,(anonymous_13)
FN:80,(anonymous_14)
FN:120,(anonymous_15)
FN:147,(anonymous_16)
FN:147,(anonymous_17)
FN:161,(anonymous_18)
FN:169,(anonymous_19)
FN:185,(anonymous_20)
FN:201,(anonymous_21)
FN:210,(anonymous_22)
FN:220,(anonymous_23)
FN:239,(anonymous_24)
FN:253,(anonymous_25)
FN:257,(anonymous_26)
FN:260,(anonymous_27)
FN:263,(anonymous_28)
FN:266,(anonymous_29)
FN:269,(anonymous_30)
FNF:31
FNH:4
FNDA:0,(anonymous_0)
FNDA:0,(anonymous_1)
FNDA:5,(anonymous_2)
FNDA:5,(anonymous_3)
FNDA:5,(anonymous_4)
FNDA:0,(anonymous_5)
FNDA:0,(anonymous_6)
FNDA:0,(anonymous_7)
FNDA:0,(anonymous_8)
FNDA:0,(anonymous_9)
FNDA:0,(anonymous_10)
FNDA:0,(anonymous_11)
FNDA:0,(anonymous_12)
FNDA:0,(anonymous_13)
FNDA:10,(anonymous_14)
FNDA:0,(anonymous_15)
FNDA:0,(anonymous_16)
FNDA:0,(anonymous_17)
FNDA:0,(anonymous_18)
FNDA:0,(anonymous_19)
FNDA:0,(anonymous_20)
FNDA:0,(anonymous_21)
FNDA:0,(anonymous_22)
FNDA:0,(anonymous_23)
FNDA:0,(anonymous_24)
FNDA:0,(anonymous_25)
FNDA:0,(anonymous_26)
FNDA:0,(anonymous_27)
FNDA:0,(anonymous_28)
FNDA:0,(anonymous_29)
FNDA:0,(anonymous_30)
DA:19,1
DA:20,0
DA:21,0
DA:22,0
DA:23,0
DA:24,0
DA:25,0
DA:28,1
DA:29,5
DA:30,5
DA:31,5
DA:32,5
DA:34,5
DA:36,5
DA:37,0
DA:38,0
DA:41,5
DA:43,5
DA:44,0
DA:45,0
DA:46,0
DA:47,0
DA:52,5
DA:53,0
DA:54,0
DA:55,0
DA:58,5
DA:59,0
DA:60,0
DA:61,0
DA:62,0
DA:65,5
DA:66,0
DA:67,0
DA:70,5
DA:71,0
DA:72,0
DA:75,5
DA:76,0
DA:77,0
DA:80,10
DA:81,5
DA:83,5
DA:122,0
DA:123,0
DA:124,0
DA:125,0
DA:126,0
DA:147,0
DA:161,0
DA:169,0
DA:186,0
DA:187,0
DA:201,0
DA:210,0
DA:220,0
DA:240,0
DA:253,1
DA:254,0
DA:257,1
DA:258,0
DA:260,1
DA:261,0
DA:263,1
DA:264,0
DA:266,1
DA:267,0
DA:269,1
DA:270,0
DA:274,1
DA:835,1
DA:836,1
DA:837,1
DA:839,1
DA:840,0
DA:841,0
DA:843,0
DA:844,0
DA:845,0
DA:846,0
DA:849,0
DA:850,0
LF:82
LH:29
BRDA:20,0,0,0
BRDA:20,0,1,0
BRDA:24,1,0,0
BRDA:24,1,1,0
BRDA:24,2,0,0
BRDA:24,2,1,0
BRDA:37,3,0,0
BRDA:37,3,1,0
BRDA:38,4,0,0
BRDA:38,4,1,0
BRDA:41,5,0,0
BRDA:41,5,1,0
BRDA:45,6,0,0
BRDA:45,6,1,0
BRDA:45,7,0,0
BRDA:45,7,1,0
BRDA:47,8,0,0
BRDA:47,8,1,0
BRDA:54,9,0,0
BRDA:54,9,1,0
BRDA:59,10,0,0
BRDA:59,10,1,0
BRDA:60,11,0,0
BRDA:60,11,1,0
BRDA:76,12,0,0
BRDA:76,12,1,0
BRDA:76,13,0,0
BRDA:76,13,1,0
BRDA:77,14,0,0
BRDA:77,14,1,0
BRDA:80,15,0,5
BRDA:80,15,1,0
BRDA:81,16,0,0
BRDA:81,16,1,5
BRDA:81,17,0,5
BRDA:81,17,1,5
BRDA:108,18,0,4
BRDA:108,18,1,1
BRDA:113,19,0,4
BRDA:113,19,1,1
BRDA:116,20,0,4
BRDA:116,20,1,0
BRDA:125,21,0,0
BRDA:125,21,1,0
BRDA:131,22,0,5
BRDA:131,22,1,1
BRDA:142,23,0,5
BRDA:142,23,1,5
BRDA:151,24,0,0
BRDA:151,24,1,5
BRDA:152,25,0,0
BRDA:152,25,1,5
BRDA:158,26,0,5
BRDA:158,26,1,0
BRDA:175,27,0,0
BRDA:175,27,1,0
BRDA:193,28,0,0
BRDA:193,28,1,0
BRDA:217,29,0,0
BRDA:217,29,1,0
BRDA:217,29,2,0
BRDA:231,30,0,0
BRDA:231,30,1,0
BRDA:237,31,0,0
BRDA:237,31,1,0
BRDA:835,32,0,1
BRDA:835,32,1,0
BRDA:837,33,0,1
BRDA:837,33,1,0
BRDA:837,33,2,0
BRDA:839,34,0,0
BRDA:839,34,1,1
BRDA:843,35,0,0
BRDA:843,35,1,0
BRDA:849,36,0,0
BRDA:849,36,1,0
BRDA:849,37,0,0
BRDA:849,37,1,0
BRF:78
BRH:19
end_of_record
TN:
SF:components/MapPage/RadiusSelect.tsx
FN:29,(anonymous_0)
FN:41,(anonymous_1)
FN:41,(anonymous_2)
FN:49,(anonymous_3)
FN:56,(anonymous_4)
FN:61,(anonymous_5)
FN:66,(anonymous_6)
FN:81,(anonymous_7)
FN:86,(anonymous_8)
FN:115,(anonymous_9)
FN:134,(anonymous_10)
FN:136,(anonymous_11)
FN:140,(anonymous_12)
FN:141,(anonymous_13)
FN:145,(anonymous_14)
FN:146,(anonymous_15)
FN:161,(anonymous_16)
FNF:17
FNH:4
FNDA:6,(anonymous_0)
FNDA:6,(anonymous_1)
FNDA:6,(anonymous_2)
FNDA:0,(anonymous_3)
FNDA:0,(anonymous_4)
FNDA:0,(anonymous_5)
FNDA:0,(anonymous_6)
FNDA:6,(anonymous_7)
FNDA:0,(anonymous_8)
FNDA:0,(anonymous_9)
FNDA:0,(anonymous_10)
FNDA:0,(anonymous_11)
FNDA:0,(anonymous_12)
FNDA:0,(anonymous_13)
FNDA:0,(anonymous_14)
FNDA:0,(anonymous_15)
FNDA:0,(anonymous_16)
DA:29,1
DA:38,6
DA:40,6
DA:41,6
DA:45,6
DA:46,6
DA:48,6
DA:50,0
DA:51,0
DA:56,6
DA:57,0
DA:61,0
DA:67,0
DA:81,6
DA:82,6
DA:86,0
DA:115,0
DA:134,0
DA:136,0
DA:140,0
DA:142,0
DA:143,0
DA:145,0
DA:146,0
DA:161,0
DA:170,6
DA:173,1
LF:27
LH:12
BRDA:31,0,0,0
BRDA:33,1,0,6
BRDA:34,2,0,6
BRDA:35,3,0,6
BRDA:36,4,0,6
BRDA:45,5,0,6
BRDA:45,5,1,0
BRDA:57,6,0,0
BRDA:57,6,1,0
BRDA:60,7,0,0
BRDA:60,7,1,0
BRDA:61,8,0,0
BRDA:61,8,1,0
BRDA:63,9,0,0
BRDA:63,9,1,0
BRDA:72,10,0,0
BRDA:72,10,1,0
BRDA:72,10,2,0
BRDA:74,11,0,0
BRDA:74,11,1,0
BRDA:82,12,0,6
BRDA:82,12,1,0
BRDA:85,13,0,6
BRDA:85,13,1,0
BRDA:86,14,0,0
BRDA:86,14,1,0
BRDA:88,15,0,6
BRDA:88,15,1,6
BRDA:94,16,0,0
BRDA:94,16,1,6
BRDA:101,17,0,6
BRDA:101,17,1,0
BRDA:102,18,0,6
BRDA:102,18,1,0
BRDA:107,19,0,6
BRDA:107,19,1,6
BRDA:113,20,0,6
BRDA:113,20,1,6
BRDA:113,20,2,6
BRDA:113,20,3,6
BRDA:123,21,0,6
BRDA:123,21,1,6
BRDA:148,22,0,0
BRDA:148,22,1,0
BRDA:149,23,0,0
BRDA:149,23,1,0
BRDA:157,24,0,0
BRDA:157,24,1,0
BRDA:170,25,0,0
BRDA:170,25,1,6
BRF:50
BRH:21
end_of_record
TN:
SF:components/MapPage/RouteHint.tsx
FN:10,RouteHint
FNF:1
FNH:0
FNDA:0,RouteHint
DA:11,0
DA:12,0
DA:14,0
DA:16,0
DA:39,1
LF:5
LH:1
BRDA:14,0,0,0
BRDA:14,0,1,0
BRDA:17,1,0,0
BRDA:17,1,1,0
BRF:4
BRH:0
end_of_record
TN:
SF:components/MapPage/RoutePointControls.tsx
FN:11,RoutePointControls
FN:39,(anonymous_1)
FN:53,(anonymous_2)
FNF:3
FNH:0
FNDA:0,RoutePointControls
FNDA:0,(anonymous_1)
FNDA:0,(anonymous_2)
DA:16,0
DA:17,0
DA:19,0
DA:21,0
DA:40,0
DA:53,0
DA:67,1
LF:7
LH:1
BRDA:19,0,0,0
BRDA:19,0,1,0
BRDA:22,1,0,0
BRDA:22,1,1,0
BRDA:25,2,0,0
BRDA:25,2,1,0
BRDA:41,3,0,0
BRDA:41,3,1,0
BRDA:42,4,0,0
BRDA:42,4,1,0
BRDA:46,5,0,0
BRDA:46,5,1,0
BRF:12
BRH:0
end_of_record
TN:
SF:components/MapPage/RouteStats.tsx
FN:11,RouteStats
FN:16,(anonymous_1)
FN:24,(anonymous_2)
FN:29,(anonymous_3)
FNF:4
FNH:0
FNDA:0,RouteStats
FNDA:0,(anonymous_1)
FNDA:0,(anonymous_2)
FNDA:0,(anonymous_3)
DA:12,0
DA:13,0
DA:16,0
DA:17,0
DA:18,0
DA:19,0
DA:20,0
DA:21,0
DA:24,0
DA:25,0
DA:26,0
DA:29,0
DA:30,0
DA:31,0
DA:32,0
DA:33,0
DA:34,0
DA:37,0
DA:39,0
DA:78,1
LF:20
LH:1
BRDA:17,0,0,0
BRDA:17,0,1,0
BRDA:25,1,0,0
BRDA:25,1,1,0
BRDA:30,2,0,0
BRDA:30,2,1,0
BRDA:33,3,0,0
BRDA:33,3,1,0
BRDA:37,4,0,0
BRDA:37,4,1,0
BRDA:37,5,0,0
BRDA:37,5,1,0
BRDA:40,6,0,0
BRDA:40,6,1,0
BRDA:46,7,0,0
BRDA:46,7,1,0
BRDA:55,8,0,0
BRDA:55,8,1,0
BRDA:69,9,0,0
BRDA:69,9,1,0
BRDA:69,10,0,0
BRDA:69,10,1,0
BRF:22
BRH:0
end_of_record
TN:
SF:components/MapPage/TravelListPanel.tsx
FN:24,(anonymous_0)
FN:39,(anonymous_1)
FN:44,(anonymous_2)
FN:45,(anonymous_3)
FN:51,(anonymous_4)
FN:55,(anonymous_5)
FN:76,(anonymous_6)
FNF:7
FNH:5
FNDA:2,(anonymous_0)
FNDA:4,(anonymous_1)
FNDA:1,(anonymous_2)
FNDA:0,(anonymous_3)
FNDA:6,(anonymous_4)
FNDA:2,(anonymous_5)
FNDA:0,(anonymous_6)
DA:24,1
DA:39,2
DA:40,4
DA:44,1
DA:45,0
DA:50,2
DA:51,6
DA:55,2
DA:56,2
DA:57,0
DA:63,2
DA:64,2
DA:66,0
DA:69,2
DA:77,0
DA:100,1
LF:16
LH:12
BRDA:32,0,0,0
BRDA:33,1,0,0
BRDA:34,2,0,2
BRDA:37,3,0,2
BRDA:45,4,0,0
BRDA:45,4,1,4
BRDA:45,5,0,0
BRDA:45,5,1,0
BRDA:45,5,2,0
BRDA:45,5,3,0
BRDA:51,6,0,6
BRDA:51,6,1,0
BRDA:51,6,2,0
BRDA:51,6,3,0
BRDA:56,7,0,0
BRDA:56,7,1,2
BRDA:63,8,0,2
BRDA:63,8,1,0
BRDA:77,9,0,0
BRDA:77,9,1,0
BRDA:77,10,0,0
BRDA:77,10,1,0
BRDA:80,11,0,0
BRDA:80,11,1,2
BRDA:81,12,0,0
BRDA:81,12,1,2
BRDA:85,13,0,0
BRDA:85,13,1,2
BRF:28
BRH:9
end_of_record
TN:
SF:components/export/BlockPreview.tsx
FN:15,BlockPreview
FN:16,(anonymous_1)
FN:224,(anonymous_2)
FNF:3
FNH:0
FNDA:0,BlockPreview
FNDA:0,(anonymous_1)
FNDA:0,(anonymous_2)
DA:16,0
DA:17,0
DA:19,0
DA:40,0
DA:70,0
DA:89,0
DA:118,0
DA:147,0
DA:173,0
DA:199,0
DA:200,0
DA:201,0
DA:202,0
DA:204,0
DA:225,0
DA:257,0
DA:276,0
DA:310,0
DA:328,0
DA:332,0
DA:339,3
LF:21
LH:1
BRDA:17,0,0,0
BRDA:17,0,1,0
BRDA:17,0,2,0
BRDA:17,0,3,0
BRDA:17,0,4,0
BRDA:17,0,5,0
BRDA:17,0,6,0
BRDA:17,0,7,0
BRDA:17,0,8,0
BRDA:17,0,9,0
BRDA:17,0,10,0
BRDA:17,0,11,0
BRDA:199,1,0,0
BRDA:199,1,1,0
BRDA:200,2,0,0
BRDA:200,2,1,0
BRDA:249,3,0,0
BRDA:249,3,1,0
BRDA:249,4,0,0
BRDA:249,4,1,0
BRF:20
BRH:0
end_of_record
TN:
SF:components/export/BookSettingsModal.tsx
FN:120,(anonymous_0)
FN:157,BookSettingsModal
FN:167,(anonymous_2)
FN:172,(anonymous_3)
FN:178,(anonymous_4)
FN:179,(anonymous_5)
FN:186,(anonymous_6)
FN:187,(anonymous_7)
FN:194,(anonymous_8)
FN:195,(anonymous_9)
FN:201,(anonymous_10)
FN:207,(anonymous_11)
FN:208,(anonymous_12)
FN:218,(anonymous_13)
FN:223,(anonymous_14)
FN:273,(anonymous_15)
FN:300,(anonymous_16)
FN:313,(anonymous_17)
FN:317,(anonymous_18)
FN:332,(anonymous_19)
FN:345,(anonymous_20)
FN:349,(anonymous_21)
FN:363,(anonymous_22)
FN:377,(anonymous_23)
FN:381,(anonymous_24)
FN:401,(anonymous_25)
FN:413,(anonymous_26)
FN:417,(anonymous_27)
FN:432,(anonymous_28)
FN:446,(anonymous_29)
FN:450,(anonymous_30)
FN:471,(anonymous_31)
FN:476,(anonymous_32)
FN:511,(anonymous_33)
FN:516,(anonymous_34)
FN:544,(anonymous_35)
FN:564,(anonymous_36)
FN:586,(anonymous_37)
FN:600,(anonymous_38)
FN:604,(anonymous_39)
FN:621,(anonymous_40)
FN:635,(anonymous_41)
FN:639,(anonymous_42)
FN:656,(anonymous_43)
FN:661,(anonymous_44)
FN:687,(anonymous_45)
FN:692,(anonymous_46)
FN:719,(anonymous_47)
FN:733,(anonymous_48)
FN:737,(anonymous_49)
FN:754,(anonymous_50)
FN:776,(anonymous_51)
FN:787,(anonymous_52)
FN:807,(anonymous_53)
FN:812,(anonymous_54)
FN:831,(anonymous_55)
FN:836,(anonymous_56)
FN:855,(anonymous_57)
FN:859,(anonymous_58)
FN:863,(anonymous_59)
FN:868,(anonymous_60)
FN:897,(anonymous_61)
FN:901,(anonymous_62)
FN:905,(anonymous_63)
FN:911,(anonymous_64)
FN:938,(anonymous_65)
FN:942,(anonymous_66)
FN:946,(anonymous_67)
FN:952,(anonymous_68)
FN:979,(anonymous_69)
FN:982,(anonymous_70)
FN:985,(anonymous_71)
FN:991,(anonymous_72)
FN:1008,(anonymous_73)
FN:1009,(anonymous_74)
FNF:75
FNH:8
FNDA:8,(anonymous_0)
FNDA:11,BookSettingsModal
FNDA:4,(anonymous_2)
FNDA:4,(anonymous_3)
FNDA:0,(anonymous_4)
FNDA:0,(anonymous_5)
FNDA:0,(anonymous_6)
FNDA:0,(anonymous_7)
FNDA:0,(anonymous_8)
FNDA:0,(anonymous_9)
FNDA:0,(anonymous_10)
FNDA:0,(anonymous_11)
FNDA:0,(anonymous_12)
FNDA:0,(anonymous_13)
FNDA:0,(anonymous_14)
FNDA:0,(anonymous_15)
FNDA:0,(anonymous_16)
FNDA:0,(anonymous_17)
FNDA:0,(anonymous_18)
FNDA:0,(anonymous_19)
FNDA:0,(anonymous_20)
FNDA:0,(anonymous_21)
FNDA:0,(anonymous_22)
FNDA:0,(anonymous_23)
FNDA:0,(anonymous_24)
FNDA:0,(anonymous_25)
FNDA:0,(anonymous_26)
FNDA:0,(anonymous_27)
FNDA:0,(anonymous_28)
FNDA:0,(anonymous_29)
FNDA:0,(anonymous_30)
FNDA:66,(anonymous_31)
FNDA:0,(anonymous_32)
FNDA:33,(anonymous_33)
FNDA:0,(anonymous_34)
FNDA:0,(anonymous_35)
FNDA:0,(anonymous_36)
FNDA:0,(anonymous_37)
FNDA:0,(anonymous_38)
FNDA:0,(anonymous_39)
FNDA:0,(anonymous_40)
FNDA:0,(anonymous_41)
FNDA:0,(anonymous_42)
FNDA:44,(anonymous_43)
FNDA:0,(anonymous_44)
FNDA:33,(anonymous_45)
FNDA:0,(anonymous_46)
FNDA:0,(anonymous_47)
FNDA:0,(anonymous_48)
FNDA:0,(anonymous_49)
FNDA:0,(anonymous_50)
FNDA:0,(anonymous_51)
FNDA:0,(anonymous_52)
FNDA:0,(anonymous_53)
FNDA:0,(anonymous_54)
FNDA:0,(anonymous_55)
FNDA:0,(anonymous_56)
FNDA:0,(anonymous_57)
FNDA:0,(anonymous_58)
FNDA:0,(anonymous_59)
FNDA:0,(anonymous_60)
FNDA:0,(anonymous_61)
FNDA:0,(anonymous_62)
FNDA:0,(anonymous_63)
FNDA:0,(anonymous_64)
FNDA:0,(anonymous_65)
FNDA:0,(anonymous_66)
FNDA:0,(anonymous_67)
FNDA:0,(anonymous_68)
FNDA:0,(anonymous_69)
FNDA:0,(anonymous_70)
FNDA:0,(anonymous_71)
FNDA:0,(anonymous_72)
FNDA:0,(anonymous_73)
FNDA:0,(anonymous_74)
DA:46,4
DA:48,4
DA:57,4
DA:63,4
DA:70,4
DA:80,4
DA:99,4
DA:120,4
DA:124,8
DA:129,8
DA:132,8
DA:135,8
DA:137,8
DA:140,8
DA:142,8
DA:147,8
DA:148,0
DA:151,8
DA:152,8
DA:154,8
DA:167,11
DA:168,4
DA:170,11
DA:172,11
DA:173,4
DA:176,11
DA:178,11
DA:179,0
DA:186,11
DA:187,0
DA:194,11
DA:195,0
DA:196,0
DA:197,0
DA:198,0
DA:201,0
DA:207,11
DA:208,0
DA:218,11
DA:219,0
DA:220,0
DA:223,11
DA:224,0
DA:225,0
DA:226,0
DA:230,11
DA:231,0
DA:234,11
DA:273,0
DA:300,0
DA:314,0
DA:315,0
DA:318,0
DA:319,0
DA:332,0
DA:346,0
DA:347,0
DA:350,0
DA:351,0
DA:363,0
DA:378,0
DA:379,0
DA:382,0
DA:383,0
DA:401,0
DA:414,0
DA:415,0
DA:418,0
DA:419,0
DA:432,0
DA:447,0
DA:448,0
DA:451,0
DA:452,0
DA:472,66
DA:473,66
DA:476,0
DA:512,33
DA:513,33
DA:516,0
DA:544,0
DA:564,0
DA:586,0
DA:601,0
DA:602,0
DA:605,0
DA:606,0
DA:621,0
DA:636,0
DA:637,0
DA:640,0
DA:641,0
DA:657,44
DA:658,44
DA:661,0
DA:688,33
DA:689,33
DA:692,0
DA:719,0
DA:734,0
DA:735,0
DA:738,0
DA:739,0
DA:754,0
DA:776,0
DA:788,0
DA:789,0
DA:807,0
DA:813,0
DA:831,0
DA:836,0
DA:856,0
DA:857,0
DA:860,0
DA:861,0
DA:864,0
DA:865,0
DA:866,0
DA:869,0
DA:870,0
DA:871,0
DA:898,0
DA:899,0
DA:902,0
DA:903,0
DA:906,0
DA:907,0
DA:908,0
DA:909,0
DA:912,0
DA:913,0
DA:914,0
DA:915,0
DA:939,0
DA:940,0
DA:943,0
DA:944,0
DA:947,0
DA:948,0
DA:949,0
DA:950,0
DA:953,0
DA:954,0
DA:955,0
DA:956,0
DA:980,0
DA:983,0
DA:986,0
DA:987,0
DA:988,0
DA:989,0
DA:992,0
DA:993,0
DA:994,0
DA:995,0
DA:996,0
DA:1008,0
DA:1010,0
DA:1011,0
LF:159
LH:41
BRDA:130,0,0,8
BRDA:130,0,1,0
BRDA:130,1,0,0
BRDA:130,1,1,0
BRDA:133,2,0,8
BRDA:133,2,1,0
BRDA:134,3,0,0
BRDA:134,3,1,0
BRDA:134,4,0,0
BRDA:134,4,1,0
BRDA:138,5,0,8
BRDA:138,5,1,0
BRDA:139,6,0,0
BRDA:139,6,1,0
BRDA:139,7,0,0
BRDA:139,7,1,0
BRDA:143,8,0,8
BRDA:143,8,1,0
BRDA:143,9,0,8
BRDA:143,9,1,8
BRDA:147,10,0,0
BRDA:147,10,1,8
BRDA:151,11,0,8
BRDA:151,11,1,0
BRDA:152,12,0,8
BRDA:152,12,1,0
BRDA:165,13,0,0
BRDA:176,14,0,11
BRDA:176,14,1,0
BRDA:196,15,0,0
BRDA:196,15,1,0
BRDA:200,16,0,0
BRDA:200,16,1,0
BRDA:212,17,0,0
BRDA:212,17,1,0
BRDA:212,18,0,0
BRDA:212,18,1,0
BRDA:212,18,2,0
BRDA:224,19,0,0
BRDA:224,19,1,0
BRDA:230,20,0,0
BRDA:230,20,1,11
BRDA:262,21,0,0
BRDA:262,21,1,11
BRDA:278,22,0,0
BRDA:278,22,1,11
BRDA:331,23,0,11
BRDA:331,23,1,11
BRDA:332,24,0,0
BRDA:332,24,1,0
BRDA:393,25,0,11
BRDA:393,25,1,0
BRDA:400,26,0,0
BRDA:400,26,1,0
BRDA:480,27,0,11
BRDA:480,27,1,55
BRDA:486,28,0,11
BRDA:486,28,1,55
BRDA:520,29,0,11
BRDA:520,29,1,22
BRDA:525,30,0,11
BRDA:525,30,1,22
BRDA:664,31,0,11
BRDA:664,31,1,33
BRDA:670,32,0,11
BRDA:670,32,1,33
BRDA:696,33,0,11
BRDA:696,33,1,22
BRDA:701,34,0,11
BRDA:701,34,1,22
BRDA:782,35,0,0
BRDA:782,35,1,11
BRDA:785,36,0,11
BRDA:785,36,1,0
BRDA:794,37,0,0
BRDA:794,37,1,0
BRDA:799,38,0,0
BRDA:799,38,1,0
BRDA:829,39,0,11
BRDA:829,39,1,0
BRDA:875,40,0,0
BRDA:875,40,1,11
BRDA:920,41,0,11
BRDA:920,41,1,11
BRDA:920,41,2,11
BRDA:999,42,0,11
BRDA:999,42,1,0
BRF:87
BRH:40
end_of_record
TN:
SF:components/export/GalleryBlockSettings.tsx
FN:17,GalleryBlockSettings
FN:34,(anonymous_1)
FN:43,(anonymous_2)
FN:44,(anonymous_3)
FN:46,(anonymous_4)
FN:91,(anonymous_5)
FN:105,(anonymous_6)
FN:108,(anonymous_7)
FN:129,(anonymous_8)
FN:132,(anonymous_9)
FN:159,(anonymous_10)
FN:164,(anonymous_11)
FNF:12
FNH:0
FNDA:0,GalleryBlockSettings
FNDA:0,(anonymous_1)
FNDA:0,(anonymous_2)
FNDA:0,(anonymous_3)
FNDA:0,(anonymous_4)
FNDA:0,(anonymous_5)
FNDA:0,(anonymous_6)
FNDA:0,(anonymous_7)
FNDA:0,(anonymous_8)
FNDA:0,(anonymous_9)
FNDA:0,(anonymous_10)
FNDA:0,(anonymous_11)
DA:24,0
DA:27,0
DA:30,0
DA:34,0
DA:35,0
DA:40,0
DA:43,0
DA:44,0
DA:45,0
DA:46,0
DA:48,0
DA:53,0
DA:54,0
DA:57,0
DA:91,0
DA:106,0
DA:108,0
DA:130,0
DA:132,0
DA:160,0
DA:161,0
DA:164,0
DA:207,3
LF:23
LH:1
BRDA:22,0,0,0
BRDA:25,1,0,0
BRDA:25,1,1,0
BRDA:28,2,0,0
BRDA:28,2,1,0
BRDA:31,3,0,0
BRDA:31,3,1,0
BRDA:38,4,0,0
BRDA:38,4,1,0
BRDA:45,5,0,0
BRDA:45,5,1,0
BRDA:53,6,0,0
BRDA:53,6,1,0
BRDA:111,7,0,0
BRDA:111,7,1,0
BRDA:116,8,0,0
BRDA:116,8,1,0
BRDA:118,9,0,0
BRDA:118,9,1,0
BRDA:118,10,0,0
BRDA:118,10,1,0
BRDA:135,11,0,0
BRDA:135,11,1,0
BRDA:140,12,0,0
BRDA:140,12,1,0
BRDA:150,13,0,0
BRDA:150,13,1,0
BRDA:167,14,0,0
BRDA:167,14,1,0
BRDA:180,15,0,0
BRDA:180,15,1,0
BRF:31
BRH:0
end_of_record
TN:
SF:components/export/PdfConstructor.tsx
FN:35,PdfConstructor
FN:41,(anonymous_1)
FN:42,(anonymous_2)
FN:43,(anonymous_3)
FN:59,(anonymous_4)
FN:91,(anonymous_5)
FN:92,(anonymous_6)
FN:95,(anonymous_7)
FN:98,(anonymous_8)
FN:103,(anonymous_9)
FN:107,(anonymous_10)
FN:114,(anonymous_11)
FN:142,(anonymous_12)
FN:149,(anonymous_13)
FN:156,(anonymous_14)
FN:158,(anonymous_15)
FN:165,(anonymous_16)
FN:186,(anonymous_17)
FN:189,(anonymous_18)
FN:216,(anonymous_19)
FN:221,(anonymous_20)
FN:238,(anonymous_21)
FN:253,(anonymous_22)
FN:272,(anonymous_23)
FN:286,(anonymous_24)
FN:299,(anonymous_25)
FN:312,(anonymous_26)
FN:327,(anonymous_27)
FN:347,(anonymous_28)
FN:365,(anonymous_29)
FN:384,(anonymous_30)
FN:387,(anonymous_31)
FN:395,(anonymous_32)
FN:403,(anonymous_33)
FN:411,(anonymous_34)
FN:416,(anonymous_35)
FN:423,(anonymous_36)
FN:424,(anonymous_37)
FN:447,(anonymous_38)
FN:477,(anonymous_39)
[...]
BRDA:914,79,1,79
BRDA:955,80,0,1
BRDA:955,80,1,79
BRDA:979,81,0,1
BRDA:979,81,1,79
BRDA:995,82,0,2
BRDA:995,82,1,0
BRDA:1020,83,0,80
BRDA:1020,83,1,2
BRDA:1026,84,0,79
BRDA:1026,84,1,1
BRDA:1038,85,0,78
BRDA:1038,85,1,2
BRDA:1038,86,0,80
BRDA:1038,86,1,2
BRDA:1041,87,0,78
BRDA:1041,87,1,0
BRDA:1049,88,0,78
BRDA:1049,88,1,0
BRDA:1060,89,0,80
BRDA:1060,89,1,0
BRDA:1063,90,0,80
BRDA:1063,90,1,0
BRDA:1090,91,0,0
BRDA:1090,91,1,75
BRDA:1093,92,0,0
BRDA:1093,92,1,75
BRDA:1093,93,0,75
BRDA:1093,93,1,0
BRDA:1093,94,0,0
BRDA:1093,94,1,0
BRDA:1095,95,0,0
BRDA:1095,95,1,75
BRDA:1097,96,0,75
BRDA:1097,96,1,0
BRDA:1099,97,0,0
BRDA:1099,97,1,0
BRDA:1107,98,0,0
BRDA:1107,98,1,75
BRDA:1128,99,0,0
BRDA:1128,99,1,75
BRDA:1128,100,0,75
BRDA:1128,100,1,0
BRDA:1144,101,0,0
BRDA:1144,101,1,77
BRDA:1179,102,0,2
BRDA:1179,102,1,0
BRDA:1180,103,0,2
BRDA:1180,103,1,0
BRDA:1198,104,0,0
BRDA:1198,104,1,1
BRDA:1242,105,0,73
BRDA:1242,105,1,2
BRDA:1242,106,0,73
BRDA:1242,106,1,0
BRDA:1243,107,0,73
BRDA:1243,107,1,2
BRDA:1243,108,0,73
BRDA:1243,108,1,0
BRDA:1246,109,0,75
BRDA:1246,109,1,1
BRDA:1250,110,0,80
BRDA:1250,110,1,0
BRDA:1250,111,0,0
BRDA:1250,111,1,0
BRDA:1255,112,0,74
BRDA:1255,112,1,1
BRDA:1261,113,0,80
BRDA:1261,113,1,79
BRDA:1261,113,2,77
BRDA:1261,114,0,77
BRDA:1261,114,1,75
BRDA:1262,115,0,80
BRDA:1262,115,1,77
BRDA:1271,116,0,75
BRDA:1271,116,1,5
BRDA:1272,117,0,77
BRDA:1272,117,1,3
BRDA:1288,118,0,74
BRDA:1288,118,1,1
BRDA:1318,119,0,80
BRDA:1318,119,1,0
BRDA:1330,120,0,75
BRDA:1330,120,1,5
BRDA:1342,121,0,77
BRDA:1342,121,1,3
BRDA:1355,122,0,1
BRDA:1355,122,1,74
BRDA:1355,123,0,75
BRDA:1355,123,1,1
BRDA:1361,124,0,1
BRDA:1361,124,1,0
BRDA:1389,125,0,0
BRDA:1389,125,1,75
BRF:260
BRH:166
end_of_record
TN:
SF:src/utils/retry.ts
FN:26,retry
FN:65,(anonymous_1)
FN:80,isNetworkError
FN:92,(anonymous_3)
FN:98,isRetryableError
FN:110,(anonymous_5)
FNF:6
FNH:6
FNDA:5,retry
FNDA:1,(anonymous_1)
FNDA:1,isNetworkError
FNDA:1,(anonymous_3)
FNDA:1,isRetryableError
FNDA:7,(anonymous_5)
DA:14,9
DA:36,5
DA:38,5
DA:40,5
DA:41,6
DA:42,6
DA:44,1
DA:47,1
DA:48,0
DA:52,1
DA:53,0
DA:57,1
DA:60,1
DA:65,1
DA:67,1
DA:68,1
DA:74,0
DA:81,1
DA:92,1
DA:100,1
DA:110,7
DA:111,0
DA:115,1
LF:23
LH:19
BRDA:28,0,0,0
BRDA:31,1,0,0
BRDA:32,2,0,0
BRDA:33,3,0,5
BRDA:44,4,0,1
BRDA:44,4,1,0
BRDA:47,5,0,0
BRDA:47,5,1,1
BRDA:47,6,0,1
BRDA:47,6,1,1
BRDA:52,7,0,0
BRDA:52,7,1,1
BRDA:60,8,0,1
BRDA:60,8,1,0
BRDA:67,9,0,1
BRDA:67,9,1,0
BRDA:74,10,0,0
BRDA:74,10,1,0
BRDA:110,11,0,0
BRDA:110,11,1,1
BRDA:115,12,0,1
BRDA:115,12,1,0
BRF:22
BRH:10
end_of_record
TN:
SF:src/utils/safeJsonParse.ts
FN:12,safeJsonParse
FN:59,safeJsonParseString
FNF:2
FNH:1
FNDA:0,safeJsonParse
FNDA:46,safeJsonParseString
DA:16,0
DA:17,0
DA:20,0
DA:21,0
DA:22,0
DA:24,0
DA:27,0
DA:28,0
DA:30,0
DA:31,0
DA:39,0
DA:40,0
DA:43,0
DA:46,0
DA:47,0
DA:49,0
DA:63,46
DA:64,46
DA:65,0
DA:66,0
DA:68,0
DA:71,46
DA:73,0
DA:74,0
DA:80,0
DA:81,0
DA:84,0
LF:27
LH:3
BRDA:20,0,0,0
BRDA:20,0,1,0
BRDA:20,1,0,0
BRDA:20,1,1,0
BRDA:21,2,0,0
BRDA:21,2,1,0
BRDA:30,3,0,0
BRDA:30,3,1,0
BRDA:39,4,0,0
BRDA:39,4,1,0
BRDA:46,5,0,0
BRDA:46,5,1,0
BRDA:64,6,0,0
BRDA:64,6,1,46
BRDA:64,7,0,46
BRDA:64,7,1,46
BRDA:65,8,0,0
BRDA:65,8,1,0
BRDA:73,9,0,0
BRDA:73,9,1,0
BRDA:80,10,0,0
BRDA:80,10,1,0
BRF:22
BRH:3
end_of_record
TN:
SF:src/utils/sanitizeRichText.ts
FN:65,isAllowedIframe
FN:69,(anonymous_1)
FN:75,normalizeUrl
FN:86,normalizeDimension
FN:97,removeReactNativeComponents
FN:134,flattenHtmlForPdf
FN:181,sanitizeRichText
FN:206,(anonymous_7)
FN:220,(anonymous_8)
FN:260,sanitizeRichTextForPdf
FNF:10
FNH:7
FNDA:2,isAllowedIframe
FNDA:10,(anonymous_1)
FNDA:2,normalizeUrl
FNDA:2,normalizeDimension
FNDA:315,removeReactNativeComponents
FNDA:0,flattenHtmlForPdf
FNDA:315,sanitizeRichText
FNDA:0,(anonymous_7)
FNDA:2,(anonymous_8)
FNDA:0,sanitizeRichTextForPdf
DA:3,12
DA:10,12
DA:11,12
DA:13,12
DA:27,12
DA:60,12
DA:66,2
DA:67,2
DA:68,2
DA:69,10
DA:71,0
DA:76,2
DA:77,2
DA:78,2
DA:79,2
DA:80,2
DA:82,0
DA:87,2
DA:88,1
DA:89,1
DA:90,1
DA:98,315
DA:99,315
DA:100,315
DA:101,315
DA:104,315
DA:105,632
DA:106,632
DA:107,317
DA:110,317
DA:124,317
DA:127,315
DA:135,0
DA:142,0
DA:167,0
DA:171,0
DA:178,0
DA:182,315
DA:185,315
DA:187,315
DA:207,0
DA:208,0
DA:209,0
DA:210,0
DA:211,0
DA:212,0
DA:213,0
DA:216,0
DA:217,0
DA:218,0
DA:221,2
DA:222,2
DA:223,1
DA:225,1
DA:226,1
DA:227,1
DA:248,315
DA:249,315
DA:251,0
DA:254,315
DA:261,0
DA:264,0
DA:267,0
LF:63
LH:42
BRDA:31,0,0,12
BRDA:31,0,1,12
BRDA:66,1,0,0
BRDA:66,1,1,2
BRDA:76,2,0,0
BRDA:76,2,1,2
BRDA:79,3,0,0
BRDA:79,3,1,2
BRDA:87,4,0,1
BRDA:87,4,1,1
BRDA:89,5,0,0
BRDA:89,5,1,1
BRDA:106,6,0,315
BRDA:106,6,1,317
BRDA:135,7,0,0
BRDA:135,7,1,0
BRDA:135,8,0,0
BRDA:135,8,1,0
BRDA:167,9,0,0
BRDA:167,9,1,0
BRDA:167,10,0,0
BRDA:167,10,1,0
BRDA:182,11,0,0
BRDA:182,11,1,315
BRDA:209,12,0,0
BRDA:209,12,1,0
BRDA:211,13,0,0
BRDA:211,13,1,0
BRDA:212,14,0,0
BRDA:212,14,1,0
BRDA:216,15,0,0
BRDA:216,15,1,0
BRDA:217,16,0,0
BRDA:217,16,1,0
BRDA:222,17,0,1
BRDA:222,17,1,1
BRDA:222,18,0,2
BRDA:222,18,1,2
BRDA:231,19,0,1
BRDA:231,19,1,1
BRDA:233,20,0,1
BRDA:233,20,1,1
BRDA:237,21,0,0
BRDA:237,21,1,1
BRDA:238,22,0,1
BRDA:238,22,1,0
BRDA:249,23,0,0
BRDA:249,23,1,315
BRDA:261,24,0,0
BRDA:261,24,1,0
BRF:50
BRH:22
end_of_record
TN:
SF:src/utils/secureStorage.ts
FN:18,simpleEncrypt
FN:28,simpleDecrypt
FN:48,setSecureItem
FN:84,getSecureItem
FN:121,removeSecureItem
FN:147,removeSecureItems
FN:148,(anonymous_6)
FN:154,isSecureStorageAvailable
FNF:8
FNH:0
FNDA:0,simpleEncrypt
FNDA:0,simpleDecrypt
FNDA:0,setSecureItem
FNDA:0,getSecureItem
FNDA:0,removeSecureItem
FNDA:0,removeSecureItems
FNDA:0,(anonymous_6)
FNDA:0,isSecureStorageAvailable
DA:11,13
DA:12,13
DA:19,0
DA:21,0
DA:22,0
DA:23,0
DA:25,0
DA:29,0
DA:31,0
DA:32,0
DA:33,0
DA:34,0
DA:35,0
DA:37,0
DA:39,0
DA:49,0
DA:50,0
DA:52,0
DA:53,0
DA:54,0
DA:57,0
DA:58,0
DA:62,0
DA:63,0
DA:64,0
DA:67,0
DA:68,0
DA:70,0
DA:74,0
DA:75,0
DA:77,0
DA:85,0
DA:86,0
DA:87,0
DA:88,0
DA:89,0
DA:90,0
DA:93,0
DA:94,0
DA:95,0
DA:99,0
DA:100,0
DA:101,0
DA:104,0
DA:105,0
DA:107,0
DA:111,0
DA:112,0
DA:114,0
DA:122,0
DA:123,0
DA:124,0
DA:125,0
DA:127,0
DA:130,0
DA:131,0
DA:132,0
DA:134,0
DA:138,0
DA:139,0
DA:148,0
DA:155,0
DA:156,0
DA:157,0
DA:159,0
DA:160,0
DA:161,0
DA:163,0
DA:167,0
LF:69
LH:2
BRDA:19,0,0,0
BRDA:19,0,1,0
BRDA:29,1,0,0
BRDA:29,1,1,0
BRDA:50,2,0,0
BRDA:50,2,1,0
BRDA:52,3,0,0
BRDA:52,3,1,0
BRDA:52,4,0,0
BRDA:52,4,1,0
BRDA:67,5,0,0
BRDA:67,5,1,0
BRDA:74,6,0,0
BRDA:74,6,1,0
BRDA:86,7,0,0
BRDA:86,7,1,0
BRDA:87,8,0,0
BRDA:87,8,1,0
BRDA:87,9,0,0
BRDA:87,9,1,0
BRDA:89,10,0,0
BRDA:89,10,1,0
BRDA:94,11,0,0
BRDA:94,11,1,0
BRDA:104,12,0,0
BRDA:104,12,1,0
BRDA:111,13,0,0
BRDA:111,13,1,0
BRDA:123,14,0,0
BRDA:123,14,1,0
BRDA:124,15,0,0
BRDA:124,15,1,0
BRDA:124,16,0,0
BRDA:124,16,1,0
BRDA:138,17,0,0
BRDA:138,17,1,0
BRDA:156,18,0,0
BRDA:156,18,1,0
BRDA:157,19,0,0
BRDA:157,19,1,0
BRDA:161,20,0,0
BRDA:161,20,1,0
BRF:42
BRH:0
end_of_record
TN:
SF:src/utils/security.ts
FN:7,isPotentiallyDangerous
FN:23,(anonymous_1)
FN:29,sanitizeInput
FN:48,isSafeUrl
FN:76,isValidTokenFormat
FN:101,isTokenExpired
FNF:6
FNH:6
FNDA:21,isPotentiallyDangerous
FNDA:96,(anonymous_1)
FNDA:5,sanitizeInput
FNDA:13,isSafeUrl
FNDA:9,isValidTokenFormat
FNDA:6,isTokenExpired
DA:8,21
DA:9,3
DA:12,18
DA:23,96
DA:30,5
DA:31,3
DA:35,2
DA:49,13
DA:50,3
DA:53,10
DA:54,10
DA:57,9
DA:58,6
DA:62,3
DA:63,1
DA:66,2
DA:69,1
DA:77,9
DA:78,3
DA:82,6
DA:83,1
DA:86,5
DA:87,2
DA:91,3
DA:92,1
DA:95,2
DA:102,6
DA:103,2
DA:106,4
DA:110,4
LF:30
LH:30
BRDA:8,0,0,3
BRDA:8,0,1,18
BRDA:8,1,0,21
BRDA:8,1,1,18
BRDA:30,2,0,3
BRDA:30,2,1,2
BRDA:30,3,0,5
BRDA:30,3,1,2
BRDA:49,4,0,3
BRDA:49,4,1,10
BRDA:49,5,0,13
BRDA:49,5,1,10
BRDA:57,6,0,6
BRDA:57,6,1,3
BRDA:62,7,0,1
BRDA:62,7,1,2
BRDA:77,8,0,3
BRDA:77,8,1,6
BRDA:77,9,0,9
BRDA:77,9,1,6
BRDA:82,10,0,1
BRDA:82,10,1,5
BRDA:86,11,0,2
BRDA:86,11,1,3
BRDA:91,12,0,1
BRDA:91,12,1,2
BRDA:102,13,0,2
BRDA:102,13,1,4
BRDA:106,14,0,2
BRDA:106,14,1,2
BRF:30
BRH:30
end_of_record
TN:
SF:src/utils/storageBatch.ts
FN:12,getStorageBatch
FN:21,(anonymous_1)
FN:32,(anonymous_2)
FN:43,setStorageBatch
FN:62,removeStorageBatch
FN:81,getAllStorageKeys
FN:96,clearAllStorage
FNF:7
FNH:2
FNDA:48,getStorageBatch
FNDA:96,(anonymous_1)
FNDA:0,(anonymous_2)
FNDA:0,setStorageBatch
FNDA:0,removeStorageBatch
FNDA:0,getAllStorageKeys
FNDA:0,clearAllStorage
DA:13,48
DA:14,0
DA:17,48
DA:18,48
DA:19,48
DA:21,48
DA:22,96
DA:25,48
DA:27,0
DA:28,0
DA:31,0
DA:32,0
DA:33,0
DA:35,0
DA:44,0
DA:45,0
DA:48,0
DA:49,0
DA:51,0
DA:52,0
DA:54,0
DA:63,0
DA:64,0
DA:67,0
DA:68,0
DA:70,0
DA:71,0
DA:82,0
DA:83,0
DA:84,0
DA:86,0
DA:87,0
DA:89,0
DA:97,0
DA:98,0
DA:100,0
DA:101,0
DA:103,0
LF:38
LH:7
BRDA:13,0,0,0
BRDA:13,0,1,48
BRDA:13,1,0,48
BRDA:13,1,1,48
BRDA:27,2,0,0
BRDA:27,2,1,0
BRDA:44,3,0,0
BRDA:44,3,1,0
BRDA:44,4,0,0
BRDA:44,4,1,0
BRDA:51,5,0,0
BRDA:51,5,1,0
BRDA:63,6,0,0
BRDA:63,6,1,0
BRDA:63,7,0,0
BRDA:63,7,1,0
BRDA:70,8,0,0
BRDA:70,8,1,0
BRDA:84,9,0,0
BRDA:84,9,1,0
BRDA:86,10,0,0
BRDA:86,10,1,0
BRDA:100,11,0,0
BRDA:100,11,1,0
BRF:24
BRH:3
end_of_record
TN:
SF:src/utils/userFriendlyErrors.ts
FN:7,getUserFriendlyError
FN:85,getErrorTitle
FN:114,isCriticalError
FNF:3
FNH:1
FNDA:2,getUserFriendlyError
FNDA:0,getErrorTitle
FNDA:0,isCriticalError
DA:8,2
DA:11,2
DA:12,1
DA:15,1
DA:16,0
DA:20,1
DA:21,0
DA:24,1
DA:25,0
DA:29,1
DA:30,0
DA:34,1
DA:35,0
DA:39,1
DA:40,0
DA:41,0
DA:43,0
DA:44,0
DA:46,0
DA:50,1
DA:51,0
DA:55,1
DA:56,0
DA:59,1
DA:60,0
DA:63,1
DA:64,0
DA:65,0
DA:67,0
DA:68,0
DA:70,0
DA:74,1
DA:75,1
DA:79,0
DA:86,0
DA:88,0
DA:89,0
DA:92,0
DA:93,0
DA:96,0
DA:97,0
DA:100,0
DA:101,0
DA:104,0
DA:105,0
DA:108,0
DA:115,0
DA:117,0
LF:48
LH:15
BRDA:8,0,0,2
BRDA:8,0,1,0
BRDA:8,1,0,0
BRDA:8,1,1,0
BRDA:11,2,0,1
BRDA:11,2,1,1
BRDA:15,3,0,0
BRDA:15,3,1,1
BRDA:20,4,0,0
BRDA:20,4,1,1
BRDA:24,5,0,0
BRDA:24,5,1,1
BRDA:29,6,0,0
BRDA:29,6,1,1
BRDA:34,7,0,0
BRDA:34,7,1,1
BRDA:39,8,0,0
BRDA:39,8,1,1
BRDA:40,9,0,0
BRDA:40,9,1,0
BRDA:43,10,0,0
BRDA:43,10,1,0
BRDA:50,11,0,0
BRDA:50,11,1,1
BRDA:55,12,0,0
BRDA:55,12,1,1
BRDA:59,13,0,0
BRDA:59,13,1,1
BRDA:59,14,0,1
BRDA:59,14,1,0
BRDA:63,15,0,0
BRDA:63,15,1,1
BRDA:64,16,0,0
BRDA:64,16,1,0
BRDA:67,17,0,0
BRDA:67,17,1,0
BRDA:74,18,0,1
BRDA:74,18,1,0
BRDA:74,19,0,1
BRDA:74,19,1,1
BRDA:86,20,0,0
BRDA:86,20,1,0
BRDA:86,21,0,0
BRDA:86,21,1,0
BRDA:88,22,0,0
BRDA:88,22,1,0
BRDA:92,23,0,0
BRDA:92,23,1,0
BRDA:96,24,0,0
BRDA:96,24,1,0
BRDA:100,25,0,0
BRDA:100,25,1,0
BRDA:104,26,0,0
BRDA:104,26,1,0
BRDA:115,27,0,0
BRDA:115,27,1,0
BRDA:115,28,0,0
BRDA:115,28,1,0
BRF:58
BRH:17
end_of_record
TN:
SF:src/utils/validation.ts
FN:7,validateAIMessage
FN:32,validateImageFile
FN:66,validateEmail
FN:93,validateTextLength
FN:122,validateFileSize
FN:145,validateImageType
FN:155,(anonymous_6)
FN:166,validatePassword
FNF:8
FNH:8
FNDA:8,validateAIMessage
FNDA:11,validateImageFile
FNDA:9,validateEmail
FNDA:5,validateTextLength
FNDA:3,validateFileSize
FNDA:5,validateImageType
FNDA:2,(anonymous_6)
FNDA:11,validatePassword
DA:8,8
DA:9,3
DA:12,5
DA:14,5
DA:15,1
DA:18,4
DA:19,1
DA:22,3
DA:23,1
DA:26,2
DA:33,11
DA:34,11
DA:36,11
DA:37,1
DA:40,10
DA:41,1
DA:47,9
DA:48,1
DA:52,8
DA:53,8
DA:54,1
DA:60,7
DA:67,9
DA:68,3
DA:71,6
DA:73,6
DA:74,1
DA:78,5
DA:79,5
DA:80,3
DA:83,2
DA:84,1
DA:87,1
DA:99,5
DA:100,2
DA:103,3
DA:105,3
DA:106,1
DA:109,2
DA:110,1
DA:113,1
DA:123,3
DA:124,3
DA:125,1
DA:130,2
DA:131,1
DA:136,1
DA:146,5
DA:147,2
DA:152,3
DA:153,1
DA:155,2
DA:158,2
DA:167,11
DA:168,3
DA:171,8
DA:173,8
DA:174,1
DA:177,7
DA:178,1
DA:181,6
DA:182,1
DA:185,5
DA:186,1
DA:189,4
DA:190,1
DA:193,3
DA:194,1
DA:202,2
LF:69
LH:69
BRDA:8,0,0,3
BRDA:8,0,1,5
BRDA:8,1,0,8
BRDA:8,1,1,5
BRDA:14,2,0,1
BRDA:14,2,1,4
BRDA:18,3,0,1
BRDA:18,3,1,3
BRDA:22,4,0,1
BRDA:22,4,1,2
BRDA:36,5,0,1
BRDA:36,5,1,10
BRDA:40,6,0,1
BRDA:40,6,1,9
BRDA:47,7,0,1
BRDA:47,7,1,8
BRDA:53,8,0,1
BRDA:53,8,1,7
BRDA:53,9,0,8
BRDA:53,9,1,8
BRDA:67,10,0,3
BRDA:67,10,1,6
BRDA:67,11,0,9
BRDA:67,11,1,6
BRDA:73,12,0,1
BRDA:73,12,1,5
BRDA:79,13,0,3
BRDA:79,13,1,2
BRDA:83,14,0,1
BRDA:83,14,1,1
BRDA:95,15,0,0
BRDA:96,16,0,0
BRDA:97,17,0,0
BRDA:99,18,0,2
BRDA:99,18,1,3
BRDA:99,19,0,5
BRDA:99,19,1,3
BRDA:105,20,0,1
BRDA:105,20,1,2
BRDA:109,21,0,1
BRDA:109,21,1,1
BRDA:122,22,0,0
BRDA:124,23,0,1
BRDA:124,23,1,2
BRDA:130,24,0,1
BRDA:130,24,1,1
BRDA:145,25,0,4
BRDA:146,26,0,2
BRDA:146,26,1,3
BRDA:146,27,0,5
BRDA:146,27,1,4
BRDA:152,28,0,1
BRDA:152,28,1,2
BRDA:167,29,0,3
BRDA:167,29,1,8
BRDA:167,30,0,11
BRDA:167,30,1,8
BRDA:173,31,0,1
BRDA:173,31,1,7
BRDA:177,32,0,1
BRDA:177,32,1,6
BRDA:181,33,0,1
BRDA:181,33,1,5
BRDA:185,34,0,1
BRDA:185,34,1,4
BRDA:189,35,0,1
BRDA:189,35,1,3
BRDA:193,36,0,1
BRDA:193,36,1,2
BRF:69
BRH:65
end_of_record
TN:
SF:styles/globalFocus.ts
FN:63,(anonymous_0)
FNF:1
FNH:0
FNDA:0,(anonymous_0)
DA:11,24
DA:63,24
DA:65,0
DA:69,0
LF:4
LH:2
BRDA:63,0,0,0
BRDA:65,1,0,0
BRDA:65,1,1,0
BRDA:66,2,0,0
BRDA:66,2,1,0
BRF:5
BRH:0
end_of_record
TN:
SF:utils/formValidation.ts
FN:40,validateName
FN:71,validateStep
FN:123,getModerationErrors
FN:169,validateDescription
FN:188,validateCountries
FN:201,validateCategories
FN:214,validateMarkers
FN:227,validateYear
FN:251,validateDays
FN:274,validatePeople
FN:297,validateYouTubeLink
FN:314,validateTravelForm
FN:353,getFieldError
FN:354,(anonymous_13)
FNF:14
FNH:6
FNDA:8,validateName
FNDA:8,validateStep
FNDA:5,getModerationErrors
FNDA:8,validateDescription
FNDA:5,validateCountries
FNDA:0,validateCategories
FNDA:8,validateMarkers
FNDA:0,validateYear
FNDA:0,validateDays
FNDA:0,validatePeople
FNDA:0,validateYouTubeLink
FNDA:0,validateTravelForm
FNDA:0,getFieldError
FNDA:0,(anonymous_13)
DA:41,8
DA:42,2
DA:47,6
DA:48,0
DA:53,6
DA:54,0
DA:59,6
DA:76,8
DA:78,8
DA:79,3
DA:80,3
DA:82,3
DA:83,3
DA:85,3
DA:91,5
DA:92,3
DA:97,3
DA:98,3
DA:100,3
DA:107,2
DA:127,5
DA:129,5
DA:130,5
DA:131,1
DA:134,5
DA:135,5
DA:136,1
DA:139,5
DA:140,5
DA:141,2
DA:146,5
DA:150,5
DA:151,5
DA:152,5
DA:153,2
DA:156,5
DA:157,5
DA:158,5
DA:159,5
DA:160,2
DA:163,5
DA:170,8
DA:171,2
DA:176,6
DA:177,0
DA:182,6
DA:189,5
DA:190,2
DA:195,3
DA:202,0
DA:203,0
DA:208,0
DA:215,8
DA:216,3
DA:221,5
DA:228,0
DA:229,0
DA:232,0
DA:233,0
DA:234,0
DA:237,0
DA:238,0
DA:239,0
DA:240,0
DA:245,0
DA:252,0
DA:253,0
DA:256,0
DA:257,0
DA:258,0
DA:261,0
DA:262,0
DA:263,0
DA:268,0
DA:275,0
DA:276,0
DA:279,0
DA:280,0
DA:281,0
DA:284,0
DA:285,0
DA:286,0
DA:291,0
DA:298,0
DA:299,0
DA:301,0
DA:302,0
DA:303,0
DA:308,0
DA:315,0
DA:317,0
DA:318,0
DA:320,0
DA:321,0
DA:323,0
DA:324,0
DA:326,0
DA:327,0
DA:329,0
DA:330,0
DA:332,0
DA:333,0
DA:335,0
DA:336,0
DA:338,0
DA:339,0
DA:341,0
DA:342,0
DA:344,0
DA:354,0
DA:355,0
LF:111
LH:49
BRDA:41,0,0,2
BRDA:41,0,1,6
BRDA:41,1,0,8
BRDA:41,1,1,6
BRDA:47,2,0,0
BRDA:47,2,1,6
BRDA:53,3,0,0
BRDA:53,3,1,6
BRDA:78,4,0,3
BRDA:78,4,1,5
BRDA:79,5,0,3
BRDA:79,5,1,0
BRDA:80,6,0,1
BRDA:80,6,1,2
BRDA:82,7,0,3
BRDA:82,7,1,0
BRDA:83,8,0,1
BRDA:83,8,1,2
BRDA:91,9,0,3
BRDA:91,9,1,2
BRDA:93,10,0,1
BRDA:93,10,1,2
BRDA:93,11,0,3
BRDA:93,11,1,2
BRDA:95,12,0,2
BRDA:95,12,1,0
BRDA:98,13,0,1
BRDA:98,13,1,2
BRDA:129,14,0,5
BRDA:129,14,1,0
BRDA:130,15,0,1
BRDA:130,15,1,4
BRDA:134,16,0,5
BRDA:134,16,1,0
BRDA:135,17,0,1
BRDA:135,17,1,4
BRDA:139,18,0,5
BRDA:139,18,1,0
BRDA:140,19,0,2
BRDA:140,19,1,3
BRDA:146,20,0,0
BRDA:146,20,1,5
BRDA:146,21,0,5
BRDA:146,21,1,3
BRDA:148,22,0,5
BRDA:148,22,1,0
BRDA:152,23,0,2
BRDA:152,23,1,3
BRDA:156,24,0,5
BRDA:156,24,1,0
BRDA:157,25,0,5
BRDA:157,25,1,2
BRDA:158,26,0,5
BRDA:158,26,1,3
BRDA:159,27,0,2
BRDA:159,27,1,3
BRDA:170,28,0,2
BRDA:170,28,1,6
BRDA:170,29,0,8
BRDA:170,29,1,6
BRDA:176,30,0,0
BRDA:176,30,1,6
BRDA:189,31,0,2
BRDA:189,31,1,3
BRDA:189,32,0,5
BRDA:189,32,1,5
BRDA:202,33,0,0
BRDA:202,33,1,0
BRDA:202,34,0,0
BRDA:202,34,1,0
BRDA:215,35,0,3
BRDA:215,35,1,5
BRDA:215,36,0,8
BRDA:215,36,1,8
BRDA:228,37,0,0
BRDA:228,37,1,0
BRDA:228,38,0,0
BRDA:228,38,1,0
BRDA:232,39,0,0
BRDA:232,39,1,0
BRDA:232,40,0,0
BRDA:232,40,1,0
BRDA:233,41,0,0
BRDA:233,41,1,0
BRDA:239,42,0,0
BRDA:239,42,1,0
BRDA:239,43,0,0
BRDA:239,43,1,0
BRDA:239,43,2,0
BRDA:252,44,0,0
BRDA:252,44,1,0
BRDA:252,45,0,0
BRDA:252,45,1,0
BRDA:256,46,0,0
BRDA:256,46,1,0
BRDA:256,47,0,0
BRDA:256,47,1,0
BRDA:257,48,0,0
BRDA:257,48,1,0
BRDA:262,49,0,0
BRDA:262,49,1,0
BRDA:262,50,0,0
BRDA:262,50,1,0
BRDA:262,50,2,0
BRDA:275,51,0,0
BRDA:275,51,1,0
BRDA:275,52,0,0
BRDA:275,52,1,0
BRDA:279,53,0,0
BRDA:279,53,1,0
BRDA:279,54,0,0
BRDA:279,54,1,0
BRDA:280,55,0,0
BRDA:280,55,1,0
BRDA:285,56,0,0
BRDA:285,56,1,0
BRDA:285,57,0,0
BRDA:285,57,1,0
BRDA:285,57,2,0
BRDA:298,58,0,0
BRDA:298,58,1,0
BRDA:298,59,0,0
BRDA:298,59,1,0
BRDA:302,60,0,0
BRDA:302,60,1,0
BRDA:318,61,0,0
BRDA:318,61,1,0
BRDA:321,62,0,0
BRDA:321,62,1,0
BRDA:324,63,0,0
BRDA:324,63,1,0
BRDA:327,64,0,0
BRDA:327,64,1,0
BRDA:330,65,0,0
BRDA:330,65,1,0
BRDA:333,66,0,0
BRDA:333,66,1,0
BRDA:336,67,0,0
BRDA:336,67,1,0
BRDA:339,68,0,0
BRDA:339,68,1,0
BRDA:342,69,0,0
BRDA:342,69,1,0
BRDA:355,70,0,0
BRDA:355,70,1,0
BRF:145
BRH:58
end_of_record
TN:
SF:utils/imageOptimization.ts
FN:23,optimizeImageUrl
FN:80,checkWebPSupport
FN:113,getOptimalImageSize
FN:148,generateSrcSet
FN:155,(anonymous_4)
FN:171,getResponsiveSizes
FN:188,(anonymous_6)
FN:194,buildVersionedImageUrl
FNF:8
FNH:3
FNDA:9,optimizeImageUrl
FNDA:0,checkWebPSupport
FNDA:9,getOptimalImageSize
FNDA:0,generateSrcSet
FNDA:0,(anonymous_4)
FNDA:0,getResponsiveSizes
FNDA:0,(anonymous_6)
FNDA:9,buildVersionedImageUrl
DA:27,9
DA:36,9
DA:38,9
DA:39,9
DA:44,9
DA:45,9
DA:47,9
DA:48,1
DA:50,9
DA:51,9
DA:53,9
DA:54,9
DA:56,9
DA:57,9
DA:61,9
DA:63,0
DA:64,0
DA:65,0
DA:69,9
DA:72,0
DA:73,0
DA:81,0
DA:82,0
DA:86,0
DA:87,0
DA:90,0
DA:91,0
DA:92,0
DA:93,0
DA:95,0
DA:96,0
DA:97,0
DA:98,0
DA:100,0
DA:101,0
DA:102,0
DA:118,9
DA:119,9
DA:121,9
DA:122,1
DA:128,8
DA:129,8
DA:136,0
DA:152,0
DA:154,0
DA:156,0
DA:161,0
DA:165,0
DA:172,0
DA:175,0
DA:177,0
DA:178,0
DA:179,0
DA:184,0
DA:185,0
DA:188,0
DA:199,9
DA:201,9
DA:202,9
DA:205,9
DA:206,0
DA:207,0
DA:208,0
DA:210,9
DA:211,9
DA:214,9
DA:217,0
DA:218,0
DA:219,0
DA:220,0
DA:221,0
DA:224,0
DA:225,0
DA:227,0
LF:74
LH:29
BRDA:25,0,0,0
BRDA:27,1,0,0
BRDA:27,1,1,9
BRDA:32,2,0,0
BRDA:33,3,0,0
BRDA:34,4,0,9
BRDA:34,5,0,9
BRDA:34,5,1,0
BRDA:34,6,0,9
BRDA:34,6,1,9
BRDA:35,7,0,0
BRDA:39,8,0,0
BRDA:39,8,1,9
BRDA:44,9,0,9
BRDA:44,9,1,0
BRDA:47,10,0,1
BRDA:47,10,1,8
BRDA:50,11,0,9
BRDA:50,11,1,0
BRDA:50,12,0,9
BRDA:50,12,1,9
BRDA:53,13,0,9
BRDA:53,13,1,0
BRDA:53,14,0,9
BRDA:53,14,1,9
BRDA:56,15,0,9
BRDA:56,15,1,0
BRDA:61,16,0,0
BRDA:61,16,1,9
BRDA:61,17,0,9
BRDA:61,17,1,0
BRDA:64,18,0,0
BRDA:64,18,1,0
BRDA:64,19,0,0
BRDA:64,19,1,0
BRDA:81,20,0,0
BRDA:81,20,1,0
BRDA:81,21,0,0
BRDA:81,21,1,0
BRDA:86,22,0,0
BRDA:86,22,1,0
BRDA:118,23,0,9
BRDA:118,23,1,0
BRDA:118,24,0,9
BRDA:118,24,1,9
BRDA:121,25,0,1
BRDA:121,25,1,8
BRDA:121,26,0,9
BRDA:121,26,1,9
BRDA:128,27,0,8
BRDA:128,27,1,0
BRDA:152,28,0,0
BRDA:152,28,1,0
BRDA:165,29,0,0
BRDA:165,29,1,0
BRDA:171,30,0,0
BRDA:178,31,0,0
BRDA:178,31,1,0
BRDA:184,32,0,0
BRDA:184,32,1,0
BRDA:184,33,0,0
BRDA:184,33,1,0
BRDA:199,34,0,0
BRDA:199,34,1,9
BRDA:202,35,0,0
BRDA:202,35,1,9
BRDA:205,36,0,0
BRDA:205,36,1,9
BRDA:207,37,0,0
BRDA:207,37,1,0
BRDA:207,38,0,0
BRDA:207,38,1,0
BRDA:210,39,0,9
BRDA:210,39,1,0
BRDA:217,40,0,0
BRDA:217,40,1,0
BRDA:218,41,0,0
BRDA:218,41,1,0
BRDA:220,42,0,0
BRDA:220,42,1,0
BRDA:220,43,0,0
BRDA:220,43,1,0
BRDA:224,44,0,0
BRDA:224,44,1,0
BRF:84
BRH:30
end_of_record
TN:
SF:utils/validation.ts
FN:107,(anonymous_0)
FN:131,(anonymous_1)
FN:160,(anonymous_2)
FN:172,(anonymous_3)
FN:185,(anonymous_4)
FNF:5
FNH:0
FNDA:0,(anonymous_0)
FNDA:0,(anonymous_1)
FNDA:0,(anonymous_2)
FNDA:0,(anonymous_3)
FNDA:0,(anonymous_4)
DA:9,1
DA:38,1
DA:53,1
DA:63,1
DA:81,1
DA:108,0
DA:109,0
DA:110,0
DA:111,0
DA:132,0
DA:133,0
DA:140,1
DA:160,1
DA:161,0
DA:162,0
DA:163,0
DA:165,0
DA:172,1
DA:173,0
DA:174,0
DA:175,0
DA:177,0
DA:185,1
DA:186,0
DA:187,0
DA:190,0
DA:191,0
DA:194,0
DA:195,0
DA:198,0
DA:199,0
DA:202,0
DA:203,0
DA:206,0
LF:34
LH:9
BRDA:108,0,0,0
BRDA:108,0,1,0
BRDA:111,1,0,0
BRDA:111,1,1,0
BRDA:132,2,0,0
BRDA:132,2,1,0
BRDA:186,3,0,0
BRDA:186,3,1,0
BRDA:186,4,0,0
BRDA:186,4,1,0
BRDA:190,5,0,0
BRDA:190,5,1,0
BRDA:194,6,0,0
BRDA:194,6,1,0
BRDA:198,7,0,0
BRDA:198,7,1,0
BRDA:202,8,0,0
BRDA:202,8,1,0
BRF:18
BRH:0
end_of_record
